<?xml version="1.0" encoding="UTF-8" standalone="yes"?><!DOCTYPE report PUBLIC "-//JACOCO//DTD Report 1.1//EN" "report.dtd"><report name="colab-tests"><sessioninfo id="runnervm0kj6c-3cce1d25" start="1772814358520" dump="1772814572298"/><group name="colab-webapp"/><group name="colab-client"><package name="ch/colabproject/colab/client"><class name="ch/colabproject/colab/client/ColabClient$TeamRestEndpointClientImpl$3" sourcefilename="ColabClient.java"><method name="&lt;init&gt;" desc="(Lch/colabproject/colab/client/ColabClient$TeamRestEndpointClientImpl;)V" line="567"><counter type="INSTRUCTION" missed="6" covered="0"/><counter type="LINE" missed="1" covered="0"/><counter type="COMPLEXITY" missed="1" covered="0"/><counter type="METHOD" missed="1" covered="0"/></method><counter type="INSTRUCTION" missed="6" covered="0"/><counter type="LINE" missed="1" covered="0"/><counter type="COMPLEXITY" missed="1" covered="0"/><counter type="METHOD" missed="1" covered="0"/><counter type="CLASS" missed="1" covered="0"/></class><class name="ch/colabproject/colab/client/ColabClient$TeamRestEndpointClientImpl$2" sourcefilename="ColabClient.java"><method name="&lt;init&gt;" desc="(Lch/colabproject/colab/client/ColabClient$TeamRestEndpointClientImpl;)V" line="551"><counter type="INSTRUCTION" missed="6" covered="0"/><counter type="LINE" missed="1" covered="0"/><counter type="COMPLEXITY" missed="1" covered="0"/><counter type="METHOD" missed="1" covered="0"/></method><counter type="INSTRUCTION" missed="6" covered="0"/><counter type="LINE" missed="1" covered="0"/><counter type="COMPLEXITY" missed="1" covered="0"/><counter type="METHOD" missed="1" covered="0"/><counter type="CLASS" missed="1" covered="0"/></class><class name="ch/colabproject/colab/client/ColabClient$TeamRestEndpointClientImpl$4" sourcefilename="ColabClient.java"><method name="&lt;init&gt;" desc="(Lch/colabproject/colab/client/ColabClient$TeamRestEndpointClientImpl;)V" line="644"><counter type="INSTRUCTION" missed="0" covered="6"/><counter type="LINE" missed="0" covered="1"/><counter type="COMPLEXITY" missed="0" covered="1"/><counter type="METHOD" missed="0" covered="1"/></method><counter type="INSTRUCTION" missed="0" covered="6"/><counter type="LINE" missed="0" covered="1"/><counter type="COMPLEXITY" missed="0" covered="1"/><counter type="METHOD" missed="0" covered="1"/><counter type="CLASS" missed="0" covered="1"/></class><class name="ch/colabproject/colab/client/ColabClient$ChangeRestEndpointClientImpl" sourcefilename="ColabClient.java"><method name="&lt;init&gt;" desc="(Lch/colabproject/colab/client/ColabClient;)V" line="2285"><counter type="INSTRUCTION" missed="0" covered="6"/><counter type="LINE" missed="0" covered="1"/><counter type="COMPLEXITY" missed="0" covered="1"/><counter type="METHOD" missed="0" covered="1"/></method><method name="deletePendingChanges" desc="(Ljava/lang/Long;)V" line="2296"><counter type="INSTRUCTION" missed="32" covered="0"/><counter type="LINE" missed="4" covered="0"/><counter type="COMPLEXITY" missed="1" covered="0"/><counter type="METHOD" missed="1" covered="0"/></method><method name="getMonitoringData" desc="()Ljava/util/List;" line="2310"><counter type="INSTRUCTION" missed="16" covered="11"/><counter type="LINE" missed="1" covered="2"/><counter type="COMPLEXITY" missed="0" covered="1"/><counter type="METHOD" missed="0" covered="1"/></method><method name="patchBlock" desc="(Ljava/lang/Long;Lch/colabproject/colab/api/microchanges/model/Change;)V" line="2325"><counter type="INSTRUCTION" missed="33" covered="0"/><counter type="LINE" missed="4" covered="0"/><counter type="COMPLEXITY" missed="1" covered="0"/><counter type="METHOD" missed="1" covered="0"/></method><method name="getChanges" desc="(Ljava/lang/Long;)Ljava/util/List;" line="2341"><counter type="INSTRUCTION" missed="32" covered="0"/><counter type="LINE" missed="3" covered="0"/><counter type="COMPLEXITY" missed="1" covered="0"/><counter type="METHOD" missed="1" covered="0"/></method><counter type="INSTRUCTION" missed="113" covered="17"/><counter type="LINE" missed="12" covered="3"/><counter type="COMPLEXITY" missed="3" covered="2"/><counter type="METHOD" missed="3" covered="2"/><counter type="CLASS" missed="0" covered="1"/></class><class name="ch/colabproject/colab/client/ColabClient$CardRestEndpointClientImpl" sourcefilename="ColabClient.java"><method name="&lt;init&gt;" desc="(Lch/colabproject/colab/client/ColabClient;)V" line="1972"><counter type="INSTRUCTION" missed="0" covered="6"/><counter type="LINE" missed="0" covered="1"/><counter type="COMPLEXITY" missed="0" covered="1"/><counter type="METHOD" missed="0" covered="1"/></method><method name="getStickyNoteLinksAsSrc" desc="(Ljava/lang/Long;)Ljava/util/List;" line="1985"><counter type="INSTRUCTION" missed="0" covered="32"/><counter type="LINE" missed="0" covered="3"/><counter type="COMPLEXITY" missed="0" covered="1"/><counter type="METHOD" missed="0" covered="1"/></method><method name="getCard" desc="(Ljava/lang/Long;)Lch/colabproject/colab/api/model/card/Card;" line="2001"><counter type="INSTRUCTION" missed="0" covered="32"/><counter type="LINE" missed="0" covered="3"/><counter type="COMPLEXITY" missed="0" covered="1"/><counter type="METHOD" missed="0" covered="1"/></method><method name="createNewCardWithoutType" desc="(Ljava/lang/Long;)Lch/colabproject/colab/api/model/card/Card;" line="2017"><counter type="INSTRUCTION" missed="0" covered="32"/><counter type="LINE" missed="0" covered="3"/><counter type="COMPLEXITY" missed="0" covered="1"/><counter type="METHOD" missed="0" covered="1"/></method><method name="createNewCard" desc="(Ljava/lang/Long;Ljava/lang/Long;)Lch/colabproject/colab/api/model/card/Card;" line="2034"><counter type="INSTRUCTION" missed="0" covered="37"/><counter type="LINE" missed="0" covered="3"/><counter type="COMPLEXITY" missed="0" covered="1"/><counter type="METHOD" missed="0" covered="1"/></method><method name="updateCard" desc="(Lch/colabproject/colab/api/model/card/Card;)V" line="2051"><counter type="INSTRUCTION" missed="0" covered="28"/><counter type="LINE" missed="0" covered="4"/><counter type="COMPLEXITY" missed="0" covered="1"/><counter type="METHOD" missed="0" covered="1"/></method><method name="changeCardPosition" desc="(Ljava/lang/Long;Lch/colabproject/colab/api/controller/card/grid/GridPosition;)V" line="2068"><counter type="INSTRUCTION" missed="0" covered="33"/><counter type="LINE" missed="0" covered="4"/><counter type="COMPLEXITY" missed="0" covered="1"/><counter type="METHOD" missed="0" covered="1"/></method><method name="moveCard" desc="(Ljava/lang/Long;Ljava/lang/Long;)V" line="2086"><counter type="INSTRUCTION" missed="0" covered="37"/><counter type="LINE" missed="0" covered="4"/><counter type="COMPLEXITY" missed="0" covered="1"/><counter type="METHOD" missed="0" covered="1"/></method><method name="moveCardAbove" desc="(Ljava/lang/Long;)V" line="2102"><counter type="INSTRUCTION" missed="32" covered="0"/><counter type="LINE" missed="4" covered="0"/><counter type="COMPLEXITY" missed="1" covered="0"/><counter type="METHOD" missed="1" covered="0"/></method><method name="putCardInBin" desc="(Ljava/lang/Long;)V" line="2119"><counter type="INSTRUCTION" missed="32" covered="0"/><counter type="LINE" missed="4" covered="0"/><counter type="COMPLEXITY" missed="1" covered="0"/><counter type="METHOD" missed="1" covered="0"/></method><method name="restoreCardFromBin" desc="(Ljava/lang/Long;)V" line="2140"><counter type="INSTRUCTION" missed="32" covered="0"/><counter type="LINE" missed="4" covered="0"/><counter type="COMPLEXITY" missed="1" covered="0"/><counter type="METHOD" missed="1" covered="0"/></method><method name="markCardAsToDeleteForever" desc="(Ljava/lang/Long;)V" line="2158"><counter type="INSTRUCTION" missed="32" covered="0"/><counter type="LINE" missed="4" covered="0"/><counter type="COMPLEXITY" missed="1" covered="0"/><counter type="METHOD" missed="1" covered="0"/></method><method name="getContentVariantsOfCard" desc="(Ljava/lang/Long;)Ljava/util/List;" line="2174"><counter type="INSTRUCTION" missed="0" covered="32"/><counter type="LINE" missed="0" covered="3"/><counter type="COMPLEXITY" missed="0" covered="1"/><counter type="METHOD" missed="0" covered="1"/></method><method name="getStickyNoteLinksAsDest" desc="(Ljava/lang/Long;)Ljava/util/List;" line="2190"><counter type="INSTRUCTION" missed="0" covered="32"/><counter type="LINE" missed="0" covered="3"/><counter type="COMPLEXITY" missed="0" covered="1"/><counter type="METHOD" missed="0" covered="1"/></method><method name="getActivityFlowLinksAsPrevious" desc="(Ljava/lang/Long;)Ljava/util/List;" line="2206"><counter type="INSTRUCTION" missed="0" covered="32"/><counter type="LINE" missed="0" covered="3"/><counter type="COMPLEXITY" missed="0" covered="1"/><counter type="METHOD" missed="0" covered="1"/></method><method name="getActivityFlowLinksAsNext" desc="(Ljava/lang/Long;)Ljava/util/List;" line="2222"><counter type="INSTRUCTION" missed="0" covered="32"/><counter type="LINE" missed="0" covered="3"/><counter type="COMPLEXITY" missed="0" covered="1"/><counter type="METHOD" missed="0" covered="1"/></method><method name="getAssignments" desc="(Ljava/lang/Long;)Ljava/util/List;" line="2238"><counter type="INSTRUCTION" missed="32" covered="0"/><counter type="LINE" missed="3" covered="0"/><counter type="COMPLEXITY" missed="1" covered="0"/><counter type="METHOD" missed="1" covered="0"/></method><method name="createCardType" desc="(Ljava/lang/Long;)V" line="2250"><counter type="INSTRUCTION" missed="32" covered="0"/><counter type="LINE" missed="4" covered="0"/><counter type="COMPLEXITY" missed="1" covered="0"/><counter type="METHOD" missed="1" covered="0"/></method><method name="removeCardType" desc="(Ljava/lang/Long;)V" line="2266"><counter type="INSTRUCTION" missed="32" covered="0"/><counter type="LINE" missed="4" covered="0"/><counter type="COMPLEXITY" missed="1" covered="0"/><counter type="METHOD" missed="1" covered="0"/></method><counter type="INSTRUCTION" missed="224" covered="365"/><counter type="LINE" missed="27" covered="37"/><counter type="COMPLEXITY" missed="7" covered="12"/><counter type="METHOD" missed="7" covered="12"/><counter type="CLASS" missed="0" covered="1"/></class><class name="ch/colabproject/colab/client/ColabClient$CronJobLogRestEndpointClientImpl$1" sourcefilename="ColabClient.java"><method name="&lt;init&gt;" desc="(Lch/colabproject/colab/client/ColabClient$CronJobLogRestEndpointClientImpl;)V" line="3288"><counter type="INSTRUCTION" missed="0" covered="6"/><counter type="LINE" missed="0" covered="1"/><counter type="COMPLEXITY" missed="0" covered="1"/><counter type="METHOD" missed="0" covered="1"/></method><counter type="INSTRUCTION" missed="0" covered="6"/><counter type="LINE" missed="0" covered="1"/><counter type="COMPLEXITY" missed="0" covered="1"/><counter type="METHOD" missed="0" covered="1"/><counter type="CLASS" missed="0" covered="1"/></class><class name="ch/colabproject/colab/client/ColabClient$ResourceRestEndpointClientImpl" sourcefilename="ColabClient.java"><method name="&lt;init&gt;" desc="(Lch/colabproject/colab/client/ColabClient;)V" line="855"><counter type="INSTRUCTION" missed="0" covered="6"/><counter type="LINE" missed="0" covered="1"/><counter type="COMPLEXITY" missed="0" covered="1"/><counter type="METHOD" missed="0" covered="1"/></method><method name="assertReadWrite" desc="(Ljava/lang/Long;)V" line="867"><counter type="INSTRUCTION" missed="32" covered="0"/><counter type="LINE" missed="4" covered="0"/><counter type="COMPLEXITY" missed="1" covered="0"/><counter type="METHOD" missed="1" covered="0"/></method><method name="getResourceChainForCardContent" desc="(Ljava/lang/Long;)Ljava/util/List;" line="884"><counter type="INSTRUCTION" missed="0" covered="32"/><counter type="LINE" missed="0" covered="3"/><counter type="COMPLEXITY" missed="0" covered="1"/><counter type="METHOD" missed="0" covered="1"/></method><method name="getDirectAbstractResourcesOfProject" desc="(Ljava/lang/Long;)Ljava/util/List;" line="902"><counter type="INSTRUCTION" missed="0" covered="32"/><counter type="LINE" missed="0" covered="3"/><counter type="COMPLEXITY" missed="0" covered="1"/><counter type="METHOD" missed="0" covered="1"/></method><method name="getResourceExternalReferences" desc="(Ljava/lang/Long;)Ljava/util/List;" line="919"><counter type="INSTRUCTION" missed="32" covered="0"/><counter type="LINE" missed="3" covered="0"/><counter type="COMPLEXITY" missed="1" covered="0"/><counter type="METHOD" missed="1" covered="0"/></method><method name="updateResource" desc="(Lch/colabproject/colab/api/model/document/Resource;)V" line="935"><counter type="INSTRUCTION" missed="0" covered="28"/><counter type="LINE" missed="0" covered="4"/><counter type="COMPLEXITY" missed="0" covered="1"/><counter type="METHOD" missed="0" covered="1"/></method><method name="updateResourceRef" desc="(Lch/colabproject/colab/api/model/document/ResourceRef;)V" line="951"><counter type="INSTRUCTION" missed="0" covered="28"/><counter type="LINE" missed="0" covered="4"/><counter type="COMPLEXITY" missed="0" covered="1"/><counter type="METHOD" missed="0" covered="1"/></method><method name="changeResourceLexicalConversionStatus" desc="(Ljava/lang/Long;Lch/colabproject/colab/api/model/common/ConversionStatus;)V" line="966"><counter type="INSTRUCTION" missed="33" covered="0"/><counter type="LINE" missed="4" covered="0"/><counter type="COMPLEXITY" missed="1" covered="0"/><counter type="METHOD" missed="1" covered="0"/></method><method name="damr1" desc="(Ljava/lang/Long;Ljava/lang/String;Ljava/lang/Long;)Ljava/lang/Long;" line="984"><counter type="INSTRUCTION" missed="42" covered="0"/><counter type="LINE" missed="3" covered="0"/><counter type="COMPLEXITY" missed="1" covered="0"/><counter type="METHOD" missed="1" covered="0"/></method><method name="getResourceChainForAbstractCardType" desc="(Ljava/lang/Long;)Ljava/util/List;" line="1002"><counter type="INSTRUCTION" missed="0" covered="32"/><counter type="LINE" missed="0" covered="3"/><counter type="COMPLEXITY" missed="0" covered="1"/><counter type="METHOD" missed="0" covered="1"/></method><method name="getAbstractResource" desc="(Ljava/lang/Long;)Lch/colabproject/colab/api/model/document/AbstractResource;" line="1018"><counter type="INSTRUCTION" missed="0" covered="32"/><counter type="LINE" missed="0" covered="3"/><counter type="COMPLEXITY" missed="0" covered="1"/><counter type="METHOD" missed="0" covered="1"/></method><method name="getResourceChainForCard" desc="(Ljava/lang/Long;)Ljava/util/List;" line="1035"><counter type="INSTRUCTION" missed="0" covered="32"/><counter type="LINE" missed="0" covered="3"/><counter type="COMPLEXITY" missed="0" covered="1"/><counter type="METHOD" missed="0" covered="1"/></method><method name="discardResourceOrRef" desc="(Ljava/lang/Long;)V" line="1051"><counter type="INSTRUCTION" missed="0" covered="28"/><counter type="LINE" missed="0" covered="4"/><counter type="COMPLEXITY" missed="0" covered="1"/><counter type="METHOD" missed="0" covered="1"/></method><method name="restoreResourceOrRef" desc="(Ljava/lang/Long;)V" line="1067"><counter type="INSTRUCTION" missed="0" covered="28"/><counter type="LINE" missed="0" covered="4"/><counter type="COMPLEXITY" missed="0" covered="1"/><counter type="METHOD" missed="0" covered="1"/></method><method name="publishResource" desc="(Ljava/lang/Long;)V" line="1081"><counter type="INSTRUCTION" missed="0" covered="28"/><counter type="LINE" missed="0" covered="4"/><counter type="COMPLEXITY" missed="0" covered="1"/><counter type="METHOD" missed="0" covered="1"/></method><method name="unpublishResource" desc="(Ljava/lang/Long;)V" line="1095"><counter type="INSTRUCTION" missed="0" covered="28"/><counter type="LINE" missed="0" covered="4"/><counter type="COMPLEXITY" missed="0" covered="1"/><counter type="METHOD" missed="0" covered="1"/></method><method name="moveResource" desc="(Ljava/lang/Long;Ljava/lang/String;Ljava/lang/Long;Ljava/lang/Boolean;)V" line="1112"><counter type="INSTRUCTION" missed="47" covered="0"/><counter type="LINE" missed="4" covered="0"/><counter type="COMPLEXITY" missed="1" covered="0"/><counter type="METHOD" missed="1" covered="0"/></method><method name="addDocumentAtBeginning" desc="(Ljava/lang/Long;Lch/colabproject/colab/api/model/document/Document;)Lch/colabproject/colab/api/model/document/Document;" line="1129"><counter type="INSTRUCTION" missed="33" covered="0"/><counter type="LINE" missed="3" covered="0"/><counter type="COMPLEXITY" missed="1" covered="0"/><counter type="METHOD" missed="1" covered="0"/></method><method name="addDocumentAtEnd" desc="(Ljava/lang/Long;Lch/colabproject/colab/api/model/document/Document;)Lch/colabproject/colab/api/model/document/Document;" line="1146"><counter type="INSTRUCTION" missed="0" covered="33"/><counter type="LINE" missed="0" covered="3"/><counter type="COMPLEXITY" missed="0" covered="1"/><counter type="METHOD" missed="0" covered="1"/></method><method name="addDocumentBefore" desc="(Ljava/lang/Long;Ljava/lang/Long;Lch/colabproject/colab/api/model/document/Document;)Lch/colabproject/colab/api/model/document/Document;" line="1164"><counter type="INSTRUCTION" missed="38" covered="0"/><counter type="LINE" missed="3" covered="0"/><counter type="COMPLEXITY" missed="1" covered="0"/><counter type="METHOD" missed="1" covered="0"/></method><method name="addDocumentAfter" desc="(Ljava/lang/Long;Ljava/lang/Long;Lch/colabproject/colab/api/model/document/Document;)Lch/colabproject/colab/api/model/document/Document;" line="1182"><counter type="INSTRUCTION" missed="38" covered="0"/><counter type="LINE" missed="3" covered="0"/><counter type="COMPLEXITY" missed="1" covered="0"/><counter type="METHOD" missed="1" covered="0"/></method><method name="removeDocument" desc="(Ljava/lang/Long;Ljava/lang/Long;)V" line="1197"><counter type="INSTRUCTION" missed="0" covered="33"/><counter type="LINE" missed="0" covered="4"/><counter type="COMPLEXITY" missed="0" covered="1"/><counter type="METHOD" missed="0" covered="1"/></method><method name="deleteResource" desc="(Ljava/lang/Long;)V" line="1211"><counter type="INSTRUCTION" missed="0" covered="32"/><counter type="LINE" missed="0" covered="4"/><counter type="COMPLEXITY" missed="0" covered="1"/><counter type="METHOD" missed="0" covered="1"/></method><method name="changeCategory" desc="(Ljava/lang/Long;Ljava/lang/String;)V" line="1227"><counter type="INSTRUCTION" missed="0" covered="37"/><counter type="LINE" missed="0" covered="4"/><counter type="COMPLEXITY" missed="0" covered="1"/><counter type="METHOD" missed="0" covered="1"/></method><method name="changeCategoryForList" desc="(Ljava/lang/String;Ljava/util/List;)V" line="1243"><counter type="INSTRUCTION" missed="0" covered="33"/><counter type="LINE" missed="0" covered="4"/><counter type="COMPLEXITY" missed="0" covered="1"/><counter type="METHOD" missed="0" covered="1"/></method><method name="removeCategory" desc="(Ljava/lang/Long;)V" line="1257"><counter type="INSTRUCTION" missed="0" covered="32"/><counter type="LINE" missed="0" covered="4"/><counter type="COMPLEXITY" missed="0" covered="1"/><counter type="METHOD" missed="0" covered="1"/></method><method name="removeCategoryForList" desc="(Ljava/util/List;)V" line="1271"><counter type="INSTRUCTION" missed="0" covered="28"/><counter type="LINE" missed="0" covered="4"/><counter type="COMPLEXITY" missed="0" covered="1"/><counter type="METHOD" missed="0" covered="1"/></method><method name="renameCategoryForCardType" desc="(Ljava/lang/Long;Ljava/lang/String;Ljava/lang/String;)V" line="1287"><counter type="INSTRUCTION" missed="0" covered="42"/><counter type="LINE" missed="0" covered="4"/><counter type="COMPLEXITY" missed="0" covered="1"/><counter type="METHOD" missed="0" covered="1"/></method><method name="renameCategoryForCard" desc="(Ljava/lang/Long;Ljava/lang/String;Ljava/lang/String;)V" line="1303"><counter type="INSTRUCTION" missed="0" covered="42"/><counter type="LINE" missed="0" covered="4"/><counter type="COMPLEXITY" missed="0" covered="1"/><counter type="METHOD" missed="0" covered="1"/></method><method name="renameCategoryForCardContent" desc="(Ljava/lang/Long;Ljava/lang/String;Ljava/lang/String;)V" line="1319"><counter type="INSTRUCTION" missed="0" covered="42"/><counter type="LINE" missed="0" covered="4"/><counter type="COMPLEXITY" missed="0" covered="1"/><counter type="METHOD" missed="0" covered="1"/></method><method name="getDocumentsOfResource" desc="(Ljava/lang/Long;)Ljava/util/List;" line="1335"><counter type="INSTRUCTION" missed="0" covered="32"/><counter type="LINE" missed="0" covered="3"/><counter type="COMPLEXITY" missed="0" covered="1"/><counter type="METHOD" missed="0" covered="1"/></method><method name="getStickyNoteLinksAsSrc" desc="(Ljava/lang/Long;)Ljava/util/List;" line="1351"><counter type="INSTRUCTION" missed="0" covered="32"/><counter type="LINE" missed="0" covered="3"/><counter type="COMPLEXITY" missed="0" covered="1"/><counter type="METHOD" missed="0" covered="1"/></method><method name="createResource" desc="(Lch/colabproject/colab/api/rest/document/bean/ResourceCreationData;)Ljava/lang/Long;" line="1367"><counter type="INSTRUCTION" missed="0" covered="28"/><counter type="LINE" missed="0" covered="3"/><counter type="COMPLEXITY" missed="0" covered="1"/><counter type="METHOD" missed="0" covered="1"/></method><counter type="INSTRUCTION" missed="295" covered="780"/><counter type="LINE" missed="27" covered="88"/><counter type="COMPLEXITY" missed="8" covered="25"/><counter type="METHOD" missed="8" covered="25"/><counter type="CLASS" missed="0" covered="1"/></class><class name="ch/colabproject/colab/client/ColabClient$PresenceRestEndpointClientImpl" sourcefilename="ColabClient.java"><method name="&lt;init&gt;" desc="(Lch/colabproject/colab/client/ColabClient;)V" line="1681"><counter type="INSTRUCTION" missed="0" covered="6"/><counter type="LINE" missed="0" covered="1"/><counter type="COMPLEXITY" missed="0" covered="1"/><counter type="METHOD" missed="0" covered="1"/></method><method name="getProjectPresence" desc="(Ljava/lang/Long;)Ljava/util/Collection;" line="1694"><counter type="INSTRUCTION" missed="32" covered="0"/><counter type="LINE" missed="3" covered="0"/><counter type="COMPLEXITY" missed="1" covered="0"/><counter type="METHOD" missed="1" covered="0"/></method><method name="updateUserPresence" desc="(Lch/colabproject/colab/api/presence/model/TouchUserPresence;)V" line="1708"><counter type="INSTRUCTION" missed="28" covered="0"/><counter type="LINE" missed="4" covered="0"/><counter type="COMPLEXITY" missed="1" covered="0"/><counter type="METHOD" missed="1" covered="0"/></method><method name="clearProjectPresenceList" desc="(Ljava/lang/Long;)V" line="1722"><counter type="INSTRUCTION" missed="32" covered="0"/><counter type="LINE" missed="4" covered="0"/><counter type="COMPLEXITY" missed="1" covered="0"/><counter type="METHOD" missed="1" covered="0"/></method><method name="clearAllPresenceList" desc="()V" line="1734"><counter type="INSTRUCTION" missed="16" covered="11"/><counter type="LINE" missed="2" covered="2"/><counter type="COMPLEXITY" missed="0" covered="1"/><counter type="METHOD" missed="0" covered="1"/></method><counter type="INSTRUCTION" missed="108" covered="17"/><counter type="LINE" missed="13" covered="3"/><counter type="COMPLEXITY" missed="3" covered="2"/><counter type="METHOD" missed="3" covered="2"/><counter type="CLASS" missed="0" covered="1"/></class><class name="ch/colabproject/colab/client/ColabClient$DocumentRestEndpointClientImpl" sourcefilename="ColabClient.java"><method name="&lt;init&gt;" desc="(Lch/colabproject/colab/client/ColabClient;)V" line="3413"><counter type="INSTRUCTION" missed="0" covered="6"/><counter type="LINE" missed="0" covered="1"/><counter type="COMPLEXITY" missed="0" covered="1"/><counter type="METHOD" missed="0" covered="1"/></method><method name="getStickyNoteLinksAsSrc" desc="(Ljava/lang/Long;)Ljava/util/List;" line="3426"><counter type="INSTRUCTION" missed="0" covered="32"/><counter type="LINE" missed="0" covered="3"/><counter type="COMPLEXITY" missed="0" covered="1"/><counter type="METHOD" missed="0" covered="1"/></method><method name="updateDocument" desc="(Lch/colabproject/colab/api/model/document/Document;)V" line="3443"><counter type="INSTRUCTION" missed="0" covered="28"/><counter type="LINE" missed="0" covered="4"/><counter type="COMPLEXITY" missed="0" covered="1"/><counter type="METHOD" missed="0" covered="1"/></method><method name="moveDocumentUp" desc="(Ljava/lang/Long;)V" line="3457"><counter type="INSTRUCTION" missed="32" covered="0"/><counter type="LINE" missed="4" covered="0"/><counter type="COMPLEXITY" missed="1" covered="0"/><counter type="METHOD" missed="1" covered="0"/></method><method name="moveDocumentDown" desc="(Ljava/lang/Long;)V" line="3471"><counter type="INSTRUCTION" missed="32" covered="0"/><counter type="LINE" missed="4" covered="0"/><counter type="COMPLEXITY" missed="1" covered="0"/><counter type="METHOD" missed="1" covered="0"/></method><method name="moveDocumentAbove" desc="(Ljava/lang/Long;Ljava/lang/Long;)V" line="3486"><counter type="INSTRUCTION" missed="37" covered="0"/><counter type="LINE" missed="4" covered="0"/><counter type="COMPLEXITY" missed="1" covered="0"/><counter type="METHOD" missed="1" covered="0"/></method><method name="moveDocumentBelow" desc="(Ljava/lang/Long;Ljava/lang/Long;)V" line="3501"><counter type="INSTRUCTION" missed="37" covered="0"/><counter type="LINE" missed="4" covered="0"/><counter type="COMPLEXITY" missed="1" covered="0"/><counter type="METHOD" missed="1" covered="0"/></method><method name="moveDocumentToTop" desc="(Ljava/lang/Long;)V" line="3515"><counter type="INSTRUCTION" missed="32" covered="0"/><counter type="LINE" missed="4" covered="0"/><counter type="COMPLEXITY" missed="1" covered="0"/><counter type="METHOD" missed="1" covered="0"/></method><method name="moveDocumentToBottom" desc="(Ljava/lang/Long;)V" line="3529"><counter type="INSTRUCTION" missed="32" covered="0"/><counter type="LINE" missed="4" covered="0"/><counter type="COMPLEXITY" missed="1" covered="0"/><counter type="METHOD" missed="1" covered="0"/></method><method name="getDocument" desc="(Ljava/lang/Long;)Lch/colabproject/colab/api/model/document/Document;" line="3545"><counter type="INSTRUCTION" missed="0" covered="32"/><counter type="LINE" missed="0" covered="3"/><counter type="COMPLEXITY" missed="0" covered="1"/><counter type="METHOD" missed="0" covered="1"/></method><counter type="INSTRUCTION" missed="202" covered="98"/><counter type="LINE" missed="24" covered="11"/><counter type="COMPLEXITY" missed="6" covered="4"/><counter type="METHOD" missed="6" covered="4"/><counter type="CLASS" missed="0" covered="1"/></class><class name="ch/colabproject/colab/client/ColabClient$CardContentRestEndpointClientImpl" sourcefilename="ColabClient.java"><method name="&lt;init&gt;" desc="(Lch/colabproject/colab/client/ColabClient;)V" line="1386"><counter type="INSTRUCTION" missed="0" covered="6"/><counter type="LINE" missed="0" covered="1"/><counter type="COMPLEXITY" missed="0" covered="1"/><counter type="METHOD" missed="0" covered="1"/></method><method name="assertReadWrite" desc="(Ljava/lang/Long;)V" line="1398"><counter type="INSTRUCTION" missed="32" covered="0"/><counter type="LINE" missed="4" covered="0"/><counter type="COMPLEXITY" missed="1" covered="0"/><counter type="METHOD" missed="1" covered="0"/></method><method name="getStickyNoteLinksAsSrc" desc="(Ljava/lang/Long;)Ljava/util/List;" line="1414"><counter type="INSTRUCTION" missed="0" covered="32"/><counter type="LINE" missed="0" covered="3"/><counter type="COMPLEXITY" missed="0" covered="1"/><counter type="METHOD" missed="0" covered="1"/></method><method name="addDeliverableAfter" desc="(Ljava/lang/Long;Ljava/lang/Long;Lch/colabproject/colab/api/model/document/Document;)Lch/colabproject/colab/api/model/document/Document;" line="1432"><counter type="INSTRUCTION" missed="38" covered="0"/><counter type="LINE" missed="3" covered="0"/><counter type="COMPLEXITY" missed="1" covered="0"/><counter type="METHOD" missed="1" covered="0"/></method><method name="removeDeliverable" desc="(Ljava/lang/Long;Ljava/lang/Long;)V" line="1447"><counter type="INSTRUCTION" missed="33" covered="0"/><counter type="LINE" missed="4" covered="0"/><counter type="COMPLEXITY" missed="1" covered="0"/><counter type="METHOD" missed="1" covered="0"/></method><method name="getSubCards" desc="(Ljava/lang/Long;)Ljava/util/List;" line="1463"><counter type="INSTRUCTION" missed="0" covered="32"/><counter type="LINE" missed="0" covered="3"/><counter type="COMPLEXITY" missed="0" covered="1"/><counter type="METHOD" missed="0" covered="1"/></method><method name="getDeliverablesOfCardContent" desc="(Ljava/lang/Long;)Ljava/util/List;" line="1479"><counter type="INSTRUCTION" missed="32" covered="0"/><counter type="LINE" missed="3" covered="0"/><counter type="COMPLEXITY" missed="1" covered="0"/><counter type="METHOD" missed="1" covered="0"/></method><method name="getCardContent" desc="(Ljava/lang/Long;)Lch/colabproject/colab/api/model/card/CardContent;" line="1495"><counter type="INSTRUCTION" missed="0" covered="32"/><counter type="LINE" missed="0" covered="3"/><counter type="COMPLEXITY" missed="0" covered="1"/><counter type="METHOD" missed="0" covered="1"/></method><method name="createNewCardContent" desc="(Ljava/lang/Long;)Lch/colabproject/colab/api/model/card/CardContent;" line="1511"><counter type="INSTRUCTION" missed="0" covered="32"/><counter type="LINE" missed="0" covered="3"/><counter type="COMPLEXITY" missed="0" covered="1"/><counter type="METHOD" missed="0" covered="1"/></method><method name="updateCardContent" desc="(Lch/colabproject/colab/api/model/card/CardContent;)V" line="1527"><counter type="INSTRUCTION" missed="0" covered="28"/><counter type="LINE" missed="0" covered="4"/><counter type="COMPLEXITY" missed="0" covered="1"/><counter type="METHOD" missed="0" covered="1"/></method><method name="changeCardContentLexicalConversionStatus" desc="(Ljava/lang/Long;Lch/colabproject/colab/api/model/common/ConversionStatus;)V" line="1542"><counter type="INSTRUCTION" missed="33" covered="0"/><counter type="LINE" missed="4" covered="0"/><counter type="COMPLEXITY" missed="1" covered="0"/><counter type="METHOD" missed="1" covered="0"/></method><method name="putCardContentInBin" desc="(Ljava/lang/Long;)V" line="1559"><counter type="INSTRUCTION" missed="32" covered="0"/><counter type="LINE" missed="4" covered="0"/><counter type="COMPLEXITY" missed="1" covered="0"/><counter type="METHOD" missed="1" covered="0"/></method><method name="restoreCardContentFromBin" desc="(Ljava/lang/Long;)V" line="1578"><counter type="INSTRUCTION" missed="32" covered="0"/><counter type="LINE" missed="4" covered="0"/><counter type="COMPLEXITY" missed="1" covered="0"/><counter type="METHOD" missed="1" covered="0"/></method><method name="markCardContentAsToDeleteForever" desc="(Ljava/lang/Long;)V" line="1596"><counter type="INSTRUCTION" missed="32" covered="0"/><counter type="LINE" missed="4" covered="0"/><counter type="COMPLEXITY" missed="1" covered="0"/><counter type="METHOD" missed="1" covered="0"/></method><method name="deleteCardContent" desc="(Ljava/lang/Long;)V" line="1610"><counter type="INSTRUCTION" missed="0" covered="32"/><counter type="LINE" missed="0" covered="4"/><counter type="COMPLEXITY" missed="0" covered="1"/><counter type="METHOD" missed="0" covered="1"/></method><method name="addDeliverableAtBeginning" desc="(Ljava/lang/Long;Lch/colabproject/colab/api/model/document/Document;)Lch/colabproject/colab/api/model/document/Document;" line="1627"><counter type="INSTRUCTION" missed="33" covered="0"/><counter type="LINE" missed="3" covered="0"/><counter type="COMPLEXITY" missed="1" covered="0"/><counter type="METHOD" missed="1" covered="0"/></method><method name="addDeliverableAtEnd" desc="(Ljava/lang/Long;Lch/colabproject/colab/api/model/document/Document;)Lch/colabproject/colab/api/model/document/Document;" line="1644"><counter type="INSTRUCTION" missed="33" covered="0"/><counter type="LINE" missed="3" covered="0"/><counter type="COMPLEXITY" missed="1" covered="0"/><counter type="METHOD" missed="1" covered="0"/></method><method name="addDeliverableBefore" desc="(Ljava/lang/Long;Ljava/lang/Long;Lch/colabproject/colab/api/model/document/Document;)Lch/colabproject/colab/api/model/document/Document;" line="1662"><counter type="INSTRUCTION" missed="38" covered="0"/><counter type="LINE" missed="3" covered="0"/><counter type="COMPLEXITY" missed="1" covered="0"/><counter type="METHOD" missed="1" covered="0"/></method><counter type="INSTRUCTION" missed="368" covered="194"/><counter type="LINE" missed="39" covered="21"/><counter type="COMPLEXITY" missed="11" covered="7"/><counter type="METHOD" missed="11" covered="7"/><counter type="CLASS" missed="0" covered="1"/></class><class name="ch/colabproject/colab/client/ColabClient$DocumentFileRestEndPointClientImpl" sourcefilename="ColabClient.java"><method name="&lt;init&gt;" desc="(Lch/colabproject/colab/client/ColabClient;)V" line="772"><counter type="INSTRUCTION" missed="0" covered="6"/><counter type="LINE" missed="0" covered="1"/><counter type="COMPLEXITY" missed="0" covered="1"/><counter type="METHOD" missed="0" covered="1"/></method><method name="updateFile" desc="(Lch/colabproject/colab/generator/plugin/rest/FormField;Lch/colabproject/colab/generator/plugin/rest/FormField;Lch/colabproject/colab/generator/plugin/rest/FormField;)V" line="786"><counter type="INSTRUCTION" missed="0" covered="47"/><counter type="LINE" missed="0" covered="8"/><counter type="COMPLEXITY" missed="0" covered="1"/><counter type="METHOD" missed="0" covered="1"/></method><method name="getQuotaUsage" desc="(Ljava/lang/Long;)Ljava/util/List;" line="806"><counter type="INSTRUCTION" missed="0" covered="32"/><counter type="LINE" missed="0" covered="3"/><counter type="COMPLEXITY" missed="0" covered="1"/><counter type="METHOD" missed="0" covered="1"/></method><method name="getFileContent" desc="(Ljava/lang/Long;)Ljavax/ws/rs/core/Response;" line="822"><counter type="INSTRUCTION" missed="0" covered="32"/><counter type="LINE" missed="0" covered="3"/><counter type="COMPLEXITY" missed="0" covered="1"/><counter type="METHOD" missed="0" covered="1"/></method><method name="deleteFile" desc="(Ljava/lang/Long;)V" line="836"><counter type="INSTRUCTION" missed="0" covered="32"/><counter type="LINE" missed="0" covered="4"/><counter type="COMPLEXITY" missed="0" covered="1"/><counter type="METHOD" missed="0" covered="1"/></method><counter type="INSTRUCTION" missed="0" covered="149"/><counter type="LINE" missed="0" covered="19"/><counter type="COMPLEXITY" missed="0" covered="5"/><counter type="METHOD" missed="0" covered="5"/><counter type="CLASS" missed="0" covered="1"/></class><class name="ch/colabproject/colab/client/ColabClient$CardTypeRestEndpointClientImpl" sourcefilename="ColabClient.java"><method name="&lt;init&gt;" desc="(Lch/colabproject/colab/client/ColabClient;)V" line="2360"><counter type="INSTRUCTION" missed="0" covered="6"/><counter type="LINE" missed="0" covered="1"/><counter type="COMPLEXITY" missed="0" covered="1"/><counter type="METHOD" missed="0" covered="1"/></method><method name="createCardType" desc="(Lch/colabproject/colab/api/rest/card/bean/CardTypeCreationData;)Ljava/lang/Long;" line="2373"><counter type="INSTRUCTION" missed="0" covered="28"/><counter type="LINE" missed="0" covered="3"/><counter type="COMPLEXITY" missed="0" covered="1"/><counter type="METHOD" missed="0" covered="1"/></method><method name="getAllGlobalCardTypes" desc="()Ljava/util/List;" line="2387"><counter type="INSTRUCTION" missed="16" covered="11"/><counter type="LINE" missed="1" covered="2"/><counter type="COMPLEXITY" missed="0" covered="1"/><counter type="METHOD" missed="0" covered="1"/></method><method name="getPublishedGlobalsCardTypes" desc="()Ljava/util/List;" line="2401"><counter type="INSTRUCTION" missed="27" covered="0"/><counter type="LINE" missed="3" covered="0"/><counter type="COMPLEXITY" missed="1" covered="0"/><counter type="METHOD" missed="1" covered="0"/></method><method name="getPublishedCardTypesOfReachableProjects" desc="()Ljava/util/Set;" line="2416"><counter type="INSTRUCTION" missed="0" covered="27"/><counter type="LINE" missed="0" covered="3"/><counter type="COMPLEXITY" missed="0" covered="1"/><counter type="METHOD" missed="0" covered="1"/></method><method name="getExpandedCardType" desc="(Ljava/lang/Long;)Ljava/util/List;" line="2433"><counter type="INSTRUCTION" missed="0" covered="32"/><counter type="LINE" missed="0" covered="3"/><counter type="COMPLEXITY" missed="0" covered="1"/><counter type="METHOD" missed="0" covered="1"/></method><method name="getCardType" desc="(Ljava/lang/Long;)Lch/colabproject/colab/api/model/card/AbstractCardType;" line="2449"><counter type="INSTRUCTION" missed="0" covered="32"/><counter type="LINE" missed="0" covered="3"/><counter type="COMPLEXITY" missed="0" covered="1"/><counter type="METHOD" missed="0" covered="1"/></method><method name="updateCardType" desc="(Lch/colabproject/colab/api/model/card/AbstractCardType;)V" line="2465"><counter type="INSTRUCTION" missed="0" covered="28"/><counter type="LINE" missed="0" covered="4"/><counter type="COMPLEXITY" missed="0" covered="1"/><counter type="METHOD" missed="0" covered="1"/></method><method name="deleteCardType" desc="(Ljava/lang/Long;)V" line="2479"><counter type="INSTRUCTION" missed="0" covered="32"/><counter type="LINE" missed="0" covered="4"/><counter type="COMPLEXITY" missed="0" covered="1"/><counter type="METHOD" missed="0" covered="1"/></method><method name="useCardTypeInProject" desc="(Ljava/lang/Long;Ljava/lang/Long;)Lch/colabproject/colab/api/model/card/AbstractCardType;" line="2497"><counter type="INSTRUCTION" missed="37" covered="0"/><counter type="LINE" missed="3" covered="0"/><counter type="COMPLEXITY" missed="1" covered="0"/><counter type="METHOD" missed="1" covered="0"/></method><method name="removeCardTypeRefFromProject" desc="(Ljava/lang/Long;Ljava/lang/Long;)V" line="2514"><counter type="INSTRUCTION" missed="37" covered="0"/><counter type="LINE" missed="4" covered="0"/><counter type="COMPLEXITY" missed="1" covered="0"/><counter type="METHOD" missed="1" covered="0"/></method><counter type="INSTRUCTION" missed="117" covered="196"/><counter type="LINE" missed="11" covered="23"/><counter type="COMPLEXITY" missed="3" covered="8"/><counter type="METHOD" missed="3" covered="8"/><counter type="CLASS" missed="0" covered="1"/></class><class name="ch/colabproject/colab/client/ColabClient" sourcefilename="ColabClient.java"><method name="&lt;init&gt;" desc="(Ljava/lang/String;Ljava/lang/String;Ljavax/json/bind/Jsonb;[Ljava/lang/Object;)V" line="76"><counter type="INSTRUCTION" missed="0" covered="133"/><counter type="LINE" missed="0" covered="23"/><counter type="COMPLEXITY" missed="0" covered="1"/><counter type="METHOD" missed="0" covered="1"/></method><counter type="INSTRUCTION" missed="0" covered="133"/><counter type="LINE" missed="0" covered="23"/><counter type="COMPLEXITY" missed="0" covered="1"/><counter type="METHOD" missed="0" covered="1"/><counter type="CLASS" missed="0" covered="1"/></class><class name="ch/colabproject/colab/client/ColabClient$DocumentFileRestEndPointClientImpl$1" sourcefilename="ColabClient.java"><method name="&lt;init&gt;" desc="(Lch/colabproject/colab/client/ColabClient$DocumentFileRestEndPointClientImpl;)V" line="808"><counter type="INSTRUCTION" missed="0" covered="6"/><counter type="LINE" missed="0" covered="1"/><counter type="COMPLEXITY" missed="0" covered="1"/><counter type="METHOD" missed="0" covered="1"/></method><counter type="INSTRUCTION" missed="0" covered="6"/><counter type="LINE" missed="0" covered="1"/><counter type="COMPLEXITY" missed="0" covered="1"/><counter type="METHOD" missed="0" covered="1"/><counter type="CLASS" missed="0" covered="1"/></class><class name="ch/colabproject/colab/client/ColabClient$UserRestEndpointClientImpl$4" sourcefilename="ColabClient.java"><method name="&lt;init&gt;" desc="(Lch/colabproject/colab/client/ColabClient$UserRestEndpointClientImpl;)V" line="3029"><counter type="INSTRUCTION" missed="0" covered="6"/><counter type="LINE" missed="0" covered="1"/><counter type="COMPLEXITY" missed="0" covered="1"/><counter type="METHOD" missed="0" covered="1"/></method><counter type="INSTRUCTION" missed="0" covered="6"/><counter type="LINE" missed="0" covered="1"/><counter type="COMPLEXITY" missed="0" covered="1"/><counter type="METHOD" missed="0" covered="1"/><counter type="CLASS" missed="0" covered="1"/></class><class name="ch/colabproject/colab/client/ColabClient$ActivityFlowLinkRestEndpointClientImpl" sourcefilename="ColabClient.java"><method name="&lt;init&gt;" desc="(Lch/colabproject/colab/client/ColabClient;)V" line="3305"><counter type="INSTRUCTION" missed="0" covered="6"/><counter type="LINE" missed="0" covered="1"/><counter type="COMPLEXITY" missed="0" covered="1"/><counter type="METHOD" missed="0" covered="1"/></method><method name="getLink" desc="(Ljava/lang/Long;)Lch/colabproject/colab/api/model/link/ActivityFlowLink;" line="3318"><counter type="INSTRUCTION" missed="0" covered="32"/><counter type="LINE" missed="0" covered="3"/><counter type="COMPLEXITY" missed="0" covered="1"/><counter type="METHOD" missed="0" covered="1"/></method><method name="updateLink" desc="(Lch/colabproject/colab/api/model/link/ActivityFlowLink;)V" line="3334"><counter type="INSTRUCTION" missed="0" covered="28"/><counter type="LINE" missed="0" covered="4"/><counter type="COMPLEXITY" missed="0" covered="1"/><counter type="METHOD" missed="0" covered="1"/></method><method name="deleteLink" desc="(Ljava/lang/Long;)V" line="3348"><counter type="INSTRUCTION" missed="0" covered="32"/><counter type="LINE" missed="0" covered="4"/><counter type="COMPLEXITY" missed="0" covered="1"/><counter type="METHOD" missed="0" covered="1"/></method><method name="changePreviousCard" desc="(Ljava/lang/Long;Ljava/lang/Long;)V" line="3363"><counter type="INSTRUCTION" missed="0" covered="33"/><counter type="LINE" missed="0" covered="4"/><counter type="COMPLEXITY" missed="0" covered="1"/><counter type="METHOD" missed="0" covered="1"/></method><method name="changeNextCard" desc="(Ljava/lang/Long;Ljava/lang/Long;)V" line="3378"><counter type="INSTRUCTION" missed="0" covered="33"/><counter type="LINE" missed="0" covered="4"/><counter type="COMPLEXITY" missed="0" covered="1"/><counter type="METHOD" missed="0" covered="1"/></method><method name="createLink" desc="(Lch/colabproject/colab/api/model/link/ActivityFlowLink;)Ljava/lang/Long;" line="3394"><counter type="INSTRUCTION" missed="0" covered="28"/><counter type="LINE" missed="0" covered="3"/><counter type="COMPLEXITY" missed="0" covered="1"/><counter type="METHOD" missed="0" covered="1"/></method><counter type="INSTRUCTION" missed="0" covered="192"/><counter type="LINE" missed="0" covered="23"/><counter type="COMPLEXITY" missed="0" covered="7"/><counter type="METHOD" missed="0" covered="7"/><counter type="CLASS" missed="0" covered="1"/></class><class name="ch/colabproject/colab/client/ColabClient$WebsocketRestEndpointClientImpl$1" sourcefilename="ColabClient.java"><method name="&lt;init&gt;" desc="(Lch/colabproject/colab/client/ColabClient$WebsocketRestEndpointClientImpl;)V" line="2551"><counter type="INSTRUCTION" missed="0" covered="6"/><counter type="LINE" missed="0" covered="1"/><counter type="COMPLEXITY" missed="0" covered="1"/><counter type="METHOD" missed="0" covered="1"/></method><counter type="INSTRUCTION" missed="0" covered="6"/><counter type="LINE" missed="0" covered="1"/><counter type="COMPLEXITY" missed="0" covered="1"/><counter type="METHOD" missed="0" covered="1"/><counter type="CLASS" missed="0" covered="1"/></class><class name="ch/colabproject/colab/client/ColabClient$ChangeRestEndpointClientImpl$2" sourcefilename="ColabClient.java"><method name="&lt;init&gt;" desc="(Lch/colabproject/colab/client/ColabClient$ChangeRestEndpointClientImpl;)V" line="2343"><counter type="INSTRUCTION" missed="6" covered="0"/><counter type="LINE" missed="1" covered="0"/><counter type="COMPLEXITY" missed="1" covered="0"/><counter type="METHOD" missed="1" covered="0"/></method><counter type="INSTRUCTION" missed="6" covered="0"/><counter type="LINE" missed="1" covered="0"/><counter type="COMPLEXITY" missed="1" covered="0"/><counter type="METHOD" missed="1" covered="0"/><counter type="CLASS" missed="1" covered="0"/></class><class name="ch/colabproject/colab/client/ColabClient$CronJobLogRestEndpointClientImpl" sourcefilename="ColabClient.java"><method name="&lt;init&gt;" desc="(Lch/colabproject/colab/client/ColabClient;)V" line="3275"><counter type="INSTRUCTION" missed="0" covered="6"/><counter type="LINE" missed="0" covered="1"/><counter type="COMPLEXITY" missed="0" covered="1"/><counter type="METHOD" missed="0" covered="1"/></method><method name="getAllCronJobLogs" desc="()Ljava/util/List;" line="3286"><counter type="INSTRUCTION" missed="16" covered="11"/><counter type="LINE" missed="1" covered="2"/><counter type="COMPLEXITY" missed="0" covered="1"/><counter type="METHOD" missed="0" covered="1"/></method><counter type="INSTRUCTION" missed="16" covered="17"/><counter type="LINE" missed="1" covered="3"/><counter type="COMPLEXITY" missed="0" covered="2"/><counter type="METHOD" missed="0" covered="2"/><counter type="CLASS" missed="0" covered="1"/></class><class name="ch/colabproject/colab/client/ColabClient$UserRestEndpointClientImpl$1" sourcefilename="ColabClient.java"><method name="&lt;init&gt;" desc="(Lch/colabproject/colab/client/ColabClient$UserRestEndpointClientImpl;)V" line="2897"><counter type="INSTRUCTION" missed="0" covered="6"/><counter type="LINE" missed="0" covered="1"/><counter type="COMPLEXITY" missed="0" covered="1"/><counter type="METHOD" missed="0" covered="1"/></method><counter type="INSTRUCTION" missed="0" covered="6"/><counter type="LINE" missed="0" covered="1"/><counter type="COMPLEXITY" missed="0" covered="1"/><counter type="METHOD" missed="0" covered="1"/><counter type="CLASS" missed="0" covered="1"/></class><class name="ch/colabproject/colab/client/ColabClient$ChangeRestEndpointClientImpl$1" sourcefilename="ColabClient.java"><method name="&lt;init&gt;" desc="(Lch/colabproject/colab/client/ColabClient$ChangeRestEndpointClientImpl;)V" line="2312"><counter type="INSTRUCTION" missed="0" covered="6"/><counter type="LINE" missed="0" covered="1"/><counter type="COMPLEXITY" missed="0" covered="1"/><counter type="METHOD" missed="0" covered="1"/></method><counter type="INSTRUCTION" missed="0" covered="6"/><counter type="LINE" missed="0" covered="1"/><counter type="COMPLEXITY" missed="0" covered="1"/><counter type="METHOD" missed="0" covered="1"/><counter type="CLASS" missed="0" covered="1"/></class><class name="ch/colabproject/colab/client/ColabClient$ProjectRestEndpointClientImpl" sourcefilename="ColabClient.java"><method name="&lt;init&gt;" desc="(Lch/colabproject/colab/client/ColabClient;)V" line="91"><counter type="INSTRUCTION" missed="0" covered="6"/><counter type="LINE" missed="0" covered="1"/><counter type="COMPLEXITY" missed="0" covered="1"/><counter type="METHOD" missed="0" covered="1"/></method><method name="getProjectsWhereTeamMember" desc="()Ljava/util/List;" line="102"><counter type="INSTRUCTION" missed="27" covered="0"/><counter type="LINE" missed="3" covered="0"/><counter type="COMPLEXITY" missed="1" covered="0"/><counter type="METHOD" missed="1" covered="0"/></method><method name="getAllGlobalModels" desc="()Ljava/util/List;" line="115"><counter type="INSTRUCTION" missed="27" covered="0"/><counter type="LINE" missed="3" covered="0"/><counter type="COMPLEXITY" missed="1" covered="0"/><counter type="METHOD" missed="1" covered="0"/></method><method name="getInstanceableModels" desc="()Ljava/util/List;" line="129"><counter type="INSTRUCTION" missed="0" covered="27"/><counter type="LINE" missed="0" covered="3"/><counter type="COMPLEXITY" missed="0" covered="1"/><counter type="METHOD" missed="0" covered="1"/></method><method name="createProject" desc="(Lch/colabproject/colab/api/rest/project/bean/ProjectCreationData;)Ljava/lang/Long;" line="146"><counter type="INSTRUCTION" missed="0" covered="28"/><counter type="LINE" missed="0" covered="3"/><counter type="COMPLEXITY" missed="0" covered="1"/><counter type="METHOD" missed="0" covered="1"/></method><method name="duplicateProject" desc="(Ljava/lang/Long;Ljava/lang/String;Lch/colabproject/colab/api/model/DuplicationParam;)Ljava/lang/Long;" line="166"><counter type="INSTRUCTION" missed="38" covered="0"/><counter type="LINE" missed="3" covered="0"/><counter type="COMPLEXITY" missed="1" covered="0"/><counter type="METHOD" missed="1" covered="0"/></method><method name="updateProject" desc="(Lch/colabproject/colab/api/model/project/Project;)V" line="182"><counter type="INSTRUCTION" missed="0" covered="28"/><counter type="LINE" missed="0" covered="4"/><counter type="COMPLEXITY" missed="0" covered="1"/><counter type="METHOD" missed="0" covered="1"/></method><method name="updateCopyParam" desc="(Lch/colabproject/colab/api/model/project/CopyParam;)V" line="198"><counter type="INSTRUCTION" missed="28" covered="0"/><counter type="LINE" missed="4" covered="0"/><counter type="COMPLEXITY" missed="1" covered="0"/><counter type="METHOD" missed="1" covered="0"/></method><method name="putProjectInBin" desc="(Ljava/lang/Long;)V" line="215"><counter type="INSTRUCTION" missed="32" covered="0"/><counter type="LINE" missed="4" covered="0"/><counter type="COMPLEXITY" missed="1" covered="0"/><counter type="METHOD" missed="1" covered="0"/></method><method name="restoreProjectFromBin" desc="(Ljava/lang/Long;)V" line="234"><counter type="INSTRUCTION" missed="32" covered="0"/><counter type="LINE" missed="4" covered="0"/><counter type="COMPLEXITY" missed="1" covered="0"/><counter type="METHOD" missed="1" covered="0"/></method><method name="markProjectAsToDeleteForever" desc="(Ljava/lang/Long;)V" line="252"><counter type="INSTRUCTION" missed="32" covered="0"/><counter type="LINE" missed="4" covered="0"/><counter type="COMPLEXITY" missed="1" covered="0"/><counter type="METHOD" missed="1" covered="0"/></method><method name="getRootCardOfProject" desc="(Ljava/lang/Long;)Lch/colabproject/colab/api/model/card/Card;" line="268"><counter type="INSTRUCTION" missed="0" covered="32"/><counter type="LINE" missed="0" covered="3"/><counter type="COMPLEXITY" missed="0" covered="1"/><counter type="METHOD" missed="0" covered="1"/></method><method name="getCardTypesOfProject" desc="(Ljava/lang/Long;)Ljava/util/Set;" line="284"><counter type="INSTRUCTION" missed="0" covered="32"/><counter type="LINE" missed="0" covered="3"/><counter type="COMPLEXITY" missed="0" covered="1"/><counter type="METHOD" missed="0" covered="1"/></method><method name="getCardsOfProject" desc="(Ljava/lang/Long;)Ljava/util/Set;" line="300"><counter type="INSTRUCTION" missed="32" covered="0"/><counter type="LINE" missed="3" covered="0"/><counter type="COMPLEXITY" missed="1" covered="0"/><counter type="METHOD" missed="1" covered="0"/></method><method name="getCardContentsOfProject" desc="(Ljava/lang/Long;)Ljava/util/Set;" line="316"><counter type="INSTRUCTION" missed="32" covered="0"/><counter type="LINE" missed="3" covered="0"/><counter type="COMPLEXITY" missed="1" covered="0"/><counter type="METHOD" missed="1" covered="0"/></method><method name="getStructureOfProject" desc="(Ljava/lang/Long;)Lch/colabproject/colab/api/rest/project/bean/ProjectStructure;" line="332"><counter type="INSTRUCTION" missed="32" covered="0"/><counter type="LINE" missed="3" covered="0"/><counter type="COMPLEXITY" missed="1" covered="0"/><counter type="METHOD" missed="1" covered="0"/></method><method name="getActivityFlowLinks" desc="(Ljava/lang/Long;)Ljava/util/Set;" line="348"><counter type="INSTRUCTION" missed="32" covered="0"/><counter type="LINE" missed="3" covered="0"/><counter type="COMPLEXITY" missed="1" covered="0"/><counter type="METHOD" missed="1" covered="0"/></method><method name="getCopyParam" desc="(Ljava/lang/Long;)Lch/colabproject/colab/api/model/project/CopyParam;" line="364"><counter type="INSTRUCTION" missed="32" covered="0"/><counter type="LINE" missed="3" covered="0"/><counter type="COMPLEXITY" missed="1" covered="0"/><counter type="METHOD" missed="1" covered="0"/></method><method name="getProject" desc="(Ljava/lang/Long;)Lch/colabproject/colab/api/model/project/Project;" line="380"><counter type="INSTRUCTION" missed="0" covered="32"/><counter type="LINE" missed="0" covered="3"/><counter type="COMPLEXITY" missed="0" covered="1"/><counter type="METHOD" missed="0" covered="1"/></method><method name="getAllProjects" desc="()Ljava/util/List;" line="394"><counter type="INSTRUCTION" missed="0" covered="27"/><counter type="LINE" missed="0" covered="3"/><counter type="COMPLEXITY" missed="0" covered="1"/><counter type="METHOD" missed="0" covered="1"/></method><counter type="INSTRUCTION" missed="376" covered="212"/><counter type="LINE" missed="40" covered="23"/><counter type="COMPLEXITY" missed="12" covered="8"/><counter type="METHOD" missed="12" covered="8"/><counter type="CLASS" missed="0" covered="1"/></class><class name="ch/colabproject/colab/client/ColabClient$UserRestEndpointClientImpl$2" sourcefilename="ColabClient.java"><method name="&lt;init&gt;" desc="(Lch/colabproject/colab/client/ColabClient$UserRestEndpointClientImpl;)V" line="2913"><counter type="INSTRUCTION" missed="6" covered="0"/><counter type="LINE" missed="1" covered="0"/><counter type="COMPLEXITY" missed="1" covered="0"/><counter type="METHOD" missed="1" covered="0"/></method><counter type="INSTRUCTION" missed="6" covered="0"/><counter type="LINE" missed="1" covered="0"/><counter type="COMPLEXITY" missed="1" covered="0"/><counter type="METHOD" missed="1" covered="0"/><counter type="CLASS" missed="1" covered="0"/></class><class name="ch/colabproject/colab/client/ColabClient$UserRestEndpointClientImpl$3" sourcefilename="ColabClient.java"><method name="&lt;init&gt;" desc="(Lch/colabproject/colab/client/ColabClient$UserRestEndpointClientImpl;)V" line="2971"><counter type="INSTRUCTION" missed="6" covered="0"/><counter type="LINE" missed="1" covered="0"/><counter type="COMPLEXITY" missed="1" covered="0"/><counter type="METHOD" missed="1" covered="0"/></method><counter type="INSTRUCTION" missed="6" covered="0"/><counter type="LINE" missed="1" covered="0"/><counter type="COMPLEXITY" missed="1" covered="0"/><counter type="METHOD" missed="1" covered="0"/><counter type="CLASS" missed="1" covered="0"/></class><class name="ch/colabproject/colab/client/ColabClient$ProjectRestEndpointClientImpl$7" sourcefilename="ColabClient.java"><method name="&lt;init&gt;" desc="(Lch/colabproject/colab/client/ColabClient$ProjectRestEndpointClientImpl;)V" line="350"><counter type="INSTRUCTION" missed="6" covered="0"/><counter type="LINE" missed="1" covered="0"/><counter type="COMPLEXITY" missed="1" covered="0"/><counter type="METHOD" missed="1" covered="0"/></method><counter type="INSTRUCTION" missed="6" covered="0"/><counter type="LINE" missed="1" covered="0"/><counter type="COMPLEXITY" missed="1" covered="0"/><counter type="METHOD" missed="1" covered="0"/><counter type="CLASS" missed="1" covered="0"/></class><class name="ch/colabproject/colab/client/ColabClient$ProjectRestEndpointClientImpl$6" sourcefilename="ColabClient.java"><method name="&lt;init&gt;" desc="(Lch/colabproject/colab/client/ColabClient$ProjectRestEndpointClientImpl;)V" line="318"><counter type="INSTRUCTION" missed="6" covered="0"/><counter type="LINE" missed="1" covered="0"/><counter type="COMPLEXITY" missed="1" covered="0"/><counter type="METHOD" missed="1" covered="0"/></method><counter type="INSTRUCTION" missed="6" covered="0"/><counter type="LINE" missed="1" covered="0"/><counter type="COMPLEXITY" missed="1" covered="0"/><counter type="METHOD" missed="1" covered="0"/><counter type="CLASS" missed="1" covered="0"/></class><class name="ch/colabproject/colab/client/ColabClient$ProjectRestEndpointClientImpl$5" sourcefilename="ColabClient.java"><method name="&lt;init&gt;" desc="(Lch/colabproject/colab/client/ColabClient$ProjectRestEndpointClientImpl;)V" line="302"><counter type="INSTRUCTION" missed="6" covered="0"/><counter type="LINE" missed="1" covered="0"/><counter type="COMPLEXITY" missed="1" covered="0"/><counter type="METHOD" missed="1" covered="0"/></method><counter type="INSTRUCTION" missed="6" covered="0"/><counter type="LINE" missed="1" covered="0"/><counter type="COMPLEXITY" missed="1" covered="0"/><counter type="METHOD" missed="1" covered="0"/><counter type="CLASS" missed="1" covered="0"/></class><class name="ch/colabproject/colab/client/ColabClient$ProjectRestEndpointClientImpl$4" sourcefilename="ColabClient.java"><method name="&lt;init&gt;" desc="(Lch/colabproject/colab/client/ColabClient$ProjectRestEndpointClientImpl;)V" line="286"><counter type="INSTRUCTION" missed="0" covered="6"/><counter type="LINE" missed="0" covered="1"/><counter type="COMPLEXITY" missed="0" covered="1"/><counter type="METHOD" missed="0" covered="1"/></method><counter type="INSTRUCTION" missed="0" covered="6"/><counter type="LINE" missed="0" covered="1"/><counter type="COMPLEXITY" missed="0" covered="1"/><counter type="METHOD" missed="0" covered="1"/><counter type="CLASS" missed="0" covered="1"/></class><class name="ch/colabproject/colab/client/ColabClient$CardContentRestEndpointClientImpl$3" sourcefilename="ColabClient.java"><method name="&lt;init&gt;" desc="(Lch/colabproject/colab/client/ColabClient$CardContentRestEndpointClientImpl;)V" line="1481"><counter type="INSTRUCTION" missed="6" covered="0"/><counter type="LINE" missed="1" covered="0"/><counter type="COMPLEXITY" missed="1" covered="0"/><counter type="METHOD" missed="1" covered="0"/></method><counter type="INSTRUCTION" missed="6" covered="0"/><counter type="LINE" missed="1" covered="0"/><counter type="COMPLEXITY" missed="1" covered="0"/><counter type="METHOD" missed="1" covered="0"/><counter type="CLASS" missed="1" covered="0"/></class><class name="ch/colabproject/colab/client/ColabClient$ProjectRestEndpointClientImpl$3" sourcefilename="ColabClient.java"><method name="&lt;init&gt;" desc="(Lch/colabproject/colab/client/ColabClient$ProjectRestEndpointClientImpl;)V" line="131"><counter type="INSTRUCTION" missed="0" covered="6"/><counter type="LINE" missed="0" covered="1"/><counter type="COMPLEXITY" missed="0" covered="1"/><counter type="METHOD" missed="0" covered="1"/></method><counter type="INSTRUCTION" missed="0" covered="6"/><counter type="LINE" missed="0" covered="1"/><counter type="COMPLEXITY" missed="0" covered="1"/><counter type="METHOD" missed="0" covered="1"/><counter type="CLASS" missed="0" covered="1"/></class><class name="ch/colabproject/colab/client/ColabClient$CardContentRestEndpointClientImpl$2" sourcefilename="ColabClient.java"><method name="&lt;init&gt;" desc="(Lch/colabproject/colab/client/ColabClient$CardContentRestEndpointClientImpl;)V" line="1465"><counter type="INSTRUCTION" missed="0" covered="6"/><counter type="LINE" missed="0" covered="1"/><counter type="COMPLEXITY" missed="0" covered="1"/><counter type="METHOD" missed="0" covered="1"/></method><counter type="INSTRUCTION" missed="0" covered="6"/><counter type="LINE" missed="0" covered="1"/><counter type="COMPLEXITY" missed="0" covered="1"/><counter type="METHOD" missed="0" covered="1"/><counter type="CLASS" missed="0" covered="1"/></class><class name="ch/colabproject/colab/client/ColabClient$ProjectRestEndpointClientImpl$2" sourcefilename="ColabClient.java"><method name="&lt;init&gt;" desc="(Lch/colabproject/colab/client/ColabClient$ProjectRestEndpointClientImpl;)V" line="117"><counter type="INSTRUCTION" missed="6" covered="0"/><counter type="LINE" missed="1" covered="0"/><counter type="COMPLEXITY" missed="1" covered="0"/><counter type="METHOD" missed="1" covered="0"/></method><counter type="INSTRUCTION" missed="6" covered="0"/><counter type="LINE" missed="1" covered="0"/><counter type="COMPLEXITY" missed="1" covered="0"/><counter type="METHOD" missed="1" covered="0"/><counter type="CLASS" missed="1" covered="0"/></class><class name="ch/colabproject/colab/client/ColabClient$CardContentRestEndpointClientImpl$1" sourcefilename="ColabClient.java"><method name="&lt;init&gt;" desc="(Lch/colabproject/colab/client/ColabClient$CardContentRestEndpointClientImpl;)V" line="1416"><counter type="INSTRUCTION" missed="0" covered="6"/><counter type="LINE" missed="0" covered="1"/><counter type="COMPLEXITY" missed="0" covered="1"/><counter type="METHOD" missed="0" covered="1"/></method><counter type="INSTRUCTION" missed="0" covered="6"/><counter type="LINE" missed="0" covered="1"/><counter type="COMPLEXITY" missed="0" covered="1"/><counter type="METHOD" missed="0" covered="1"/><counter type="CLASS" missed="0" covered="1"/></class><class name="ch/colabproject/colab/client/ColabClient$ProjectRestEndpointClientImpl$1" sourcefilename="ColabClient.java"><method name="&lt;init&gt;" desc="(Lch/colabproject/colab/client/ColabClient$ProjectRestEndpointClientImpl;)V" line="104"><counter type="INSTRUCTION" missed="6" covered="0"/><counter type="LINE" missed="1" covered="0"/><counter type="COMPLEXITY" missed="1" covered="0"/><counter type="METHOD" missed="1" covered="0"/></method><counter type="INSTRUCTION" missed="6" covered="0"/><counter type="LINE" missed="1" covered="0"/><counter type="COMPLEXITY" missed="1" covered="0"/><counter type="METHOD" missed="1" covered="0"/><counter type="CLASS" missed="1" covered="0"/></class><class name="ch/colabproject/colab/client/ColabClient$TeamRestEndpointClientImpl$1" sourcefilename="ColabClient.java"><method name="&lt;init&gt;" desc="(Lch/colabproject/colab/client/ColabClient$TeamRestEndpointClientImpl;)V" line="456"><counter type="INSTRUCTION" missed="0" covered="6"/><counter type="LINE" missed="0" covered="1"/><counter type="COMPLEXITY" missed="0" covered="1"/><counter type="METHOD" missed="0" covered="1"/></method><counter type="INSTRUCTION" missed="0" covered="6"/><counter type="LINE" missed="0" covered="1"/><counter type="COMPLEXITY" missed="0" covered="1"/><counter type="METHOD" missed="0" covered="1"/><counter type="CLASS" missed="0" covered="1"/></class><class name="ch/colabproject/colab/client/ColabClient$ResourceRestEndpointClientImpl$5" sourcefilename="ColabClient.java"><method name="&lt;init&gt;" desc="(Lch/colabproject/colab/client/ColabClient$ResourceRestEndpointClientImpl;)V" line="1037"><counter type="INSTRUCTION" missed="0" covered="6"/><counter type="LINE" missed="0" covered="1"/><counter type="COMPLEXITY" missed="0" covered="1"/><counter type="METHOD" missed="0" covered="1"/></method><counter type="INSTRUCTION" missed="0" covered="6"/><counter type="LINE" missed="0" covered="1"/><counter type="COMPLEXITY" missed="0" covered="1"/><counter type="METHOD" missed="0" covered="1"/><counter type="CLASS" missed="0" covered="1"/></class><class name="ch/colabproject/colab/client/ColabClient$ResourceRestEndpointClientImpl$6" sourcefilename="ColabClient.java"><method name="&lt;init&gt;" desc="(Lch/colabproject/colab/client/ColabClient$ResourceRestEndpointClientImpl;)V" line="1337"><counter type="INSTRUCTION" missed="0" covered="6"/><counter type="LINE" missed="0" covered="1"/><counter type="COMPLEXITY" missed="0" covered="1"/><counter type="METHOD" missed="0" covered="1"/></method><counter type="INSTRUCTION" missed="0" covered="6"/><counter type="LINE" missed="0" covered="1"/><counter type="COMPLEXITY" missed="0" covered="1"/><counter type="METHOD" missed="0" covered="1"/><counter type="CLASS" missed="0" covered="1"/></class><class name="ch/colabproject/colab/client/ColabClient$PresenceRestEndpointClientImpl$1" sourcefilename="ColabClient.java"><method name="&lt;init&gt;" desc="(Lch/colabproject/colab/client/ColabClient$PresenceRestEndpointClientImpl;)V" line="1696"><counter type="INSTRUCTION" missed="6" covered="0"/><counter type="LINE" missed="1" covered="0"/><counter type="COMPLEXITY" missed="1" covered="0"/><counter type="METHOD" missed="1" covered="0"/></method><counter type="INSTRUCTION" missed="6" covered="0"/><counter type="LINE" missed="1" covered="0"/><counter type="COMPLEXITY" missed="1" covered="0"/><counter type="METHOD" missed="1" covered="0"/><counter type="CLASS" missed="1" covered="0"/></class><class name="ch/colabproject/colab/client/ColabClient$ResourceRestEndpointClientImpl$7" sourcefilename="ColabClient.java"><method name="&lt;init&gt;" desc="(Lch/colabproject/colab/client/ColabClient$ResourceRestEndpointClientImpl;)V" line="1353"><counter type="INSTRUCTION" missed="0" covered="6"/><counter type="LINE" missed="0" covered="1"/><counter type="COMPLEXITY" missed="0" covered="1"/><counter type="METHOD" missed="0" covered="1"/></method><counter type="INSTRUCTION" missed="0" covered="6"/><counter type="LINE" missed="0" covered="1"/><counter type="COMPLEXITY" missed="0" covered="1"/><counter type="METHOD" missed="0" covered="1"/><counter type="CLASS" missed="0" covered="1"/></class><class name="ch/colabproject/colab/client/ColabClient$ResourceRestEndpointClientImpl$1" sourcefilename="ColabClient.java"><method name="&lt;init&gt;" desc="(Lch/colabproject/colab/client/ColabClient$ResourceRestEndpointClientImpl;)V" line="886"><counter type="INSTRUCTION" missed="0" covered="6"/><counter type="LINE" missed="0" covered="1"/><counter type="COMPLEXITY" missed="0" covered="1"/><counter type="METHOD" missed="0" covered="1"/></method><counter type="INSTRUCTION" missed="0" covered="6"/><counter type="LINE" missed="0" covered="1"/><counter type="COMPLEXITY" missed="0" covered="1"/><counter type="METHOD" missed="0" covered="1"/><counter type="CLASS" missed="0" covered="1"/></class><class name="ch/colabproject/colab/client/ColabClient$ResourceRestEndpointClientImpl$2" sourcefilename="ColabClient.java"><method name="&lt;init&gt;" desc="(Lch/colabproject/colab/client/ColabClient$ResourceRestEndpointClientImpl;)V" line="904"><counter type="INSTRUCTION" missed="0" covered="6"/><counter type="LINE" missed="0" covered="1"/><counter type="COMPLEXITY" missed="0" covered="1"/><counter type="METHOD" missed="0" covered="1"/></method><counter type="INSTRUCTION" missed="0" covered="6"/><counter type="LINE" missed="0" covered="1"/><counter type="COMPLEXITY" missed="0" covered="1"/><counter type="METHOD" missed="0" covered="1"/><counter type="CLASS" missed="0" covered="1"/></class><class name="ch/colabproject/colab/client/ColabClient$ResourceRestEndpointClientImpl$3" sourcefilename="ColabClient.java"><method name="&lt;init&gt;" desc="(Lch/colabproject/colab/client/ColabClient$ResourceRestEndpointClientImpl;)V" line="921"><counter type="INSTRUCTION" missed="6" covered="0"/><counter type="LINE" missed="1" covered="0"/><counter type="COMPLEXITY" missed="1" covered="0"/><counter type="METHOD" missed="1" covered="0"/></method><counter type="INSTRUCTION" missed="6" covered="0"/><counter type="LINE" missed="1" covered="0"/><counter type="COMPLEXITY" missed="1" covered="0"/><counter type="METHOD" missed="1" covered="0"/><counter type="CLASS" missed="1" covered="0"/></class><class name="ch/colabproject/colab/client/ColabClient$ResourceRestEndpointClientImpl$4" sourcefilename="ColabClient.java"><method name="&lt;init&gt;" desc="(Lch/colabproject/colab/client/ColabClient$ResourceRestEndpointClientImpl;)V" line="1004"><counter type="INSTRUCTION" missed="0" covered="6"/><counter type="LINE" missed="0" covered="1"/><counter type="COMPLEXITY" missed="0" covered="1"/><counter type="METHOD" missed="0" covered="1"/></method><counter type="INSTRUCTION" missed="0" covered="6"/><counter type="LINE" missed="0" covered="1"/><counter type="COMPLEXITY" missed="0" covered="1"/><counter type="METHOD" missed="0" covered="1"/><counter type="CLASS" missed="0" covered="1"/></class><class name="ch/colabproject/colab/client/ColabClient$ProjectRestEndpointClientImpl$8" sourcefilename="ColabClient.java"><method name="&lt;init&gt;" desc="(Lch/colabproject/colab/client/ColabClient$ProjectRestEndpointClientImpl;)V" line="396"><counter type="INSTRUCTION" missed="0" covered="6"/><counter type="LINE" missed="0" covered="1"/><counter type="COMPLEXITY" missed="0" covered="1"/><counter type="METHOD" missed="0" covered="1"/></method><counter type="INSTRUCTION" missed="0" covered="6"/><counter type="LINE" missed="0" covered="1"/><counter type="COMPLEXITY" missed="0" covered="1"/><counter type="METHOD" missed="0" covered="1"/><counter type="CLASS" missed="0" covered="1"/></class><class name="ch/colabproject/colab/client/ColabClient$SecurityRestEndPointClientImpl" sourcefilename="ColabClient.java"><method name="&lt;init&gt;" desc="(Lch/colabproject/colab/client/ColabClient;)V" line="1942"><counter type="INSTRUCTION" missed="0" covered="6"/><counter type="LINE" missed="0" covered="1"/><counter type="COMPLEXITY" missed="0" covered="1"/><counter type="METHOD" missed="0" covered="1"/></method><method name="getTermsOfUseTimeEpoch" desc="()Ljava/lang/Long;" line="1953"><counter type="INSTRUCTION" missed="27" covered="0"/><counter type="LINE" missed="3" covered="0"/><counter type="COMPLEXITY" missed="1" covered="0"/><counter type="METHOD" missed="1" covered="0"/></method><counter type="INSTRUCTION" missed="27" covered="6"/><counter type="LINE" missed="3" covered="1"/><counter type="COMPLEXITY" missed="1" covered="1"/><counter type="METHOD" missed="1" covered="1"/><counter type="CLASS" missed="0" covered="1"/></class><class name="ch/colabproject/colab/client/ColabClient$InstanceMakerRestEndpointClientImpl$1" sourcefilename="ColabClient.java"><method name="&lt;init&gt;" desc="(Lch/colabproject/colab/client/ColabClient$InstanceMakerRestEndpointClientImpl;)V" line="3209"><counter type="INSTRUCTION" missed="0" covered="6"/><counter type="LINE" missed="0" covered="1"/><counter type="COMPLEXITY" missed="0" covered="1"/><counter type="METHOD" missed="0" covered="1"/></method><counter type="INSTRUCTION" missed="0" covered="6"/><counter type="LINE" missed="0" covered="1"/><counter type="COMPLEXITY" missed="0" covered="1"/><counter type="METHOD" missed="0" covered="1"/><counter type="CLASS" missed="0" covered="1"/></class><class name="ch/colabproject/colab/client/ColabClient$UserRestEndpointClientImpl" sourcefilename="ColabClient.java"><method name="&lt;init&gt;" desc="(Lch/colabproject/colab/client/ColabClient;)V" line="2867"><counter type="INSTRUCTION" missed="0" covered="6"/><counter type="LINE" missed="0" covered="1"/><counter type="COMPLEXITY" missed="0" covered="1"/><counter type="METHOD" missed="0" covered="1"/></method><method name="getAuthMethod" desc="(Ljava/lang/String;)Lch/colabproject/colab/api/model/user/AuthMethod;" line="2881"><counter type="INSTRUCTION" missed="0" covered="32"/><counter type="LINE" missed="0" covered="3"/><counter type="COMPLEXITY" missed="0" covered="1"/><counter type="METHOD" missed="0" covered="1"/></method><method name="getAllUsers" desc="()Ljava/util/List;" line="2895"><counter type="INSTRUCTION" missed="16" covered="11"/><counter type="LINE" missed="1" covered="2"/><counter type="COMPLEXITY" missed="0" covered="1"/><counter type="METHOD" missed="0" covered="1"/></method><method name="getUsersForProject" desc="(Ljava/lang/Long;)Ljava/util/List;" line="2911"><counter type="INSTRUCTION" missed="32" covered="0"/><counter type="LINE" missed="3" covered="0"/><counter type="COMPLEXITY" missed="1" covered="0"/><counter type="METHOD" missed="1" covered="0"/></method><method name="getUserById" desc="(Ljava/lang/Long;)Lch/colabproject/colab/api/model/user/User;" line="2927"><counter type="INSTRUCTION" missed="0" covered="32"/><counter type="LINE" missed="0" covered="3"/><counter type="COMPLEXITY" missed="0" covered="1"/><counter type="METHOD" missed="0" covered="1"/></method><method name="getCurrentUser" desc="()Lch/colabproject/colab/api/model/user/User;" line="2941"><counter type="INSTRUCTION" missed="0" covered="27"/><counter type="LINE" missed="0" covered="3"/><counter type="COMPLEXITY" missed="0" covered="1"/><counter type="METHOD" missed="0" covered="1"/></method><method name="getCurrentAccount" desc="()Lch/colabproject/colab/api/model/user/Account;" line="2955"><counter type="INSTRUCTION" missed="0" covered="27"/><counter type="LINE" missed="0" covered="3"/><counter type="COMPLEXITY" missed="0" covered="1"/><counter type="METHOD" missed="0" covered="1"/></method><method name="getAllCurrentUserAccounts" desc="()Ljava/util/List;" line="2969"><counter type="INSTRUCTION" missed="27" covered="0"/><counter type="LINE" missed="3" covered="0"/><counter type="COMPLEXITY" missed="1" covered="0"/><counter type="METHOD" missed="1" covered="0"/></method><method name="signUp" desc="(Lch/colabproject/colab/api/model/user/SignUpInfo;)V" line="2985"><counter type="INSTRUCTION" missed="0" covered="28"/><counter type="LINE" missed="0" covered="4"/><counter type="COMPLEXITY" missed="0" covered="1"/><counter type="METHOD" missed="0" covered="1"/></method><method name="signIn" desc="(Lch/colabproject/colab/api/model/user/AuthInfo;)V" line="3001"><counter type="INSTRUCTION" missed="0" covered="28"/><counter type="LINE" missed="0" covered="4"/><counter type="COMPLEXITY" missed="0" covered="1"/><counter type="METHOD" missed="0" covered="1"/></method><method name="signOut" desc="()V" line="3013"><counter type="INSTRUCTION" missed="0" covered="27"/><counter type="LINE" missed="0" covered="4"/><counter type="COMPLEXITY" missed="0" covered="1"/><counter type="METHOD" missed="0" covered="1"/></method><method name="getActiveHttpSessions" desc="()Ljava/util/List;" line="3027"><counter type="INSTRUCTION" missed="0" covered="27"/><counter type="LINE" missed="0" covered="3"/><counter type="COMPLEXITY" missed="0" covered="1"/><counter type="METHOD" missed="0" covered="1"/></method><method name="forceLogout" desc="(Ljava/lang/Long;)V" line="3041"><counter type="INSTRUCTION" missed="0" covered="32"/><counter type="LINE" missed="0" covered="4"/><counter type="COMPLEXITY" missed="0" covered="1"/><counter type="METHOD" missed="0" covered="1"/></method><method name="updateUser" desc="(Lch/colabproject/colab/api/model/user/User;)V" line="3057"><counter type="INSTRUCTION" missed="0" covered="28"/><counter type="LINE" missed="0" covered="4"/><counter type="COMPLEXITY" missed="0" covered="1"/><counter type="METHOD" missed="0" covered="1"/></method><method name="updateUserAgreedTime" desc="(Ljava/lang/Long;)V" line="3071"><counter type="INSTRUCTION" missed="0" covered="32"/><counter type="LINE" missed="0" covered="4"/><counter type="COMPLEXITY" missed="0" covered="1"/><counter type="METHOD" missed="0" covered="1"/></method><method name="grantAdminRight" desc="(Ljava/lang/Long;)V" line="3085"><counter type="INSTRUCTION" missed="0" covered="32"/><counter type="LINE" missed="0" covered="4"/><counter type="COMPLEXITY" missed="0" covered="1"/><counter type="METHOD" missed="0" covered="1"/></method><method name="revokeAdminRight" desc="(Ljava/lang/Long;)V" line="3099"><counter type="INSTRUCTION" missed="0" covered="32"/><counter type="LINE" missed="0" covered="4"/><counter type="COMPLEXITY" missed="0" covered="1"/><counter type="METHOD" missed="0" covered="1"/></method><method name="updateLocalAccountPassword" desc="(Lch/colabproject/colab/api/model/user/AuthInfo;)V" line="3116"><counter type="INSTRUCTION" missed="0" covered="28"/><counter type="LINE" missed="0" covered="4"/><counter type="COMPLEXITY" missed="0" covered="1"/><counter type="METHOD" missed="0" covered="1"/></method><method name="requestPasswordReset" desc="(Ljava/lang/String;)V" line="3131"><counter type="INSTRUCTION" missed="32" covered="0"/><counter type="LINE" missed="4" covered="0"/><counter type="COMPLEXITY" missed="1" covered="0"/><counter type="METHOD" missed="1" covered="0"/></method><method name="updateLocalAccountEmailAddress" desc="(Lch/colabproject/colab/api/model/user/LocalAccount;)V" line="3147"><counter type="INSTRUCTION" missed="28" covered="0"/><counter type="LINE" missed="4" covered="0"/><counter type="COMPLEXITY" missed="1" covered="0"/><counter type="METHOD" missed="1" covered="0"/></method><method name="switchClientHashMethod" desc="(Ljava/lang/Long;)V" line="3161"><counter type="INSTRUCTION" missed="0" covered="32"/><counter type="LINE" missed="0" covered="4"/><counter type="COMPLEXITY" missed="0" covered="1"/><counter type="METHOD" missed="0" covered="1"/></method><method name="switchServerHashMethod" desc="(Ljava/lang/Long;)V" line="3175"><counter type="INSTRUCTION" missed="0" covered="32"/><counter type="LINE" missed="0" covered="4"/><counter type="COMPLEXITY" missed="0" covered="1"/><counter type="METHOD" missed="0" covered="1"/></method><counter type="INSTRUCTION" missed="135" covered="493"/><counter type="LINE" missed="15" covered="62"/><counter type="COMPLEXITY" missed="4" covered="18"/><counter type="METHOD" missed="4" covered="18"/><counter type="CLASS" missed="0" covered="1"/></class><class name="ch/colabproject/colab/client/ColabClient$WebsocketRestEndpointClientImpl" sourcefilename="ColabClient.java"><method name="&lt;init&gt;" desc="(Lch/colabproject/colab/client/ColabClient;)V" line="2538"><counter type="INSTRUCTION" missed="0" covered="6"/><counter type="LINE" missed="0" covered="1"/><counter type="COMPLEXITY" missed="0" covered="1"/><counter type="METHOD" missed="0" covered="1"/></method><method name="getExistingChannels" desc="()Ljava/util/Map;" line="2549"><counter type="INSTRUCTION" missed="16" covered="11"/><counter type="LINE" missed="1" covered="2"/><counter type="COMPLEXITY" missed="0" covered="1"/><counter type="METHOD" missed="0" covered="1"/></method><method name="subscribeToBroadcastChannel" desc="(Lch/colabproject/colab/api/ws/message/WsSessionIdentifier;)V" line="2563"><counter type="INSTRUCTION" missed="0" covered="28"/><counter type="LINE" missed="0" covered="4"/><counter type="COMPLEXITY" missed="0" covered="1"/><counter type="METHOD" missed="0" covered="1"/></method><method name="unsubscribeFromBroadcastChannel" desc="(Lch/colabproject/colab/api/ws/message/WsSessionIdentifier;)V" line="2577"><counter type="INSTRUCTION" missed="28" covered="0"/><counter type="LINE" missed="4" covered="0"/><counter type="COMPLEXITY" missed="1" covered="0"/><counter type="METHOD" missed="1" covered="0"/></method><method name="subscribeToUserChannel" desc="(Lch/colabproject/colab/api/ws/message/WsSessionIdentifier;)V" line="2591"><counter type="INSTRUCTION" missed="0" covered="28"/><counter type="LINE" missed="0" covered="4"/><counter type="COMPLEXITY" missed="0" covered="1"/><counter type="METHOD" missed="0" covered="1"/></method><method name="unsubscribeFromUserChannel" desc="(Lch/colabproject/colab/api/ws/message/WsSessionIdentifier;)V" line="2605"><counter type="INSTRUCTION" missed="28" covered="0"/><counter type="LINE" missed="4" covered="0"/><counter type="COMPLEXITY" missed="1" covered="0"/><counter type="METHOD" missed="1" covered="0"/></method><method name="subscribeToProjectChannel" desc="(Ljava/lang/Long;Lch/colabproject/colab/api/ws/message/WsSessionIdentifier;)V" line="2620"><counter type="INSTRUCTION" missed="0" covered="33"/><counter type="LINE" missed="0" covered="4"/><counter type="COMPLEXITY" missed="0" covered="1"/><counter type="METHOD" missed="0" covered="1"/></method><method name="unsubscribeFromProjectChannel" desc="(Ljava/lang/Long;Lch/colabproject/colab/api/ws/message/WsSessionIdentifier;)V" line="2635"><counter type="INSTRUCTION" missed="33" covered="0"/><counter type="LINE" missed="4" covered="0"/><counter type="COMPLEXITY" missed="1" covered="0"/><counter type="METHOD" missed="1" covered="0"/></method><method name="subscribeToBlockChannel" desc="(Ljava/lang/Long;Lch/colabproject/colab/api/ws/message/WsSessionIdentifier;)V" line="2650"><counter type="INSTRUCTION" missed="33" covered="0"/><counter type="LINE" missed="4" covered="0"/><counter type
[...]
nr="40" mi="0" ci="7" mb="0" cb="0"/><line nr="41" mi="0" ci="1" mb="0" cb="0"/><counter type="INSTRUCTION" missed="0" covered="24"/><counter type="LINE" missed="0" covered="6"/><counter type="COMPLEXITY" missed="0" covered="3"/><counter type="METHOD" missed="0" covered="3"/><counter type="CLASS" missed="0" covered="1"/></sourcefile><sourcefile name="JsonbProvider.java"><line nr="21" mi="0" ci="3" mb="0" cb="0"/><line nr="28" mi="0" ci="2" mb="0" cb="0"/><line nr="38" mi="0" ci="4" mb="0" cb="0"/><line nr="39" mi="0" ci="3" mb="0" cb="0"/><line nr="46" mi="0" ci="3" mb="0" cb="0"/><counter type="INSTRUCTION" missed="0" covered="15"/><counter type="LINE" missed="0" covered="5"/><counter type="COMPLEXITY" missed="0" covered="3"/><counter type="METHOD" missed="0" covered="3"/><counter type="CLASS" missed="0" covered="1"/></sourcefile><sourcefile name="ClassDoc.java"><line nr="18" mi="0" ci="2" mb="0" cb="0"/><line nr="36" mi="0" ci="5" mb="0" cb="0"/><line nr="40" mi="0" ci="6" mb="0" cb="0"/><line nr="48" mi="3" ci="0" mb="0" cb="0"/><line nr="57" mi="0" ci="3" mb="0" cb="0"/><line nr="58" mi="0" ci="1" mb="0" cb="0"/><line nr="66" mi="3" ci="0" mb="0" cb="0"/><line nr="75" mi="0" ci="3" mb="0" cb="0"/><line nr="76" mi="0" ci="1" mb="0" cb="0"/><line nr="84" mi="3" ci="0" mb="0" cb="0"/><line nr="93" mi="0" ci="3" mb="0" cb="0"/><line nr="94" mi="0" ci="1" mb="0" cb="0"/><line nr="102" mi="3" ci="0" mb="0" cb="0"/><line nr="111" mi="0" ci="3" mb="0" cb="0"/><line nr="112" mi="0" ci="1" mb="0" cb="0"/><line nr="120" mi="3" ci="0" mb="0" cb="0"/><line nr="129" mi="0" ci="3" mb="0" cb="0"/><line nr="130" mi="0" ci="1" mb="0" cb="0"/><line nr="139" mi="6" ci="0" mb="0" cb="0"/><counter type="INSTRUCTION" missed="21" covered="33"/><counter type="LINE" missed="6" covered="13"/><counter type="COMPLEXITY" missed="6" covered="6"/><counter type="METHOD" missed="6" covered="6"/><counter type="CLASS" missed="0" covered="1"/></sourcefile><counter type="INSTRUCTION" missed="313" covered="173"/><counter type="BRANCH" missed="27" covered="3"/><counter type="LINE" missed="77" covered="50"/><counter type="COMPLEXITY" missed="28" covered="20"/><counter type="METHOD" missed="14" covered="19"/><counter type="CLASS" missed="0" covered="6"/></package><package name="ch/colabproject/colab/generator/model/interfaces"><class name="ch/colabproject/colab/generator/model/interfaces/WithId" sourcefilename="WithId.java"/><class name="ch/colabproject/colab/generator/model/interfaces/WithJsonDiscriminator" sourcefilename="WithJsonDiscriminator.java"><method name="getJsonDiscriminator" desc="(Ljava/lang/Class;)Ljava/lang/String;" line="35"><counter type="INSTRUCTION" missed="3" covered="10"/><counter type="BRANCH" missed="1" covered="1"/><counter type="LINE" missed="1" covered="3"/><counter type="COMPLEXITY" missed="1" covered="1"/><counter type="METHOD" missed="0" covered="1"/></method><method name="getJsonDiscriminator" desc="()Ljava/lang/String;" line="51"><counter type="INSTRUCTION" missed="0" covered="4"/><counter type="LINE" missed="0" covered="1"/><counter type="COMPLEXITY" missed="0" covered="1"/><counter type="METHOD" missed="0" covered="1"/></method><counter type="INSTRUCTION" missed="3" covered="14"/><counter type="BRANCH" missed="1" covered="1"/><counter type="LINE" missed="1" covered="4"/><counter type="COMPLEXITY" missed="1" covered="2"/><counter type="METHOD" missed="0" covered="2"/><counter type="CLASS" missed="0" covered="1"/></class><sourcefile name="WithJsonDiscriminator.java"><line nr="35" mi="0" ci="5" mb="0" cb="0"/><line nr="37" mi="0" ci="2" mb="1" cb="1"/><line nr="38" mi="3" ci="0" mb="0" cb="0"/><line nr="40" mi="0" ci="3" mb="0" cb="0"/><line nr="51" mi="0" ci="4" mb="0" cb="0"/><counter type="INSTRUCTION" missed="3" covered="14"/><counter type="BRANCH" missed="1" covered="1"/><counter type="LINE" missed="1" covered="4"/><counter type="COMPLEXITY" missed="1" covered="2"/><counter type="METHOD" missed="0" covered="2"/><counter type="CLASS" missed="0" covered="1"/></sourcefile><sourcefile name="WithId.java"/><counter type="INSTRUCTION" missed="3" covered="14"/><counter type="BRANCH" missed="1" covered="1"/><counter type="LINE" missed="1" covered="4"/><counter type="COMPLEXITY" missed="1" covered="2"/><counter type="METHOD" missed="0" covered="2"/><counter type="CLASS" missed="0" covered="1"/></package><package name="ch/colabproject/colab/generator/model/exceptions"><class name="ch/colabproject/colab/generator/model/exceptions/HttpErrorMessage" sourcefilename="HttpErrorMessage.java"><method name="&lt;init&gt;" desc="()V" line="63"><counter type="INSTRUCTION" missed="0" covered="5"/><counter type="LINE" missed="0" covered="2"/><counter type="COMPLEXITY" missed="0" covered="1"/><counter type="METHOD" missed="0" covered="1"/></method><method name="&lt;init&gt;" desc="(Lch/colabproject/colab/generator/model/exceptions/HttpErrorMessage$MessageCode;)V" line="72"><counter type="INSTRUCTION" missed="0" covered="5"/><counter type="LINE" missed="0" covered="2"/><counter type="COMPLEXITY" missed="0" covered="1"/><counter type="METHOD" missed="0" covered="1"/></method><method name="&lt;init&gt;" desc="(Ljavax/ws/rs/core/Response$Status;Lch/colabproject/colab/generator/model/exceptions/HttpErrorMessage$MessageCode;)V" line="82"><counter type="INSTRUCTION" missed="0" covered="7"/><counter type="LINE" missed="0" covered="3"/><counter type="COMPLEXITY" missed="0" covered="1"/><counter type="METHOD" missed="0" covered="1"/></method><method name="&lt;init&gt;" desc="(Lch/colabproject/colab/generator/model/exceptions/HttpErrorMessage$MessageCode;Lch/colabproject/colab/generator/model/exceptions/MessageI18nKey;)V" line="106"><counter type="INSTRUCTION" missed="0" covered="7"/><counter type="LINE" missed="0" covered="3"/><counter type="COMPLEXITY" missed="0" covered="1"/><counter type="METHOD" missed="0" covered="1"/></method><method name="getMessageCode" desc="()Lch/colabproject/colab/generator/model/exceptions/HttpErrorMessage$MessageCode;" line="114"><counter type="INSTRUCTION" missed="0" covered="3"/><counter type="LINE" missed="0" covered="1"/><counter type="COMPLEXITY" missed="0" covered="1"/><counter type="METHOD" missed="0" covered="1"/></method><method name="setMessageCode" desc="(Lch/colabproject/colab/generator/model/exceptions/HttpErrorMessage$MessageCode;)V" line="123"><counter type="INSTRUCTION" missed="0" covered="4"/><counter type="LINE" missed="0" covered="2"/><counter type="COMPLEXITY" missed="0" covered="1"/><counter type="METHOD" missed="0" covered="1"/></method><method name="getMessageI18nKey" desc="()Lch/colabproject/colab/generator/model/exceptions/MessageI18nKey;" line="130"><counter type="INSTRUCTION" missed="0" covered="3"/><counter type="LINE" missed="0" covered="1"/><counter type="COMPLEXITY" missed="0" covered="1"/><counter type="METHOD" missed="0" covered="1"/></method><method name="setMessageI18nKey" desc="(Lch/colabproject/colab/generator/model/exceptions/MessageI18nKey;)V" line="137"><counter type="INSTRUCTION" missed="0" covered="4"/><counter type="LINE" missed="0" covered="2"/><counter type="COMPLEXITY" missed="0" covered="1"/><counter type="METHOD" missed="0" covered="1"/></method><method name="badRequest" desc="()Lch/colabproject/colab/generator/model/exceptions/HttpErrorMessage;" line="144"><counter type="INSTRUCTION" missed="0" covered="5"/><counter type="LINE" missed="0" covered="1"/><counter type="COMPLEXITY" missed="0" covered="1"/><counter type="METHOD" missed="0" covered="1"/></method><method name="notFound" desc="()Lch/colabproject/colab/generator/model/exceptions/HttpErrorMessage;" line="151"><counter type="INSTRUCTION" missed="6" covered="0"/><counter type="LINE" missed="1" covered="0"/><counter type="COMPLEXITY" missed="1" covered="0"/><counter type="METHOD" missed="1" covered="0"/></method><method name="forbidden" desc="()Lch/colabproject/colab/generator/model/exceptions/HttpErrorMessage;" line="159"><counter type="INSTRUCTION" missed="0" covered="6"/><counter type="LINE" missed="0" covered="1"/><counter type="COMPLEXITY" missed="0" covered="1"/><counter type="METHOD" missed="0" covered="1"/></method><method name="authenticationRequired" desc="()Lch/colabproject/colab/generator/model/exceptions/HttpErrorMessage;" line="167"><counter type="INSTRUCTION" missed="0" covered="6"/><counter type="LINE" missed="0" covered="1"/><counter type="COMPLEXITY" missed="0" covered="1"/><counter type="METHOD" missed="0" covered="1"/></method><method name="smtpError" desc="()Lch/colabproject/colab/generator/model/exceptions/HttpErrorMessage;" line="175"><counter type="INSTRUCTION" missed="5" covered="0"/><counter type="LINE" missed="1" covered="0"/><counter type="COMPLEXITY" missed="1" covered="0"/><counter type="METHOD" missed="1" covered="0"/></method><method name="emailMessageError" desc="()Lch/colabproject/colab/generator/model/exceptions/HttpErrorMessage;" line="182"><counter type="INSTRUCTION" missed="5" covered="0"/><counter type="LINE" missed="1" covered="0"/><counter type="COMPLEXITY" missed="1" covered="0"/><counter type="METHOD" missed="1" covered="0"/></method><method name="dataError" desc="(Lch/colabproject/colab/generator/model/exceptions/MessageI18nKey;)Lch/colabproject/colab/generator/model/exceptions/HttpErrorMessage;" line="191"><counter type="INSTRUCTION" missed="0" covered="6"/><counter type="LINE" missed="0" covered="1"/><counter type="COMPLEXITY" missed="0" covered="1"/><counter type="METHOD" missed="0" covered="1"/></method><method name="projectQuotaExceededError" desc="()Lch/colabproject/colab/generator/model/exceptions/HttpErrorMessage;" line="198"><counter type="INSTRUCTION" missed="6" covered="0"/><counter type="LINE" missed="1" covered="0"/><counter type="COMPLEXITY" missed="1" covered="0"/><counter type="METHOD" missed="1" covered="0"/></method><method name="fileSizeLimitExceededError" desc="()Lch/colabproject/colab/generator/model/exceptions/HttpErrorMessage;" line="206"><counter type="INSTRUCTION" missed="6" covered="0"/><counter type="LINE" missed="1" covered="0"/><counter type="COMPLEXITY" missed="1" covered="0"/><counter type="METHOD" missed="1" covered="0"/></method><method name="authenticationFailed" desc="()Lch/colabproject/colab/generator/model/exceptions/HttpErrorMessage;" line="216"><counter type="INSTRUCTION" missed="0" covered="5"/><counter type="LINE" missed="0" covered="1"/><counter type="COMPLEXITY" missed="0" covered="1"/><counter type="METHOD" missed="0" covered="1"/></method><method name="tooManyAttempts" desc="()Lch/colabproject/colab/generator/model/exceptions/HttpErrorMessage;" line="223"><counter type="INSTRUCTION" missed="6" covered="0"/><counter type="LINE" missed="1" covered="0"/><counter type="COMPLEXITY" missed="1" covered="0"/><counter type="METHOD" missed="1" covered="0"/></method><method name="signUpFailed" desc="(Lch/colabproject/colab/generator/model/exceptions/MessageI18nKey;)Lch/colabproject/colab/generator/model/exceptions/HttpErrorMessage;" line="233"><counter type="INSTRUCTION" missed="0" covered="6"/><counter type="LINE" missed="0" covered="1"/><counter type="COMPLEXITY" missed="0" covered="1"/><counter type="METHOD" missed="0" covered="1"/></method><method name="tokenProcessingFailure" desc="(Lch/colabproject/colab/generator/model/exceptions/MessageI18nKey;)Lch/colabproject/colab/generator/model/exceptions/HttpErrorMessage;" line="242"><counter type="INSTRUCTION" missed="6" covered="0"/><counter type="LINE" missed="1" covered="0"/><counter type="COMPLEXITY" missed="1" covered="0"/><counter type="METHOD" missed="1" covered="0"/></method><method name="internalServerError" desc="()Lch/colabproject/colab/generator/model/exceptions/HttpErrorMessage;" line="249"><counter type="INSTRUCTION" missed="6" covered="0"/><counter type="LINE" missed="1" covered="0"/><counter type="COMPLEXITY" missed="1" covered="0"/><counter type="METHOD" missed="1" covered="0"/></method><method name="duplicationError" desc="()Lch/colabproject/colab/generator/model/exceptions/HttpErrorMessage;" line="257"><counter type="INSTRUCTION" missed="6" covered="0"/><counter type="LINE" missed="1" covered="0"/><counter type="COMPLEXITY" missed="1" covered="0"/><counter type="METHOD" missed="1" covered="0"/></method><counter type="INSTRUCTION" missed="52" covered="72"/><counter type="LINE" missed="9" covered="22"/><counter type="COMPLEXITY" missed="9" covered="14"/><counter type="METHOD" missed="9" covered="14"/><counter type="CLASS" missed="0" covered="1"/></class><class name="ch/colabproject/colab/generator/model/exceptions/HttpException" sourcefilename="HttpException.java"><method name="&lt;init&gt;" desc="()V" line="36"><counter type="INSTRUCTION" missed="4" covered="0"/><counter type="LINE" missed="2" covered="0"/><counter type="COMPLEXITY" missed="1" covered="0"/><counter type="METHOD" missed="1" covered="0"/></method><method name="&lt;init&gt;" desc="(Ljavax/ws/rs/core/Response$Status;)V" line="44"><counter type="INSTRUCTION" missed="0" covered="6"/><counter type="LINE" missed="0" covered="3"/><counter type="COMPLEXITY" missed="0" covered="1"/><counter type="METHOD" missed="0" covered="1"/></method><method name="getCause" desc="()Ljava/lang/Throwable;" line="51"><counter type="INSTRUCTION" missed="0" covered="3"/><counter type="LINE" missed="0" covered="1"/><counter type="COMPLEXITY" missed="0" covered="1"/><counter type="METHOD" missed="0" covered="1"/></method><method name="getStackTrace" desc="()[Ljava/lang/StackTraceElement;" line="57"><counter type="INSTRUCTION" missed="3" covered="0"/><counter type="LINE" missed="1" covered="0"/><counter type="COMPLEXITY" missed="1" covered="0"/><counter type="METHOD" missed="1" covered="0"/></method><method name="getHttpStatus" desc="()Ljavax/ws/rs/core/Response$Status;" line="67"><counter type="INSTRUCTION" missed="0" covered="3"/><counter type="LINE" missed="0" covered="1"/><counter type="COMPLEXITY" missed="0" covered="1"/><counter type="METHOD" missed="0" covered="1"/></method><counter type="INSTRUCTION" missed="7" covered="12"/><counter type="LINE" missed="3" covered="5"/><counter type="COMPLEXITY" missed="2" covered="3"/><counter type="METHOD" missed="2" covered="3"/><counter type="CLASS" missed="0" covered="1"/></class><class name="ch/colabproject/colab/generator/model/exceptions/MessageI18nKey" sourcefilename="MessageI18nKey.java"><method name="&lt;clinit&gt;" desc="()V" line="14"><counter type="INSTRUCTION" missed="0" covered="64"/><counter type="LINE" missed="0" covered="7"/><counter type="COMPLEXITY" missed="0" covered="1"/><counter type="METHOD" missed="0" covered="1"/></method><counter type="INSTRUCTION" missed="0" covered="64"/><counter type="LINE" missed="0" covered="7"/><counter type="COMPLEXITY" missed="0" covered="1"/><counter type="METHOD" missed="0" covered="1"/><counter type="CLASS" missed="0" covered="1"/></class><class name="ch/colabproject/colab/generator/model/exceptions/HttpErrorMessage$MessageCode" sourcefilename="HttpErrorMessage.java"><method name="&lt;clinit&gt;" desc="()V" line="25"><counter type="INSTRUCTION" missed="0" covered="154"/><counter type="LINE" missed="0" covered="16"/><counter type="COMPLEXITY" missed="0" covered="1"/><counter type="METHOD" missed="0" covered="1"/></method><counter type="INSTRUCTION" missed="0" covered="154"/><counter type="LINE" missed="0" covered="16"/><counter type="COMPLEXITY" missed="0" covered="1"/><counter type="METHOD" missed="0" covered="1"/><counter type="CLASS" missed="0" covered="1"/></class><sourcefile name="HttpException.java"><line nr="36" mi="3" ci="0" mb="0" cb="0"/><line nr="37" mi="1" ci="0" mb="0" cb="0"/><line nr="44" mi="0" ci="2" mb="0" cb="0"/><line nr="45" mi="0" ci="3" mb="0" cb="0"/><line nr="46" mi="0" ci="1" mb="0" cb="0"/><line nr="51" mi="0" ci="3" mb="0" cb="0"/><line nr="57" mi="3" ci="0" mb="0" cb="0"/><line nr="67" mi="0" ci="3" mb="0" cb="0"/><counter type="INSTRUCTION" missed="7" covered="12"/><counter type="LINE" missed="3" covered="5"/><counter type="COMPLEXITY" missed="2" covered="3"/><counter type="METHOD" missed="2" covered="3"/><counter type="CLASS" missed="0" covered="1"/></sourcefile><sourcefile name="MessageI18nKey.java"><line nr="14" mi="0" ci="28" mb="0" cb="0"/><line nr="17" mi="0" ci="6" mb="0" cb="0"/><line nr="18" mi="0" ci="6" mb="0" cb="0"/><line nr="20" mi="0" ci="6" mb="0" cb="0"/><line nr="21" mi="0" ci="6" mb="0" cb="0"/><line nr="23" mi="0" ci="6" mb="0" cb="0"/><line nr="24" mi="0" ci="6" mb="0" cb="0"/><counter type="INSTRUCTION" missed="0" covered="64"/><counter type="LINE" missed="0" covered="7"/><counter type="COMPLEXITY" missed="0" covered="1"/><counter type="METHOD" missed="0" covered="1"/><counter type="CLASS" missed="0" covered="1"/></sourcefile><sourcefile name="HttpErrorMessage.java"><line nr="25" mi="0" ci="64" mb="0" cb="0"/><line nr="26" mi="0" ci="6" mb="0" cb="0"/><line nr="27" mi="0" ci="6" mb="0" cb="0"/><line nr="28" mi="0" ci="6" mb="0" cb="0"/><line nr="29" mi="0" ci="6" mb="0" cb="0"/><line nr="30" mi="0" ci="6" mb="0" cb="0"/><line nr="31" mi="0" ci="6" mb="0" cb="0"/><line nr="32" mi="0" ci="6" mb="0" cb="0"/><line nr="33" mi="0" ci="6" mb="0" cb="0"/><line nr="34" mi="0" ci="6" mb="0" cb="0"/><line nr="36" mi="0" ci="6" mb="0" cb="0"/><line nr="38" mi="0" ci="6" mb="0" cb="0"/><line nr="40" mi="0" ci="6" mb="0" cb="0"/><line nr="42" mi="0" ci="6" mb="0" cb="0"/><line nr="44" mi="0" ci="6" mb="0" cb="0"/><line nr="46" mi="0" ci="6" mb="0" cb="0"/><line nr="63" mi="0" ci="4" mb="0" cb="0"/><line nr="64" mi="0" ci="1" mb="0" cb="0"/><line nr="72" mi="0" ci="4" mb="0" cb="0"/><line nr="73" mi="0" ci="1" mb="0" cb="0"/><line nr="82" mi="0" ci="3" mb="0" cb="0"/><line nr="83" mi="0" ci="3" mb="0" cb="0"/><line nr="84" mi="0" ci="1" mb="0" cb="0"/><line nr="106" mi="0" ci="3" mb="0" cb="0"/><line nr="107" mi="0" ci="3" mb="0" cb="0"/><line nr="108" mi="0" ci="1" mb="0" cb="0"/><line nr="114" mi="0" ci="3" mb="0" cb="0"/><line nr="123" mi="0" ci="3" mb="0" cb="0"/><line nr="124" mi="0" ci="1" mb="0" cb="0"/><line nr="130" mi="0" ci="3" mb="0" cb="0"/><line nr="137" mi="0" ci="3" mb="0" cb="0"/><line nr="138" mi="0" ci="1" mb="0" cb="0"/><line nr="144" mi="0" ci="5" mb="0" cb="0"/><line nr="151" mi="6" ci="0" mb="0" cb="0"/><line nr="159" mi="0" ci="6" mb="0" cb="0"/><line nr="167" mi="0" ci="6" mb="0" cb="0"/><line nr="175" mi="5" ci="0" mb="0" cb="0"/><line nr="182" mi="5" ci="0" mb="0" cb="0"/><line nr="191" mi="0" ci="6" mb="0" cb="0"/><line nr="198" mi="6" ci="0" mb="0" cb="0"/><line nr="206" mi="6" ci="0" mb="0" cb="0"/><line nr="216" mi="0" ci="5" mb="0" cb="0"/><line nr="223" mi="6" ci="0" mb="0" cb="0"/><line nr="233" mi="0" ci="6" mb="0" cb="0"/><line nr="242" mi="6" ci="0" mb="0" cb="0"/><line nr="249" mi="6" ci="0" mb="0" cb="0"/><line nr="257" mi="6" ci="0" mb="0" cb="0"/><counter type="INSTRUCTION" missed="52" covered="226"/><counter type="LINE" missed="9" covered="38"/><counter type="COMPLEXITY" missed="9" covered="15"/><counter type="METHOD" missed="9" covered="15"/><counter type="CLASS" missed="0" covered="2"/></sourcefile><counter type="INSTRUCTION" missed="59" covered="302"/><counter type="LINE" missed="12" covered="50"/><counter type="COMPLEXITY" missed="11" covered="19"/><counter type="METHOD" missed="11" covered="19"/><counter type="CLASS" missed="0" covered="4"/></package><counter type="INSTRUCTION" missed="375" covered="489"/><counter type="BRANCH" missed="28" covered="4"/><counter type="LINE" missed="90" covered="104"/><counter type="COMPLEXITY" missed="40" covered="41"/><counter type="METHOD" missed="25" covered="40"/><counter type="CLASS" missed="0" covered="11"/></group><counter type="INSTRUCTION" missed="3283" covered="4450"/><counter type="BRANCH" missed="28" covered="4"/><counter type="LINE" missed="391" covered="552"/><counter type="COMPLEXITY" missed="138" covered="209"/><counter type="METHOD" missed="123" covered="208"/><counter type="CLASS" missed="15" covered="63"/></report>