GROUP,PACKAGE,CLASS,INSTRUCTION_MISSED,INSTRUCTION_COVERED,BRANCH_MISSED,BRANCH_COVERED,LINE_MISSED,LINE_COVERED,COMPLEXITY_MISSED,COMPLEXITY_COVERED,METHOD_MISSED,METHOD_COVERED
colab-tests/colab-client,ch.colabproject.colab.client,ColabClient.CardRestEndpointClientImpl,48,325,0,0,6,40,2,13,2,13
colab-tests/colab-client,ch.colabproject.colab.client,ColabClient.ResourceRestEndpointClientImpl,0,431,0,0,0,59,0,17,0,17
colab-tests/colab-client,ch.colabproject.colab.client,ColabClient.DocumentRestEndpointClientImpl,0,149,0,0,0,21,0,7,0,7
colab-tests/colab-client,ch.colabproject.colab.client,ColabClient.CardContentRestEndpointClientImpl,22,259,0,0,3,33,1,11,1,11
colab-tests/colab-client,ch.colabproject.colab.client,ColabClient.CardTypeRestEndpointClientImpl,31,155,0,0,4,23,1,8,1,8
colab-tests/colab-client,ch.colabproject.colab.client,ColabClient,0,97,0,0,0,17,0,1,0,1
colab-tests/colab-client,ch.colabproject.colab.client,ColabClient.ActivityFlowLinkRestEndpointClientImpl,0,134,0,0,0,19,0,6,0,6
colab-tests/colab-client,ch.colabproject.colab.client,ColabClient.WebsocketRestEndpointClientImpl.new GenericType() {...},0,6,0,0,0,1,0,1,0,1
colab-tests/colab-client,ch.colabproject.colab.client,ColabClient.UserRestEndpointClientImpl.new GenericType() {...},0,6,0,0,0,1,0,1,0,1
colab-tests/colab-client,ch.colabproject.colab.client,ColabClient.ProjectRestEndpointClientImpl,99,227,0,0,12,30,4,10,4,10
colab-tests/colab-client,ch.colabproject.colab.client,ColabClient.UserRestEndpointClientImpl.new GenericType() {...},6,0,0,0,1,0,1,0,1,0
colab-tests/colab-client,ch.colabproject.colab.client,ColabClient.ProjectRestEndpointClientImpl.new GenericType() {...},6,0,0,0,1,0,1,0,1,0
colab-tests/colab-client,ch.colabproject.colab.client,ColabClient.ProjectRestEndpointClientImpl.new GenericType() {...},6,0,0,0,1,0,1,0,1,0
colab-tests/colab-client,ch.colabproject.colab.client,ColabClient.ProjectRestEndpointClientImpl.new GenericType() {...},6,0,0,0,1,0,1,0,1,0
colab-tests/colab-client,ch.colabproject.colab.client,ColabClient.ProjectRestEndpointClientImpl.new GenericType() {...},0,6,0,0,0,1,0,1,0,1
colab-tests/colab-client,ch.colabproject.colab.client,ColabClient.ProjectRestEndpointClientImpl.new GenericType() {...},6,0,0,0,1,0,1,0,1,0
colab-tests/colab-client,ch.colabproject.colab.client,ColabClient.CardContentRestEndpointClientImpl.new GenericType() {...},0,6,0,0,0,1,0,1,0,1
colab-tests/colab-client,ch.colabproject.colab.client,ColabClient.ProjectRestEndpointClientImpl.new GenericType() {...},0,6,0,0,0,1,0,1,0,1
colab-tests/colab-client,ch.colabproject.colab.client,ColabClient.CardContentRestEndpointClientImpl.new GenericType() {...},0,6,0,0,0,1,0,1,0,1
colab-tests/colab-client,ch.colabproject.colab.client,ColabClient.CardContentRestEndpointClientImpl.new GenericType() {...},0,6,0,0,0,1,0,1,0,1
colab-tests/colab-client,ch.colabproject.colab.client,ColabClient.ProjectRestEndpointClientImpl.new GenericType() {...},0,6,0,0,0,1,0,1,0,1
colab-tests/colab-client,ch.colabproject.colab.client,ColabClient.TeamRestEndpointClientImpl.new GenericType() {...},6,0,0,0,1,0,1,0,1,0
colab-tests/colab-client,ch.colabproject.colab.client,ColabClient.ResourceRestEndpointClientImpl.new GenericType() {...},0,6,0,0,0,1,0,1,0,1
colab-tests/colab-client,ch.colabproject.colab.client,ColabClient.ResourceRestEndpointClientImpl.new GenericType() {...},0,6,0,0,0,1,0,1,0,1
colab-tests/colab-client,ch.colabproject.colab.client,ColabClient.ResourceRestEndpointClientImpl.new GenericType() {...},0,6,0,0,0,1,0,1,0,1
colab-tests/colab-client,ch.colabproject.colab.client,ColabClient.ProjectRestEndpointClientImpl.new GenericType() {...},0,6,0,0,0,1,0,1,0,1
colab-tests/colab-client,ch.colabproject.colab.client,ColabClient.ResourceRestEndpointClientImpl.new GenericType() {...},0,6,0,0,0,1,0,1,0,1
colab-tests/colab-client,ch.colabproject.colab.client,ColabClient.BlockRestEndpointClientImpl.new GenericType() {...},6,0,0,0,1,0,1,0,1,0
colab-tests/colab-client,ch.colabproject.colab.client,ColabClient.BlockRestEndpointClientImpl.new GenericType() {...},0,6,0,0,0,1,0,1,0,1
colab-tests/colab-client,ch.colabproject.colab.client,ColabClient.UserRestEndpointClientImpl,105,298,0,0,15,48,4,14,4,14
colab-tests/colab-client,ch.colabproject.colab.client,ColabClient.WebsocketRestEndpointClientImpl,135,88,0,0,21,15,5,5,5,5
colab-tests/colab-client,ch.colabproject.colab.client,ColabClient.MonitoringRestEndpointClientImpl,41,38,0,0,6,5,1,3,1,3
colab-tests/colab-client,ch.colabproject.colab.client,ColabClient.CardRestEndpointClientImpl.new GenericType() {...},0,6,0,0,0,1,0,1,0,1
colab-tests/colab-client,ch.colabproject.colab.client,ColabClient.CardRestEndpointClientImpl.new GenericType() {...},0,6,0,0,0,1,0,1,0,1
colab-tests/colab-client,ch.colabproject.colab.client,ColabClient.CardRestEndpointClientImpl.new GenericType() {...},0,6,0,0,0,1,0,1,0,1
colab-tests/colab-client,ch.colabproject.colab.client,ColabClient.CardRestEndpointClientImpl.new GenericType() {...},0,6,0,0,0,1,0,1,0,1
colab-tests/colab-client,ch.colabproject.colab.client,ColabClient.CardRestEndpointClientImpl.new GenericType() {...},0,6,0,0,0,1,0,1,0,1
colab-tests/colab-client,ch.colabproject.colab.client,ColabClient.CardRestEndpointClientImpl.new GenericType() {...},0,6,0,0,0,1,0,1,0,1
colab-tests/colab-client,ch.colabproject.colab.client,ColabClient.BlockRestEndpointClientImpl,63,170,0,0,9,23,2,8,2,8
colab-tests/colab-client,ch.colabproject.colab.client,ColabClient.TokenRestEndpointClientImpl,0,63,0,0,0,7,0,3,0,3
colab-tests/colab-client,ch.colabproject.colab.client,ColabClient.CardRestEndpointClientImpl.new GenericType() {...},6,0,0,0,1,0,1,0,1,0
colab-tests/colab-client,ch.colabproject.colab.client,ColabClient.StickyNoteLinkRestEndpointClientImpl,0,237,0,0,0,35,0,10,0,10
colab-tests/colab-client,ch.colabproject.colab.client,ColabClient.ConfigRestEndpointClientImpl,21,6,0,0,3,1,1,1,1,1
colab-tests/colab-client,ch.colabproject.colab.client,ColabClient.TeamRestEndpointClientImpl,292,142,0,0,38,17,10,6,10,6
colab-tests/colab-client,ch.colabproject.colab.client,ColabClient.MonitoringRestEndpointClientImpl.new GenericType() {...},0,6,0,0,0,1,0,1,0,1
colab-tests/colab-client,ch.colabproject.colab.client,ColabClient.DocumentRestEndpointClientImpl.new GenericType() {...},0,6,0,0,0,1,0,1,0,1
colab-tests/colab-client,ch.colabproject.colab.client,ColabClient.CardTypeRestEndpointClientImpl.new GenericType() {...},0,6,0,0,0,1,0,1,0,1
colab-tests/colab-client,ch.colabproject.colab.client,ColabClient.CardTypeRestEndpointClientImpl.new GenericType() {...},0,6,0,0,0,1,0,1,0,1
colab-tests/colab-client,ch.colabproject.colab.client,ColabClient.CardTypeRestEndpointClientImpl.new GenericType() {...},6,0,0,0,1,0,1,0,1,0
colab-tests/colab-client,ch.colabproject.colab.client,ColabClient.CardTypeRestEndpointClientImpl.new GenericType() {...},0,6,0,0,0,1,0,1,0,1
colab-tests/colab-client,ch.colabproject.colab.client,ColabClient.DocumentRestEndpointClientImpl.new GenericType() {...},0,6,0,0,0,1,0,1,0,1
colab-tests/client-generator-model,ch.colabproject.colab.generator.model.tools,PolymorphicDeserializer,0,84,1,3,0,20,1,6,0,5
colab-tests/client-generator-model,ch.colabproject.colab.generator.model.tools,JsonbProvider,0,33,0,0,0,8,0,3,0,3
colab-tests/client-generator-model,ch.colabproject.colab.generator.model.tools,JavaDocExtractor,278,14,26,0,68,5,21,1,8,1
colab-tests/client-generator-model,ch.colabproject.colab.generator.model.tools,DateSerDe,0,24,0,0,0,6,0,3,0,3
colab-tests/client-generator-model,ch.colabproject.colab.generator.model.tools,ClassDoc,21,33,0,0,6,13,6,6,6,6
colab-tests/client-generator-model,ch.colabproject.colab.generator.model.tools,JavaDocExtractor.new TypeLiteral() {...},0,3,0,0,0,1,0,1,0,1
colab-tests/client-generator-model,ch.colabproject.colab.generator.model.interfaces,WithJsonDiscriminator,3,14,1,1,1,4,1,2,0,2
colab-tests/client-generator-model,ch.colabproject.colab.generator.model.exceptions,HttpErrorMessage,32,51,0,0,6,15,6,10,6,10
colab-tests/client-generator-model,ch.colabproject.colab.generator.model.exceptions,HttpException,4,15,0,0,2,6,1,4,1,4
colab-tests/client-generator-model,ch.colabproject.colab.generator.model.exceptions,HttpErrorMessage.MessageCode,0,114,0,0,0,12,0,1,0,1
