<?xml version="1.0" encoding="UTF-8" standalone="yes"?><!DOCTYPE report PUBLIC "-//JACOCO//DTD Report 1.1//EN" "report.dtd"><report name="colab-tests"><sessioninfo id="fv-az559-457-cf12df6b" start="1671226713209" dump="1671227002396"/><group name="colab-webapp"/><group name="colab-client"><package name="ch/colabproject/colab/client"><class name="ch/colabproject/colab/client/ColabClient$ChangeRestEndpointClientImpl" sourcefilename="ColabClient.java"><method name="&lt;init&gt;" desc="(Lch/colabproject/colab/client/ColabClient;)V" line="1020"><counter type="INSTRUCTION" missed="0" covered="6"/><counter type="LINE" missed="0" covered="1"/><counter type="COMPLEXITY" missed="0" covered="1"/><counter type="METHOD" missed="0" covered="1"/></method><method name="patchBlock" desc="(Ljava/lang/Long;Lch/colabproject/colab/api/microchanges/model/Change;)V" line="1032"><counter type="INSTRUCTION" missed="33" covered="0"/><counter type="LINE" missed="4" covered="0"/><counter type="COMPLEXITY" missed="1" covered="0"/><counter type="METHOD" missed="1" covered="0"/></method><method name="deletePendingChanges" desc="(Ljava/lang/Long;)V" line="1046"><counter type="INSTRUCTION" missed="32" covered="0"/><counter type="LINE" missed="4" covered="0"/><counter type="COMPLEXITY" missed="1" covered="0"/><counter type="METHOD" missed="1" covered="0"/></method><method name="getMonitoringData" desc="()Ljava/util/List;" line="1060"><counter type="INSTRUCTION" missed="16" covered="11"/><counter type="LINE" missed="1" covered="2"/><counter type="COMPLEXITY" missed="0" covered="1"/><counter type="METHOD" missed="0" covered="1"/></method><method name="getChanges" desc="(Ljava/lang/Long;)Ljava/util/List;" line="1076"><counter type="INSTRUCTION" missed="32" covered="0"/><counter type="LINE" missed="3" covered="0"/><counter type="COMPLEXITY" missed="1" covered="0"/><counter type="METHOD" missed="1" covered="0"/></method><counter type="INSTRUCTION" missed="113" covered="17"/><counter type="LINE" missed="12" covered="3"/><counter type="COMPLEXITY" missed="3" covered="2"/><counter type="METHOD" missed="3" covered="2"/><counter type="CLASS" missed="0" covered="1"/></class><class name="ch/colabproject/colab/client/ColabClient$CardRestEndpointClientImpl" sourcefilename="ColabClient.java"><method name="&lt;init&gt;" desc="(Lch/colabproject/colab/client/ColabClient;)V" line="1940"><counter type="INSTRUCTION" missed="0" covered="6"/><counter type="LINE" missed="0" covered="1"/><counter type="COMPLEXITY" missed="0" covered="1"/><counter type="METHOD" missed="0" covered="1"/></method><method name="getStickyNoteLinksAsSrc" desc="(Ljava/lang/Long;)Ljava/util/List;" line="1953"><counter type="INSTRUCTION" missed="0" covered="32"/><counter type="LINE" missed="0" covered="3"/><counter type="COMPLEXITY" missed="0" covered="1"/><counter type="METHOD" missed="0" covered="1"/></method><method name="getCard" desc="(Ljava/lang/Long;)Lch/colabproject/colab/api/model/card/Card;" line="1969"><counter type="INSTRUCTION" missed="0" covered="32"/><counter type="LINE" missed="0" covered="3"/><counter type="COMPLEXITY" missed="0" covered="1"/><counter type="METHOD" missed="0" covered="1"/></method><method name="createNewCardWithoutType" desc="(Ljava/lang/Long;)Lch/colabproject/colab/api/model/card/Card;" line="1985"><counter type="INSTRUCTION" missed="0" covered="32"/><counter type="LINE" missed="0" covered="3"/><counter type="COMPLEXITY" missed="0" covered="1"/><counter type="METHOD" missed="0" covered="1"/></method><method name="createNewCard" desc="(Ljava/lang/Long;Ljava/lang/Long;)Lch/colabproject/colab/api/model/card/Card;" line="2002"><counter type="INSTRUCTION" missed="0" covered="37"/><counter type="LINE" missed="0" covered="3"/><counter type="COMPLEXITY" missed="0" covered="1"/><counter type="METHOD" missed="0" covered="1"/></method><method name="createNewCardWithDeliverableWithoutType" desc="(Ljava/lang/Long;Lch/colabproject/colab/api/model/document/Document;)Lch/colabproject/colab/api/model/card/Card;" line="2019"><counter type="INSTRUCTION" missed="33" covered="0"/><counter type="LINE" missed="3" covered="0"/><counter type="COMPLEXITY" missed="1" covered="0"/><counter type="METHOD" missed="1" covered="0"/></method><method name="createNewCardWithDeliverable" desc="(Ljava/lang/Long;Ljava/lang/Long;Lch/colabproject/colab/api/model/document/Document;)Lch/colabproject/colab/api/model/card/Card;" line="2037"><counter type="INSTRUCTION" missed="0" covered="38"/><counter type="LINE" missed="0" covered="3"/><counter type="COMPLEXITY" missed="0" covered="1"/><counter type="METHOD" missed="0" covered="1"/></method><method name="updateCard" desc="(Lch/colabproject/colab/api/model/card/Card;)V" line="2053"><counter type="INSTRUCTION" missed="0" covered="28"/><counter type="LINE" missed="0" covered="4"/><counter type="COMPLEXITY" missed="0" covered="1"/><counter type="METHOD" missed="0" covered="1"/></method><method name="changeCardPosition" desc="(Ljava/lang/Long;Lch/colabproject/colab/api/controller/card/grid/GridPosition;)V" line="2070"><counter type="INSTRUCTION" missed="0" covered="33"/><counter type="LINE" missed="0" covered="4"/><counter type="COMPLEXITY" missed="0" covered="1"/><counter type="METHOD" missed="0" covered="1"/></method><method name="moveCard" desc="(Ljava/lang/Long;Ljava/lang/Long;)V" line="2087"><counter type="INSTRUCTION" missed="0" covered="37"/><counter type="LINE" missed="0" covered="4"/><counter type="COMPLEXITY" missed="0" covered="1"/><counter type="METHOD" missed="0" covered="1"/></method><method name="deleteCard" desc="(Ljava/lang/Long;)V" line="2101"><counter type="INSTRUCTION" missed="0" covered="32"/><counter type="LINE" missed="0" covered="4"/><counter type="COMPLEXITY" missed="0" covered="1"/><counter type="METHOD" missed="0" covered="1"/></method><method name="getContentVariantsOfCard" desc="(Ljava/lang/Long;)Ljava/util/List;" line="2117"><counter type="INSTRUCTION" missed="0" covered="32"/><counter type="LINE" missed="0" covered="3"/><counter type="COMPLEXITY" missed="0" covered="1"/><counter type="METHOD" missed="0" covered="1"/></method><method name="getStickyNoteLinksAsDest" desc="(Ljava/lang/Long;)Ljava/util/List;" line="2133"><counter type="INSTRUCTION" missed="0" covered="32"/><counter type="LINE" missed="0" covered="3"/><counter type="COMPLEXITY" missed="0" covered="1"/><counter type="METHOD" missed="0" covered="1"/></method><method name="getActivityFlowLinksAsPrevious" desc="(Ljava/lang/Long;)Ljava/util/List;" line="2149"><counter type="INSTRUCTION" missed="0" covered="32"/><counter type="LINE" missed="0" covered="3"/><counter type="COMPLEXITY" missed="0" covered="1"/><counter type="METHOD" missed="0" covered="1"/></method><method name="getActivityFlowLinksAsNext" desc="(Ljava/lang/Long;)Ljava/util/List;" line="2165"><counter type="INSTRUCTION" missed="0" covered="32"/><counter type="LINE" missed="0" covered="3"/><counter type="COMPLEXITY" missed="0" covered="1"/><counter type="METHOD" missed="0" covered="1"/></method><method name="getAcls" desc="(Ljava/lang/Long;)Ljava/util/List;" line="2181"><counter type="INSTRUCTION" missed="32" covered="0"/><counter type="LINE" missed="3" covered="0"/><counter type="COMPLEXITY" missed="1" covered="0"/><counter type="METHOD" missed="1" covered="0"/></method><method name="createCardType" desc="(Ljava/lang/Long;)V" line="2193"><counter type="INSTRUCTION" missed="32" covered="0"/><counter type="LINE" missed="4" covered="0"/><counter type="COMPLEXITY" missed="1" covered="0"/><counter type="METHOD" missed="1" covered="0"/></method><counter type="INSTRUCTION" missed="97" covered="435"/><counter type="LINE" missed="10" covered="44"/><counter type="COMPLEXITY" missed="3" covered="14"/><counter type="METHOD" missed="3" covered="14"/><counter type="CLASS" missed="0" covered="1"/></class><class name="ch/colabproject/colab/client/ColabClient$ResourceRestEndpointClientImpl" sourcefilename="ColabClient.java"><method name="&lt;init&gt;" desc="(Lch/colabproject/colab/client/ColabClient;)V" line="1215"><counter type="INSTRUCTION" missed="0" covered="6"/><counter type="LINE" missed="0" covered="1"/><counter type="COMPLEXITY" missed="0" covered="1"/><counter type="METHOD" missed="0" covered="1"/></method><method name="renameCategoryForCardContent" desc="(Ljava/lang/Long;Ljava/lang/String;Ljava/lang/String;)V" line="1228"><counter type="INSTRUCTION" missed="0" covered="42"/><counter type="LINE" missed="0" covered="4"/><counter type="COMPLEXITY" missed="0" covered="1"/><counter type="METHOD" missed="0" covered="1"/></method><method name="getDocumentsOfResource" desc="(Ljava/lang/Long;)Ljava/util/List;" line="1244"><counter type="INSTRUCTION" missed="0" covered="32"/><counter type="LINE" missed="0" covered="3"/><counter type="COMPLEXITY" missed="0" covered="1"/><counter type="METHOD" missed="0" covered="1"/></method><method name="getStickyNoteLinksAsSrc" desc="(Ljava/lang/Long;)Ljava/util/List;" line="1260"><counter type="INSTRUCTION" missed="0" covered="32"/><counter type="LINE" missed="0" covered="3"/><counter type="COMPLEXITY" missed="0" covered="1"/><counter type="METHOD" missed="0" covered="1"/></method><method name="getResourceChainForCard" desc="(Ljava/lang/Long;)Ljava/util/List;" line="1277"><counter type="INSTRUCTION" missed="0" covered="32"/><counter type="LINE" missed="0" covered="3"/><counter type="COMPLEXITY" missed="0" covered="1"/><counter type="METHOD" missed="0" covered="1"/></method><method name="getResourceChainForCardContent" desc="(Ljava/lang/Long;)Ljava/util/List;" line="1294"><counter type="INSTRUCTION" missed="0" covered="32"/><counter type="LINE" missed="0" covered="3"/><counter type="COMPLEXITY" missed="0" covered="1"/><counter type="METHOD" missed="0" covered="1"/></method><method name="getDirectAbstractResourcesOfProject" desc="(Ljava/lang/Long;)Ljava/util/List;" line="1312"><counter type="INSTRUCTION" missed="0" covered="32"/><counter type="LINE" missed="0" covered="3"/><counter type="COMPLEXITY" missed="0" covered="1"/><counter type="METHOD" missed="0" covered="1"/></method><method name="getResourceExternalReferences" desc="(Ljava/lang/Long;)Ljava/util/List;" line="1329"><counter type="INSTRUCTION" missed="32" covered="0"/><counter type="LINE" missed="3" covered="0"/><counter type="COMPLEXITY" missed="1" covered="0"/><counter type="METHOD" missed="1" covered="0"/></method><method name="updateResource" desc="(Lch/colabproject/colab/api/model/document/Resource;)V" line="1345"><counter type="INSTRUCTION" missed="0" covered="28"/><counter type="LINE" missed="0" covered="4"/><counter type="COMPLEXITY" missed="0" covered="1"/><counter type="METHOD" missed="0" covered="1"/></method><method name="updateResourceRef" desc="(Lch/colabproject/colab/api/model/document/ResourceRef;)V" line="1361"><counter type="INSTRUCTION" missed="0" covered="28"/><counter type="LINE" missed="0" covered="4"/><counter type="COMPLEXITY" missed="0" covered="1"/><counter type="METHOD" missed="0" covered="1"/></method><method name="damr1" desc="(Ljava/lang/Long;Ljava/lang/String;Ljava/lang/Long;)Ljava/lang/Long;" line="1379"><counter type="INSTRUCTION" missed="42" covered="0"/><counter type="LINE" missed="3" covered="0"/><counter type="COMPLEXITY" missed="1" covered="0"/><counter type="METHOD" missed="1" covered="0"/></method><method name="discardResourceOrRef" desc="(Ljava/lang/Long;)V" line="1395"><counter type="INSTRUCTION" missed="0" covered="28"/><counter type="LINE" missed="0" covered="4"/><counter type="COMPLEXITY" missed="0" covered="1"/><counter type="METHOD" missed="0" covered="1"/></method><method name="restoreResourceOrRef" desc="(Ljava/lang/Long;)V" line="1411"><counter type="INSTRUCTION" missed="0" covered="28"/><counter type="LINE" missed="0" covered="4"/><counter type="COMPLEXITY" missed="0" covered="1"/><counter type="METHOD" missed="0" covered="1"/></method><method name="publishResource" desc="(Ljava/lang/Long;)V" line="1425"><counter type="INSTRUCTION" missed="0" covered="28"/><counter type="LINE" missed="0" covered="4"/><counter type="COMPLEXITY" missed="0" covered="1"/><counter type="METHOD" missed="0" covered="1"/></method><method name="unpublishResource" desc="(Ljava/lang/Long;)V" line="1439"><counter type="INSTRUCTION" missed="0" covered="28"/><counter type="LINE" missed="0" covered="4"/><counter type="COMPLEXITY" missed="0" covered="1"/><counter type="METHOD" missed="0" covered="1"/></method><method name="moveResource" desc="(Ljava/lang/Long;Ljava/lang/String;Ljava/lang/Long;Ljava/lang/Boolean;)V" line="1456"><counter type="INSTRUCTION" missed="47" covered="0"/><counter type="LINE" missed="4" covered="0"/><counter type="COMPLEXITY" missed="1" covered="0"/><counter type="METHOD" missed="1" covered="0"/></method><method name="addDocumentAtBeginning" desc="(Ljava/lang/Long;Lch/colabproject/colab/api/model/document/Document;)Lch/colabproject/colab/api/model/document/Document;" line="1473"><counter type="INSTRUCTION" missed="33" covered="0"/><counter type="LINE" missed="3" covered="0"/><counter type="COMPLEXITY" missed="1" covered="0"/><counter type="METHOD" missed="1" covered="0"/></method><method name="addDocumentAtEnd" desc="(Ljava/lang/Long;Lch/colabproject/colab/api/model/document/Document;)Lch/colabproject/colab/api/model/document/Document;" line="1490"><counter type="INSTRUCTION" missed="0" covered="33"/><counter type="LINE" missed="0" covered="3"/><counter type="COMPLEXITY" missed="0" covered="1"/><counter type="METHOD" missed="0" covered="1"/></method><method name="addDocumentBefore" desc="(Ljava/lang/Long;Ljava/lang/Long;Lch/colabproject/colab/api/model/document/Document;)Lch/colabproject/colab/api/model/document/Document;" line="1508"><counter type="INSTRUCTION" missed="38" covered="0"/><counter type="LINE" missed="3" covered="0"/><counter type="COMPLEXITY" missed="1" covered="0"/><counter type="METHOD" missed="1" covered="0"/></method><method name="addDocumentAfter" desc="(Ljava/lang/Long;Ljava/lang/Long;Lch/colabproject/colab/api/model/document/Document;)Lch/colabproject/colab/api/model/document/Document;" line="1526"><counter type="INSTRUCTION" missed="38" covered="0"/><counter type="LINE" missed="3" covered="0"/><counter type="COMPLEXITY" missed="1" covered="0"/><counter type="METHOD" missed="1" covered="0"/></method><method name="removeDocument" desc="(Ljava/lang/Long;Ljava/lang/Long;)V" line="1541"><counter type="INSTRUCTION" missed="0" covered="33"/><counter type="LINE" missed="0" covered="4"/><counter type="COMPLEXITY" missed="0" covered="1"/><counter type="METHOD" missed="0" covered="1"/></method><method name="deleteResource" desc="(Ljava/lang/Long;)V" line="1555"><counter type="INSTRUCTION" missed="0" covered="32"/><counter type="LINE" missed="0" covered="4"/><counter type="COMPLEXITY" missed="0" covered="1"/><counter type="METHOD" missed="0" covered="1"/></method><method name="changeCategory" desc="(Ljava/lang/Long;Ljava/lang/String;)V" line="1571"><counter type="INSTRUCTION" missed="0" covered="37"/><counter type="LINE" missed="0" covered="4"/><counter type="COMPLEXITY" missed="0" covered="1"/><counter type="METHOD" missed="0" covered="1"/></method><method name="changeCategoryForList" desc="(Ljava/lang/String;Ljava/util/List;)V" line="1587"><counter type="INSTRUCTION" missed="0" covered="33"/><counter type="LINE" missed="0" covered="4"/><counter type="COMPLEXITY" missed="0" covered="1"/><counter type="METHOD" missed="0" covered="1"/></method><method name="removeCategory" desc="(Ljava/lang/Long;)V" line="1601"><counter type="INSTRUCTION" missed="0" covered="32"/><counter type="LINE" missed="0" covered="4"/><counter type="COMPLEXITY" missed="0" covered="1"/><counter type="METHOD" missed="0" covered="1"/></method><method name="removeCategoryForList" desc="(Ljava/util/List;)V" line="1615"><counter type="INSTRUCTION" missed="0" covered="28"/><counter type="LINE" missed="0" covered="4"/><counter type="COMPLEXITY" missed="0" covered="1"/><counter type="METHOD" missed="0" covered="1"/></method><method name="renameCategoryForCardType" desc="(Ljava/lang/Long;Ljava/lang/String;Ljava/lang/String;)V" line="1631"><counter type="INSTRUCTION" missed="0" covered="42"/><counter type="LINE" missed="0" covered="4"/><counter type="COMPLEXITY" missed="0" covered="1"/><counter type="METHOD" missed="0" covered="1"/></method><method name="renameCategoryForCard" desc="(Ljava/lang/Long;Ljava/lang/String;Ljava/lang/String;)V" line="1647"><counter type="INSTRUCTION" missed="0" covered="42"/><counter type="LINE" missed="0" covered="4"/><counter type="COMPLEXITY" missed="0" covered="1"/><counter type="METHOD" missed="0" covered="1"/></method><method name="createResource" desc="(Lch/colabproject/colab/api/rest/document/bean/ResourceCreationData;)Ljava/lang/Long;" line="1663"><counter type="INSTRUCTION" missed="0" covered="28"/><counter type="LINE" missed="0" covered="3"/><counter type="COMPLEXITY" missed="0" covered="1"/><counter type="METHOD" missed="0" covered="1"/></method><method name="getResourceChainForAbstractCardType" desc="(Ljava/lang/Long;)Ljava/util/List;" line="1681"><counter type="INSTRUCTION" missed="0" covered="32"/><counter type="LINE" missed="0" covered="3"/><counter type="COMPLEXITY" missed="0" covered="1"/><counter type="METHOD" missed="0" covered="1"/></method><method name="getAbstractResource" desc="(Ljava/lang/Long;)Lch/colabproject/colab/api/model/document/AbstractResource;" line="1697"><counter type="INSTRUCTION" missed="0" covered="32"/><counter type="LINE" missed="0" covered="3"/><counter type="COMPLEXITY" missed="0" covered="1"/><counter type="METHOD" missed="0" covered="1"/></method><counter type="INSTRUCTION" missed="230" covered="780"/><counter type="LINE" missed="19" covered="88"/><counter type="COMPLEXITY" missed="6" covered="25"/><counter type="METHOD" missed="6" covered="25"/><counter type="CLASS" missed="0" covered="1"/></class><class name="ch/colabproject/colab/client/ColabClient$PresenceRestEndpointClientImpl" sourcefilename="ColabClient.java"><method name="&lt;init&gt;" desc="(Lch/colabproject/colab/client/ColabClient;)V" line="1095"><counter type="INSTRUCTION" missed="0" covered="6"/><counter type="LINE" missed="0" covered="1"/><counter type="COMPLEXITY" missed="0" covered="1"/><counter type="METHOD" missed="0" covered="1"/></method><method name="getProjectPresence" desc="(Ljava/lang/Long;)Ljava/util/Collection;" line="1108"><counter type="INSTRUCTION" missed="32" covered="0"/><counter type="LINE" missed="3" covered="0"/><counter type="COMPLEXITY" missed="1" covered="0"/><counter type="METHOD" missed="1" covered="0"/></method><method name="updateUserPresence" desc="(Lch/colabproject/colab/api/presence/model/TouchUserPresence;)V" line="1122"><counter type="INSTRUCTION" missed="28" covered="0"/><counter type="LINE" missed="4" covered="0"/><counter type="COMPLEXITY" missed="1" covered="0"/><counter type="METHOD" missed="1" covered="0"/></method><method name="clearProjectPresenceList" desc="(Ljava/lang/Long;)V" line="1136"><counter type="INSTRUCTION" missed="32" covered="0"/><counter type="LINE" missed="4" covered="0"/><counter type="COMPLEXITY" missed="1" covered="0"/><counter type="METHOD" missed="1" covered="0"/></method><method name="clearAllPresenceList" desc="()V" line="1148"><counter type="INSTRUCTION" missed="16" covered="11"/><counter type="LINE" missed="2" covered="2"/><counter type="COMPLEXITY" missed="0" covered="1"/><counter type="METHOD" missed="0" covered="1"/></method><counter type="INSTRUCTION" missed="108" covered="17"/><counter type="LINE" missed="13" covered="3"/><counter type="COMPLEXITY" missed="3" covered="2"/><counter type="METHOD" missed="3" covered="2"/><counter type="CLASS" missed="0" covered="1"/></class><class name="ch/colabproject/colab/client/ColabClient$DocumentRestEndpointClientImpl" sourcefilename="ColabClient.java"><method name="&lt;init&gt;" desc="(Lch/colabproject/colab/client/ColabClient;)V" line="1790"><counter type="INSTRUCTION" missed="0" covered="6"/><counter type="LINE" missed="0" covered="1"/><counter type="COMPLEXITY" missed="0" covered="1"/><counter type="METHOD" missed="0" covered="1"/></method><method name="getStickyNoteLinksAsSrc" desc="(Ljava/lang/Long;)Ljava/util/List;" line="1803"><counter type="INSTRUCTION" missed="0" covered="32"/><counter type="LINE" missed="0" covered="3"/><counter type="COMPLEXITY" missed="0" covered="1"/><counter type="METHOD" missed="0" covered="1"/></method><method name="updateDocument" desc="(Lch/colabproject/colab/api/model/document/Document;)V" line="1819"><counter type="INSTRUCTION" missed="0" covered="28"/><counter type="LINE" missed="0" covered="4"/><counter type="COMPLEXITY" missed="0" covered="1"/><counter type="METHOD" missed="0" covered="1"/></method><method name="moveDocumentUp" desc="(Ljava/lang/Long;)V" line="1833"><counter type="INSTRUCTION" missed="0" covered="32"/><counter type="LINE" missed="0" covered="4"/><counter type="COMPLEXITY" missed="0" covered="1"/><counter type="METHOD" missed="0" covered="1"/></method><method name="moveDocumentDown" desc="(Ljava/lang/Long;)V" line="1847"><counter type="INSTRUCTION" missed="32" covered="0"/><counter type="LINE" missed="4" covered="0"/><counter type="COMPLEXITY" missed="1" covered="0"/><counter type="METHOD" missed="1" covered="0"/></method><method name="moveDocumentAbove" desc="(Ljava/lang/Long;Ljava/lang/Long;)V" line="1862"><counter type="INSTRUCTION" missed="37" covered="0"/><counter type="LINE" missed="4" covered="0"/><counter type="COMPLEXITY" missed="1" covered="0"/><counter type="METHOD" missed="1" covered="0"/></method><method name="moveDocumentBelow" desc="(Ljava/lang/Long;Ljava/lang/Long;)V" line="1877"><counter type="INSTRUCTION" missed="37" covered="0"/><counter type="LINE" missed="4" covered="0"/><counter type="COMPLEXITY" missed="1" covered="0"/><counter type="METHOD" missed="1" covered="0"/></method><method name="moveDocumentToTop" desc="(Ljava/lang/Long;)V" line="1891"><counter type="INSTRUCTION" missed="32" covered="0"/><counter type="LINE" missed="4" covered="0"/><counter type="COMPLEXITY" missed="1" covered="0"/><counter type="METHOD" missed="1" covered="0"/></method><method name="moveDocumentToBottom" desc="(Ljava/lang/Long;)V" line="1905"><counter type="INSTRUCTION" missed="32" covered="0"/><counter type="LINE" missed="4" covered="0"/><counter type="COMPLEXITY" missed="1" covered="0"/><counter type="METHOD" missed="1" covered="0"/></method><method name="getDocument" desc="(Ljava/lang/Long;)Lch/colabproject/colab/api/model/document/Document;" line="1921"><counter type="INSTRUCTION" missed="0" covered="32"/><counter type="LINE" missed="0" covered="3"/><counter type="COMPLEXITY" missed="0" covered="1"/><counter type="METHOD" missed="0" covered="1"/></method><counter type="INSTRUCTION" missed="170" covered="130"/><counter type="LINE" missed="20" covered="15"/><counter type="COMPLEXITY" missed="5" covered="5"/><counter type="METHOD" missed="5" covered="5"/><counter type="CLASS" missed="0" covered="1"/></class><class name="ch/colabproject/colab/client/ColabClient$CardContentRestEndpointClientImpl" sourcefilename="ColabClient.java"><method name="&lt;init&gt;" desc="(Lch/colabproject/colab/client/ColabClient;)V" line="87"><counter type="INSTRUCTION" missed="0" covered="6"/><counter type="LINE" missed="0" covered="1"/><counter type="COMPLEXITY" missed="0" covered="1"/><counter type="METHOD" missed="0" covered="1"/></method><method name="getStickyNoteLinksAsSrc" desc="(Ljava/lang/Long;)Ljava/util/List;" line="100"><counter type="INSTRUCTION" missed="0" covered="32"/><counter type="LINE" missed="0" covered="3"/><counter type="COMPLEXITY" missed="0" covered="1"/><counter type="METHOD" missed="0" covered="1"/></method><method name="getCardContent" desc="(Ljava/lang/Long;)Lch/colabproject/colab/api/model/card/CardContent;" line="116"><counter type="INSTRUCTION" missed="0" covered="32"/><counter type="LINE" missed="0" covered="3"/><counter type="COMPLEXITY" missed="0" covered="1"/><counter type="METHOD" missed="0" covered="1"/></method><method name="createNewCardContent" desc="(Ljava/lang/Long;)Lch/colabproject/colab/api/model/card/CardContent;" line="132"><counter type="INSTRUCTION" missed="0" covered="32"/><counter type="LINE" missed="0" covered="3"/><counter type="COMPLEXITY" missed="0" covered="1"/><counter type="METHOD" missed="0" covered="1"/></method><method name="createNewCardContentWithDeliverable" desc="(Ljava/lang/Long;Lch/colabproject/colab/api/model/document/Document;)Lch/colabproject/colab/api/model/card/CardContent;" line="149"><counter type="INSTRUCTION" missed="0" covered="33"/><counter type="LINE" missed="0" covered="3"/><counter type="COMPLEXITY" missed="0" covered="1"/><counter type="METHOD" missed="0" covered="1"/></method><method name="updateCardContent" desc="(Lch/colabproject/colab/api/model/card/CardContent;)V" line="165"><counter type="INSTRUCTION" missed="0" covered="28"/><counter type="LINE" missed="0" covered="4"/><counter type="COMPLEXITY" missed="0" covered="1"/><counter type="METHOD" missed="0" covered="1"/></method><method name="deleteCardContent" desc="(Ljava/lang/Long;)V" line="179"><counter type="INSTRUCTION" missed="0" covered="32"/><counter type="LINE" missed="0" covered="4"/><counter type="COMPLEXITY" missed="0" covered="1"/><counter type="METHOD" missed="0" covered="1"/></method><method name="addDeliverableAtBeginning" desc="(Ljava/lang/Long;Lch/colabproject/colab/api/model/document/Document;)Lch/colabproject/colab/api/model/document/Document;" line="196"><counter type="INSTRUCTION" missed="33" covered="0"/><counter type="LINE" missed="3" covered="0"/><counter type="COMPLEXITY" missed="1" covered="0"/><counter type="METHOD" missed="1" covered="0"/></method><method name="addDeliverableAtEnd" desc="(Ljava/lang/Long;Lch/colabproject/colab/api/model/document/Document;)Lch/colabproject/colab/api/model/document/Document;" line="213"><counter type="INSTRUCTION" missed="0" covered="33"/><counter type="LINE" missed="0" covered="3"/><counter type="COMPLEXITY" missed="0" covered="1"/><counter type="METHOD" missed="0" covered="1"/></method><method name="addDeliverableBefore" desc="(Ljava/lang/Long;Ljava/lang/Long;Lch/colabproject/colab/api/model/document/Document;)Lch/colabproject/colab/api/model/document/Document;" line="231"><counter type="INSTRUCTION" missed="38" covered="0"/><counter type="LINE" missed="3" covered="0"/><counter type="COMPLEXITY" missed="1" covered="0"/><counter type="METHOD" missed="1" covered="0"/></method><method name="addDeliverableAfter" desc="(Ljava/lang/Long;Ljava/lang/Long;Lch/colabproject/colab/api/model/document/Document;)Lch/colabproject/colab/api/model/document/Document;" line="249"><counter type="INSTRUCTION" missed="38" covered="0"/><counter type="LINE" missed="3" covered="0"/><counter type="COMPLEXITY" missed="1" covered="0"/><counter type="METHOD" missed="1" covered="0"/></method><method name="removeDeliverable" desc="(Ljava/lang/Long;Ljava/lang/Long;)V" line="264"><counter type="INSTRUCTION" missed="0" covered="33"/><counter type="LINE" missed="0" covered="4"/><counter type="COMPLEXITY" missed="0" covered="1"/><counter type="METHOD" missed="0" covered="1"/></method><method name="getSubCards" desc="(Ljava/lang/Long;)Ljava/util/List;" line="280"><counter type="INSTRUCTION" missed="0" covered="32"/><counter type="LINE" missed="0" covered="3"/><counter type="COMPLEXITY" missed="0" covered="1"/><counter type="METHOD" missed="0" covered="1"/></method><method name="getDeliverablesOfCardContent" desc="(Ljava/lang/Long;)Ljava/util/List;" line="296"><counter type="INSTRUCTION" missed="0" covered="32"/><counter type="LINE" missed="0" covered="3"/><counter type="COMPLEXITY" missed="0" covered="1"/><counter type="METHOD" missed="0" covered="1"/></method><counter type="INSTRUCTION" missed="109" covered="325"/><counter type="LINE" missed="9" covered="34"/><counter type="COMPLEXITY" missed="3" covered="11"/><counter type="METHOD" missed="3" covered="11"/><counter type="CLASS" missed="0" covered="1"/></class><class name="ch/colabproject/colab/client/ColabClient$DocumentFileRestEndPointClientImpl" sourcefilename="ColabClient.java"><method name="&lt;init&gt;" desc="(Lch/colabproject/colab/client/ColabClient;)V" line="468"><counter type="INSTRUCTION" missed="0" covered="6"/><counter type="LINE" missed="0" covered="1"/><counter type="COMPLEXITY" missed="0" covered="1"/><counter type="METHOD" missed="0" covered="1"/></method><method name="updateFile" desc="(Lch/colabproject/colab/generator/plugin/rest/FormField;Lch/colabproject/colab/generator/plugin/rest/FormField;Lch/colabproject/colab/generator/plugin/rest/FormField;)V" line="482"><counter type="INSTRUCTION" missed="0" covered="47"/><counter type="LINE" missed="0" covered="8"/><counter type="COMPLEXITY" missed="0" covered="1"/><counter type="METHOD" missed="0" covered="1"/></method><method name="getQuotaUsage" desc="(Ljava/lang/Long;)Ljava/util/List;" line="502"><counter type="INSTRUCTION" missed="0" covered="32"/><counter type="LINE" missed="0" covered="3"/><counter type="COMPLEXITY" missed="0" covered="1"/><counter type="METHOD" missed="0" covered="1"/></method><method name="getFileContent" desc="(Ljava/lang/Long;)Ljavax/ws/rs/core/Response;" line="518"><counter type="INSTRUCTION" missed="0" covered="32"/><counter type="LINE" missed="0" covered="3"/><counter type="COMPLEXITY" missed="0" covered="1"/><counter type="METHOD" missed="0" covered="1"/></method><method name="deleteFile" desc="(Ljava/lang/Long;)V" line="532"><counter type="INSTRUCTION" missed="0" covered="32"/><counter type="LINE" missed="0" covered="4"/><counter type="COMPLEXITY" missed="0" covered="1"/><counter type="METHOD" missed="0" covered="1"/></method><counter type="INSTRUCTION" missed="0" covered="149"/><counter type="LINE" missed="0" covered="19"/><counter type="COMPLEXITY" missed="0" covered="5"/><counter type="METHOD" missed="0" covered="5"/><counter type="CLASS" missed="0" covered="1"/></class><class name="ch/colabproject/colab/client/ColabClient$CardTypeRestEndpointClientImpl" sourcefilename="ColabClient.java"><method name="&lt;init&gt;" desc="(Lch/colabproject/colab/client/ColabClient;)V" line="551"><counter type="INSTRUCTION" missed="0" covered="6"/><counter type="LINE" missed="0" covered="1"/><counter type="COMPLEXITY" missed="0" covered="1"/><counter type="METHOD" missed="0" covered="1"/></method><method name="getAllGlobalCardTypes" desc="()Ljava/util/List;" line="562"><counter type="INSTRUCTION" missed="16" covered="11"/><counter type="LINE" missed="1" covered="2"/><counter type="COMPLEXITY" missed="0" covered="1"/><counter type="METHOD" missed="0" covered="1"/></method><method name="getPublishedGlobalsCardTypes" desc="()Ljava/util/List;" line="576"><counter type="INSTRUCTION" missed="27" covered="0"/><counter type="LINE" missed="3" covered="0"/><counter type="COMPLEXITY" missed="1" covered="0"/><counter type="METHOD" missed="1" covered="0"/></method><method name="getPublishedCardTypesOfReachableProjects" desc="()Ljava/util/Set;" line="591"><counter type="INSTRUCTION" missed="0" covered="27"/><counter type="LINE" missed="0" covered="3"/><counter type="COMPLEXITY" missed="0" covered="1"/><counter type="METHOD" missed="0" covered="1"/></method><method name="createCardType" desc="(Lch/colabproject/colab/api/rest/card/bean/CardTypeCreationData;)Ljava/lang/Long;" line="607"><counter type="INSTRUCTION" missed="0" covered="28"/><counter type="LINE" missed="0" covered="3"/><counter type="COMPLEXITY" missed="0" covered="1"/><counter type="METHOD" missed="0" covered="1"/></method><method name="getExpandedCardType" desc="(Ljava/lang/Long;)Ljava/util/List;" line="624"><counter type="INSTRUCTION" missed="0" covered="32"/><counter type="LINE" missed="0" covered="3"/><counter type="COMPLEXITY" missed="0" covered="1"/><counter type="METHOD" missed="0" covered="1"/></method><method name="getCardType" desc="(Ljava/lang/Long;)Lch/colabproject/colab/api/model/card/AbstractCardType;" line="640"><counter type="INSTRUCTION" missed="0" covered="32"/><counter type="LINE" missed="0" covered="3"/><counter type="COMPLEXITY" missed="0" covered="1"/><counter type="METHOD" missed="0" covered="1"/></method><method name="updateCardType" desc="(Lch/colabproject/colab/api/model/card/AbstractCardType;)V" line="656"><counter type="INSTRUCTION" missed="0" covered="28"/><counter type="LINE" missed="0" covered="4"/><counter type="COMPLEXITY" missed="0" covered="1"/><counter type="METHOD" missed="0" covered="1"/></method><method name="deleteCardType" desc="(Ljava/lang/Long;)V" line="670"><counter type="INSTRUCTION" missed="0" covered="32"/><counter type="LINE" missed="0" covered="4"/><counter type="COMPLEXITY" missed="0" covered="1"/><counter type="METHOD" missed="0" covered="1"/></method><method name="useCardTypeInProject" desc="(Ljava/lang/Long;Ljava/lang/Long;)Lch/colabproject/colab/api/model/card/AbstractCardType;" line="688"><counter type="INSTRUCTION" missed="37" covered="0"/><counter type="LINE" missed="3" covered="0"/><counter type="COMPLEXITY" missed="1" covered="0"/><counter type="METHOD" missed="1" covered="0"/></method><method name="removeCardTypeRefFromProject" desc="(Ljava/lang/Long;Ljava/lang/Long;)V" line="705"><counter type="INSTRUCTION" missed="37" covered="0"/><counter type="LINE" missed="4" covered="0"/><counter type="COMPLEXITY" missed="1" covered="0"/><counter type="METHOD" missed="1" covered="0"/></method><counter type="INSTRUCTION" missed="117" covered="196"/><counter type="LINE" missed="11" covered="23"/><counter type="COMPLEXITY" missed="3" covered="8"/><counter type="METHOD" missed="3" covered="8"/><counter type="CLASS" missed="0" covered="1"/></class><class name="ch/colabproject/colab/client/ColabClient" sourcefilename="ColabClient.java"><method name="&lt;init&gt;" desc="(Ljava/lang/String;Ljava/lang/String;Ljavax/json/bind/Jsonb;[Ljava/lang/Object;)V" line="72"><counter type="INSTRUCTION" missed="0" covered="115"/><counter type="LINE" missed="0" covered="20"/><counter type="COMPLEXITY" missed="0" covered="1"/><counter type="METHOD" missed="0" covered="1"/></method><counter type="INSTRUCTION" missed="0" covered="115"/><counter type="LINE" missed="0" covered="20"/><counter type="COMPLEXITY" missed="0" covered="1"/><counter type="METHOD" missed="0" covered="1"/><counter type="CLASS" missed="0" covered="1"/></class><class name="ch/colabproject/colab/client/ColabClient$DocumentFileRestEndPointClientImpl$1" sourcefilename="ColabClient.java"><method name="&lt;init&gt;" desc="(Lch/colabproject/colab/client/ColabClient$DocumentFileRestEndPointClientImpl;)V" line="504"><counter type="INSTRUCTION" missed="0" covered="6"/><counter type="LINE" missed="0" covered="1"/><counter type="COMPLEXITY" missed="0" covered="1"/><counter type="METHOD" missed="0" covered="1"/></method><counter type="INSTRUCTION" missed="0" covered="6"/><counter type="LINE" missed="0" covered="1"/><counter type="COMPLEXITY" missed="0" covered="1"/><counter type="METHOD" missed="0" covered="1"/><counter type="CLASS" missed="0" covered="1"/></class><class name="ch/colabproject/colab/client/ColabClient$ActivityFlowLinkRestEndpointClientImpl" sourcefilename="ColabClient.java"><method name="&lt;init&gt;" desc="(Lch/colabproject/colab/client/ColabClient;)V" line="2212"><counter type="INSTRUCTION" missed="0" covered="6"/><counter type="LINE" missed="0" covered="1"/><counter type="COMPLEXITY" missed="0" covered="1"/><counter type="METHOD" missed="0" covered="1"/></method><method name="getLink" desc="(Ljava/lang/Long;)Lch/colabproject/colab/api/model/link/ActivityFlowLink;" line="2225"><counter type="INSTRUCTION" missed="0" covered="32"/><counter type="LINE" missed="0" covered="3"/><counter type="COMPLEXITY" missed="0" covered="1"/><counter type="METHOD" missed="0" covered="1"/></method><method name="deleteLink" desc="(Ljava/lang/Long;)V" line="2239"><counter type="INSTRUCTION" missed="0" covered="32"/><counter type="LINE" missed="0" covered="4"/><counter type="COMPLEXITY" missed="0" covered="1"/><counter type="METHOD" missed="0" covered="1"/></method><method name="changePreviousCard" desc="(Ljava/lang/Long;Ljava/lang/Long;)V" line="2254"><counter type="INSTRUCTION" missed="0" covered="33"/><counter type="LINE" missed="0" covered="4"/><counter type="COMPLEXITY" missed="0" covered="1"/><counter type="METHOD" missed="0" covered="1"/></method><method name="changeNextCard" desc="(Ljava/lang/Long;Ljava/lang/Long;)V" line="2269"><counter type="INSTRUCTION" missed="0" covered="33"/><counter type="LINE" missed="0" covered="4"/><counter type="COMPLEXITY" missed="0" covered="1"/><counter type="METHOD" missed="0" covered="1"/></method><method name="createLink" desc="(Lch/colabproject/colab/api/model/link/ActivityFlowLink;)Ljava/lang/Long;" line="2285"><counter type="INSTRUCTION" missed="0" covered="28"/><counter type="LINE" missed="0" covered="3"/><counter type="COMPLEXITY" missed="0" covered="1"/><counter type="METHOD" missed="0" covered="1"/></method><counter type="INSTRUCTION" missed="0" covered="164"/><counter type="LINE" missed="0" covered="19"/><counter type="COMPLEXITY" missed="0" covered="6"/><counter type="METHOD" missed="0" covered="6"/><counter type="CLASS" missed="0" covered="1"/></class><class name="ch/colabproject/colab/client/ColabClient$WebsocketRestEndpointClientImpl$1" sourcefilename="ColabClient.java"><method name="&lt;init&gt;" desc="(Lch/colabproject/colab/client/ColabClient$WebsocketRestEndpointClientImpl;)V" line="2440"><counter type="INSTRUCTION" missed="0" covered="6"/><counter type="LINE" missed="0" covered="1"/><counter type="COMPLEXITY" missed="0" covered="1"/><counter type="METHOD" missed="0" covered="1"/></method><counter type="INSTRUCTION" missed="0" covered="6"/><counter type="LINE" missed="0" covered="1"/><counter type="COMPLEXITY" missed="0" covered="1"/><counter type="METHOD" missed="0" covered="1"/><counter type="CLASS" missed="0" covered="1"/></class><class name="ch/colabproject/colab/client/ColabClient$ChangeRestEndpointClientImpl$2" sourcefilename="ColabClient.java"><method name="&lt;init&gt;" desc="(Lch/colabproject/colab/client/ColabClient$ChangeRestEndpointClientImpl;)V" line="1078"><counter type="INSTRUCTION" missed="6" covered="0"/><counter type="LINE" missed="1" covered="0"/><counter type="COMPLEXITY" missed="1" covered="0"/><counter type="METHOD" missed="1" covered="0"/></method><counter type="INSTRUCTION" missed="6" covered="0"/><counter type="LINE" missed="1" covered="0"/><counter type="COMPLEXITY" missed="1" covered="0"/><counter type="METHOD" missed="1" covered="0"/><counter type="CLASS" missed="1" covered="0"/></class><class name="ch/colabproject/colab/client/ColabClient$ChangeRestEndpointClientImpl$1" sourcefilename="ColabClient.java"><method name="&lt;init&gt;" desc="(Lch/colabproject/colab/client/ColabClient$ChangeRestEndpointClientImpl;)V" line="1062"><counter type="INSTRUCTION" missed="0" covered="6"/><counter type="LINE" missed="0" covered="1"/><counter type="COMPLEXITY" missed="0" covered="1"/><counter type="METHOD" missed="0" covered="1"/></method><counter type="INSTRUCTION" missed="0" covered="6"/><counter type="LINE" missed="0" covered="1"/><counter type="COMPLEXITY" missed="0" covered="1"/><counter type="METHOD" missed="0" covered="1"/><counter type="CLASS" missed="0" covered="1"/></class><class name="ch/colabproject/colab/client/ColabClient$UserRestEndpointClientImpl$1" sourcefilename="ColabClient.java"><method name="&lt;init&gt;" desc="(Lch/colabproject/colab/client/ColabClient$UserRestEndpointClientImpl;)V" line="754"><counter type="INSTRUCTION" missed="0" covered="6"/><counter type="LINE" missed="0" covered="1"/><counter type="COMPLEXITY" missed="0" covered="1"/><counter type="METHOD" missed="0" covered="1"/></method><counter type="INSTRUCTION" missed="0" covered="6"/><counter type="LINE" missed="0" covered="1"/><counter type="COMPLEXITY" missed="0" covered="1"/><counter type="METHOD" missed="0" covered="1"/><counter type="CLASS" missed="0" covered="1"/></class><class name="ch/colabproject/colab/client/ColabClient$UserRestEndpointClientImpl$2" sourcefilename="ColabClient.java"><method name="&lt;init&gt;" desc="(Lch/colabproject/colab/client/ColabClient$UserRestEndpointClientImpl;)V" line="812"><counter type="INSTRUCTION" missed="6" covered="0"/><counter type="LINE" missed="1" covered="0"/><counter type="COMPLEXITY" missed="1" covered="0"/><counter type="METHOD" missed="1" covered="0"/></method><counter type="INSTRUCTION" missed="6" covered="0"/><counter type="LINE" missed="1" covered="0"/><counter type="COMPLEXITY" missed="1" covered="0"/><counter type="METHOD" missed="1" covered="0"/><counter type="CLASS" missed="1" covered="0"/></class><class name="ch/colabproject/colab/client/ColabClient$ProjectRestEndpointClientImpl" sourcefilename="ColabClient.java"><method name="&lt;init&gt;" desc="(Lch/colabproject/colab/client/ColabClient;)V" line="2752"><counter type="INSTRUCTION" missed="0" covered="6"/><counter type="LINE" missed="0" covered="1"/><counter type="COMPLEXITY" missed="0" covered="1"/><counter type="METHOD" missed="0" covered="1"/></method><method name="getUserProjects" desc="()Ljava/util/List;" line="2763"><counter type="INSTRUCTION" missed="0" covered="27"/><counter type="LINE" missed="0" covered="3"/><counter type="COMPLEXITY" missed="0" covered="1"/><counter type="METHOD" missed="0" covered="1"/></method><method name="createProject" desc="(Lch/colabproject/colab/api/rest/project/bean/ProjectCreationData;)Ljava/lang/Long;" line="2779"><counter type="INSTRUCTION" missed="0" covered="28"/><counter type="LINE" missed="0" covered="3"/><counter type="COMPLEXITY" missed="0" covered="1"/><counter type="METHOD" missed="0" covered="1"/></method><method name="updateProject" desc="(Lch/colabproject/colab/api/model/project/Project;)V" line="2795"><counter type="INSTRUCTION" missed="0" covered="28"/><counter type="LINE" missed="0" covered="4"/><counter type="COMPLEXITY" missed="0" covered="1"/><counter type="METHOD" missed="0" covered="1"/></method><method name="deleteProject" desc="(Ljava/lang/Long;)V" line="2809"><counter type="INSTRUCTION" missed="0" covered="32"/><counter type="LINE" missed="0" covered="4"/><counter type="COMPLEXITY" missed="0" covered="1"/><counter type="METHOD" missed="0" covered="1"/></method><method name="duplicateProject" desc="(Ljava/lang/Long;Lch/colabproject/colab/api/model/DuplicationParam;)Ljava/lang/Long;" line="2826"><counter type="INSTRUCTION" missed="33" covered="0"/><counter type="LINE" missed="3" covered="0"/><counter type="COMPLEXITY" missed="1" covered="0"/><counter type="METHOD" missed="1" covered="0"/></method><method name="shareModel" desc="(Ljava/lang/Long;Ljava/lang/String;)Lch/colabproject/colab/api/model/project/InstanceMaker;" line="2843"><counter type="INSTRUCTION" missed="0" covered="37"/><counter type="LINE" missed="0" covered="3"/><counter type="COMPLEXITY" missed="0" covered="1"/><counter type="METHOD" missed="0" covered="1"/></method><method name="getRootCardOfProject" desc="(Ljava/lang/Long;)Lch/colabproject/colab/api/model/card/Card;" line="2859"><counter type="INSTRUCTION" missed="0" covered="32"/><counter type="LINE" missed="0" covered="3"/><counter type="COMPLEXITY" missed="0" covered="1"/><counter type="METHOD" missed="0" covered="1"/></method><method name="getCardTypesOfProject" desc="(Ljava/lang/Long;)Ljava/util/Set;" line="2875"><counter type="INSTRUCTION" missed="0" covered="32"/><counter type="LINE" missed="0" covered="3"/><counter type="COMPLEXITY" missed="0" covered="1"/><counter type="METHOD" missed="0" covered="1"/></method><method name="getCardsOfProject" desc="(Ljava/lang/Long;)Ljava/util/Set;" line="2891"><counter type="INSTRUCTION" missed="32" covered="0"/><counter type="LINE" missed="3" covered="0"/><counter type="COMPLEXITY" missed="1" covered="0"/><counter type="METHOD" missed="1" covered="0"/></method><method name="getCardContentsOfProject" desc="(Ljava/lang/Long;)Ljava/util/Set;" line="2907"><counter type="INSTRUCTION" missed="32" covered="0"/><counter type="LINE" missed="3" covered="0"/><counter type="COMPLEXITY" missed="1" covered="0"/><counter type="METHOD" missed="1" covered="0"/></method><method name="getStructureOfProject" desc="(Ljava/lang/Long;)Lch/colabproject/colab/api/rest/project/bean/ProjectStructure;" line="2923"><counter type="INSTRUCTION" missed="32" covered="0"/><counter type="LINE" missed="3" covered="0"/><counter type="COMPLEXITY" missed="1" covered="0"/><counter type="METHOD" missed="1" covered="0"/></method><method name="getActivityFlowLinks" desc="(Ljava/lang/Long;)Ljava/util/Set;" line="2939"><counter type="INSTRUCTION" missed="32" covered="0"/><counter type="LINE" missed="3" covered="0"/><counter type="COMPLEXITY" missed="1" covered="0"/><counter type="METHOD" missed="1" covered="0"/></method><method name="getInstanceMakers" desc="(Ljava/lang/Long;)Ljava/util/List;" line="2955"><counter type="INSTRUCTION" missed="0" covered="32"/><counter type="LINE" missed="0" covered="3"/><counter type="COMPLEXITY" missed="0" covered="1"/><counter type="METHOD" missed="0" covered="1"/></method><method name="getProject" desc="(Ljava/lang/Long;)Lch/colabproject/colab/api/model/project/Project;" line="2971"><counter type="INSTRUCTION" missed="0" covered="32"/><counter type="LINE" missed="0" covered="3"/><counter type="COMPLEXITY" missed="0" covered="1"/><counter type="METHOD" missed="0" covered="1"/></method><method name="getAllProjects" desc="()Ljava/util/List;" line="2985"><counter type="INSTRUCTION" missed="0" covered="27"/><counter type="LINE" missed="0" covered="3"/><counter type="COMPLEXITY" missed="0" covered="1"/><counter type="METHOD" missed="0" covered="1"/></method><method name="getRoles" desc="(Ljava/lang/Long;)Ljava/util/List;" line="3001"><counter type="INSTRUCTION" missed="0" covered="32"/><counter type="LINE" missed="0" covered="3"/><counter type="COMPLEXITY" missed="0" covered="1"/><counter type="METHOD" missed="0" covered="1"/></method><method name="getMembers" desc="(Ljava/lang/Long;)Ljava/util/List;" line="3017"><counter type="INSTRUCTION" missed="0" covered="32"/><counter type="LINE" missed="0" covered="3"/><counter type="COMPLEXITY" missed="0" covered="1"/><counter type="METHOD" missed="0" covered="1"/></method><counter type="INSTRUCTION" missed="161" covered="377"/><counter type="LINE" missed="15" covered="39"/><counter type="COMPLEXITY" missed="5" covered="13"/><counter type="METHOD" missed="5" covered="13"/><counter type="CLASS" missed="0" covered="1"/></class><class name="ch/colabproject/colab/client/ColabClient$UserRestEndpointClientImpl$3" sourcefilename="ColabClient.java"><method name="&lt;init&gt;" desc="(Lch/colabproject/colab/client/ColabClient$UserRestEndpointClientImpl;)V" line="870"><counter type="INSTRUCTION" missed="0" covered="6"/><counter type="LINE" missed="0" covered="1"/><counter type="COMPLEXITY" missed="0" covered="1"/><counter type="METHOD" missed="0" covered="1"/></method><counter type="INSTRUCTION" missed="0" covered="6"/><counter type="LINE" missed="0" covered="1"/><counter type="COMPLEXITY" missed="0" covered="1"/><counter type="METHOD" missed="0" covered="1"/><counter type="CLASS" missed="0" covered="1"/></class><class name="ch/colabproject/colab/client/ColabClient$ProjectRestEndpointClientImpl$7" sourcefilename="ColabClient.java"><method name="&lt;init&gt;" desc="(Lch/colabproject/colab/client/ColabClient$ProjectRestEndpointClientImpl;)V" line="2987"><counter type="INSTRUCTION" missed="0" covered="6"/><counter type="LINE" missed="0" covered="1"/><counter type="COMPLEXITY" missed="0" covered="1"/><counter type="METHOD" missed="0" covered="1"/></method><counter type="INSTRUCTION" missed="0" covered="6"/><counter type="LINE" missed="0" covered="1"/><counter type="COMPLEXITY" missed="0" covered="1"/><counter type="METHOD" missed="0" covered="1"/><counter type="CLASS" missed="0" covered="1"/></class><class name="ch/colabproject/colab/client/ColabClient$ProjectRestEndpointClientImpl$6" sourcefilename="ColabClient.java"><method name="&lt;init&gt;" desc="(Lch/colabproject/colab/client/ColabClient$ProjectRestEndpointClientImpl;)V" line="2957"><counter type="INSTRUCTION" missed="0" covered="6"/><counter type="LINE" missed="0" covered="1"/><counter type="COMPLEXITY" missed="0" covered="1"/><counter type="METHOD" missed="0" covered="1"/></method><counter type="INSTRUCTION" missed="0" covered="6"/><counter type="LINE" missed="0" covered="1"/><counter type="COMPLEXITY" missed="0" covered="1"/><counter type="METHOD" missed="0" covered="1"/><counter type="CLASS" missed="0" covered="1"/></class><class name="ch/colabproject/colab/client/ColabClient$ProjectRestEndpointClientImpl$5" sourcefilename="ColabClient.java"><method name="&lt;init&gt;" desc="(Lch/colabproject/colab/client/ColabClient$ProjectRestEndpointClientImpl;)V" line="2941"><counter type="INSTRUCTION" missed="6" covered="0"/><counter type="LINE" missed="1" covered="0"/><counter type="COMPLEXITY" missed="1" covered="0"/><counter type="METHOD" missed="1" covered="0"/></method><counter type="INSTRUCTION" missed="6" covered="0"/><counter type="LINE" missed="1" covered="0"/><counter type="COMPLEXITY" missed="1" covered="0"/><counter type="METHOD" missed="1" covered="0"/><counter type="CLASS" missed="1" covered="0"/></class><class name="ch/colabproject/colab/client/ColabClient$ProjectRestEndpointClientImpl$4" sourcefilename="ColabClient.java"><method name="&lt;init&gt;" desc="(Lch/colabproject/colab/client/ColabClient$ProjectRestEndpointClientImpl;)V" line="2909"><counter type="INSTRUCTION" missed="6" covered="0"/><counter type="LINE" missed="1" covered="0"/><counter type="COMPLEXITY" missed="1" covered="0"/><counter type="METHOD" missed="1" covered="0"/></method><counter type="INSTRUCTION" missed="6" covered="0"/><counter type="LINE" missed="1" covered="0"/><counter type="COMPLEXITY" missed="1" covered="0"/><counter type="METHOD" missed="1" covered="0"/><counter type="CLASS" missed="1" covered="0"/></class><class name="ch/colabproject/colab/client/ColabClient$ProjectRestEndpointClientImpl$3" sourcefilename="ColabClient.java"><method name="&lt;init&gt;" desc="(Lch/colabproject/colab/client/ColabClient$ProjectRestEndpointClientImpl;)V" line="2893"><counter type="INSTRUCTION" missed="6" covered="0"/><counter type="LINE" missed="1" covered="0"/><counter type="COMPLEXITY" missed="1" covered="0"/><counter type="METHOD" missed="1" covered="0"/></method><counter type="INSTRUCTION" missed="6" covered="0"/><counter type="LINE" missed="1" covered="0"/><counter type="COMPLEXITY" missed="1" covered="0"/><counter type="METHOD" missed="1" covered="0"/><counter type="CLASS" missed="1" covered="0"/></class><class name="ch/colabproject/colab/client/ColabClient$CardContentRestEndpointClientImpl$3" sourcefilename="ColabClient.java"><method name="&lt;init&gt;" desc="(Lch/colabproject/colab/client/ColabClient$CardContentRestEndpointClientImpl;)V" line="298"><counter type="INSTRUCTION" missed="0" covered="6"/><counter type="LINE" missed="0" covered="1"/><counter type="COMPLEXITY" missed="0" covered="1"/><counter type="METHOD" missed="0" covered="1"/></method><counter type="INSTRUCTION" missed="0" covered="6"/><counter type="LINE" missed="0" covered="1"/><counter type="COMPLEXITY" missed="0" covered="1"/><counter type="METHOD" missed="0" covered="1"/><counter type="CLASS" missed="0" covered="1"/></class><class name="ch/colabproject/colab/client/ColabClient$ProjectRestEndpointClientImpl$2" sourcefilename="ColabClient.java"><method name="&lt;init&gt;" desc="(Lch/colabproject/colab/client/ColabClient$ProjectRestEndpointClientImpl;)V" line="2877"><counter type="INSTRUCTION" missed="0" covered="6"/><counter type="LINE" missed="0" covered="1"/><counter type="COMPLEXITY" missed="0" covered="1"/><counter type="METHOD" missed="0" covered="1"/></method><counter type="INSTRUCTION" missed="0" covered="6"/><counter type="LINE" missed="0" covered="1"/><counter type="COMPLEXITY" missed="0" covered="1"/><counter type="METHOD" missed="0" covered="1"/><counter type="CLASS" missed="0" covered="1"/></class><class name="ch/colabproject/colab/client/ColabClient$CardContentRestEndpointClientImpl$2" sourcefilename="ColabClient.java"><method name="&lt;init&gt;" desc="(Lch/colabproject/colab/client/ColabClient$CardContentRestEndpointClientImpl;)V" line="282"><counter type="INSTRUCTION" missed="0" covered="6"/><counter type="LINE" missed="0" covered="1"/><counter type="COMPLEXITY" missed="0" covered="1"/><counter type="METHOD" missed="0" covered="1"/></method><counter type="INSTRUCTION" missed="0" covered="6"/><counter type="LINE" missed="0" covered="1"/><counter type="COMPLEXITY" missed="0" covered="1"/><counter type="METHOD" missed="0" covered="1"/><counter type="CLASS" missed="0" covered="1"/></class><class name="ch/colabproject/colab/client/ColabClient$CardContentRestEndpointClientImpl$1" sourcefilename="ColabClient.java"><method name="&lt;init&gt;" desc="(Lch/colabproject/colab/client/ColabClient$CardContentRestEndpointClientImpl;)V" line="102"><counter type="INSTRUCTION" missed="0" covered="6"/><counter type="LINE" missed="0" covered="1"/><counter type="COMPLEXITY" missed="0" covered="1"/><counter type="METHOD" missed="0" covered="1"/></method><counter type="INSTRUCTION" missed="0" covered="6"/><counter type="LINE" missed="0" covered="1"/><counter type="COMPLEXITY" missed="0" covered="1"/><counter type="METHOD" missed="0" covered="1"/><counter type="CLASS" missed="0" covered="1"/></class><class name="ch/colabproject/colab/client/ColabClient$TeamRestEndpointClientImpl$1" sourcefilename="ColabClient.java"><method name="&lt;init&gt;" desc="(Lch/colabproject/colab/client/ColabClient$TeamRestEndpointClientImpl;)V" line="2657"><counter type="INSTRUCTION" missed="6" covered="0"/><counter type="LINE" missed="1" covered="0"/><counter type="COMPLEXITY" missed="1" covered="0"/><counter type="METHOD" missed="1" covered="0"/></method><counter type="INSTRUCTION" missed="6" covered="0"/><counter type="LINE" missed="1" covered="0"/><counter type="COMPLEXITY" missed="1" covered="0"/><counter type="METHOD" missed="1" covered="0"/><counter type="CLASS" missed="1" covered="0"/></class><class name="ch/colabproject/colab/client/ColabClient$ProjectRestEndpointClientImpl$1" sourcefilename="ColabClient.java"><method name="&lt;init&gt;" desc="(Lch/colabproject/colab/client/ColabClient$ProjectRestEndpointClientImpl;)V" line="2765"><counter type="INSTRUCTION" missed="0" covered="6"/><counter type="LINE" missed="0" covered="1"/><counter type="COMPLEXITY" missed="0" covered="1"/><counter type="METHOD" missed="0" covered="1"/></method><counter type="INSTRUCTION" missed="0" covered="6"/><counter type="LINE" missed="0" covered="1"/><counter type="COMPLEXITY" missed="0" covered="1"/><counter type="METHOD" missed="0" covered="1"/><counter type="CLASS" missed="0" covered="1"/></class><class name="ch/colabproject/colab/client/ColabClient$ResourceRestEndpointClientImpl$5" sourcefilename="ColabClient.java"><method name="&lt;init&gt;" desc="(Lch/colabproject/colab/client/ColabClient$ResourceRestEndpointClientImpl;)V" line="1314"><counter type="INSTRUCTION" missed="0" covered="6"/><counter type="LINE" missed="0" covered="1"/><counter type="COMPLEXITY" missed="0" covered="1"/><counter type="METHOD" missed="0" covered="1"/></method><counter type="INSTRUCTION" missed="0" covered="6"/><counter type="LINE" missed="0" covered="1"/><counter type="COMPLEXITY" missed="0" covered="1"/><counter type="METHOD" missed="0" covered="1"/><counter type="CLASS" missed="0" covered="1"/></class><class name="ch/colabproject/colab/client/ColabClient$ResourceRestEndpointClientImpl$6" sourcefilename="ColabClient.java"><method name="&lt;init&gt;" desc="(Lch/colabproject/colab/client/ColabClient$ResourceRestEndpointClientImpl;)V" line="1331"><counter type="INSTRUCTION" missed="6" covered="0"/><counter type="LINE" missed="1" covered="0"/><counter type="COMPLEXITY" missed="1" covered="0"/><counter type="METHOD" missed="1" covered="0"/></method><counter type="INSTRUCTION" missed="6" covered="0"/><counter type="LINE" missed="1" covered="0"/><counter type="COMPLEXITY" missed="1" covered="0"/><counter type="METHOD" missed="1" covered="0"/><counter type="CLASS" missed="1" covered="0"/></class><class name="ch/colabproject/colab/client/ColabClient$ResourceRestEndpointClientImpl$7" sourcefilename="ColabClient.java"><method name="&lt;init&gt;" desc="(Lch/colabproject/colab/client/ColabClient$ResourceRestEndpointClientImpl;)V" line="1683"><counter type="INSTRUCTION" missed="0" covered="6"/><counter type="LINE" missed="0" covered="1"/><counter type="COMPLEXITY" missed="0" covered="1"/><counter type="METHOD" missed="0" covered="1"/></method><counter type="INSTRUCTION" missed="0" covered="6"/><counter type="LINE" missed="0" covered="1"/><counter type="COMPLEXITY" missed="0" covered="1"/><counter type="METHOD" missed="0" covered="1"/><counter type="CLASS" missed="0" covered="1"/></class><class name="ch/colabproject/colab/client/ColabClient$PresenceRestEndpointClientImpl$1" sourcefilename="ColabClient.java"><method name="&lt;init&gt;" desc="(Lch/colabproject/colab/client/ColabClient$PresenceRestEndpointClientImpl;)V" line="1110"><counter type="INSTRUCTION" missed="6" covered="0"/><counter type="LINE" missed="1" covered="0"/><counter type="COMPLEXITY" missed="1" covered="0"/><counter type="METHOD" missed="1" covered="0"/></method><counter type="INSTRUCTION" missed="6" covered="0"/><counter type="LINE" missed="1" covered="0"/><counter type="COMPLEXITY" missed="1" covered="0"/><counter type="METHOD" missed="1" covered="0"/><counter type="CLASS" missed="1" covered="0"/></class><class name="ch/colabproject/colab/client/ColabClient$ResourceRestEndpointClientImpl$1" sourcefilename="ColabClient.java"><method name="&lt;init&gt;" desc="(Lch/colabproject/colab/client/ColabClient$ResourceRestEndpointClientImpl;)V" line="1246"><counter type="INSTRUCTION" missed="0" covered="6"/><counter type="LINE" missed="0" covered="1"/><counter type="COMPLEXITY" missed="0" covered="1"/><counter type="METHOD" missed="0" covered="1"/></method><counter type="INSTRUCTION" missed="0" covered="6"/><counter type="LINE" missed="0" covered="1"/><counter type="COMPLEXITY" missed="0" covered="1"/><counter type="METHOD" missed="0" covered="1"/><counter type="CLASS" missed="0" covered="1"/></class><class name="ch/colabproject/colab/client/ColabClient$ResourceRestEndpointClientImpl$2" sourcefilename="ColabClient.java"><method name="&lt;init&gt;" desc="(Lch/colabproject/colab/client/ColabClient$ResourceRestEndpointClientImpl;)V" line="1262"><counter type="INSTRUCTION" missed="0" covered="6"/><counter type="LINE" missed="0" covered="1"/><counter type="COMPLEXITY" missed="0" covered="1"/><counter type="METHOD" missed="0" covered="1"/></method><counter type="INSTRUCTION" missed="0" covered="6"/><counter type="LINE" missed="0" covered="1"/><counter type="COMPLEXITY" missed="0" covered="1"/><counter type="METHOD" missed="0" covered="1"/><counter type="CLASS" missed="0" covered="1"/></class><class name="ch/colabproject/colab/client/ColabClient$ProjectRestEndpointClientImpl$9" sourcefilename="ColabClient.java"><method name="&lt;init&gt;" desc="(Lch/colabproject/colab/client/ColabClient$ProjectRestEndpointClientImpl;)V" line="3019"><counter type="INSTRUCTION" missed="0" covered="6"/><counter type="LINE" missed="0" covered="1"/><counter type="COMPLEXITY" missed="0" covered="1"/><counter type="METHOD" missed="0" covered="1"/></method><counter type="INSTRUCTION" missed="0" covered="6"/><counter type="LINE" missed="0" covered="1"/><counter type="COMPLEXITY" missed="0" covered="1"/><counter type="METHOD" missed="0" covered="1"/><counter type="CLASS" missed="0" covered="1"/></class><class name="ch/colabproject/colab/client/ColabClient$ResourceRestEndpointClientImpl$3" sourcefilename="ColabClient.java"><method name="&lt;init&gt;" desc="(Lch/colabproject/colab/client/ColabClient$ResourceRestEndpointClientImpl;)V" line="1279"><counter type="INSTRUCTION" missed="0" covered="6"/><counter type="LINE" missed="0" covered="1"/><counter type="COMPLEXITY" missed="0" covered="1"/><counter type="METHOD" missed="0" covered="1"/></method><counter type="INSTRUCTION" missed="0" covered="6"/><counter type="LINE" missed="0" covered="1"/><counter type="COMPLEXITY" missed="0" covered="1"/><counter type="METHOD" missed="0" covered="1"/><counter type="CLASS" missed="0" covered="1"/></class><class name="ch/colabproject/colab/client/ColabClient$ProjectRestEndpointClientImpl$8" sourcefilename="ColabClient.java"><method name="&lt;init&gt;" desc="(Lch/colabproject/colab/client/ColabClient$ProjectRestEndpointClientImpl;)V" line="3003"><counter type="INSTRUCTION" missed="0" covered="6"/><counter type="LINE" missed="0" covered="1"/><counter type="COMPLEXITY" missed="0" covered="1"/><counter type="METHOD" missed="0" covered="1"/></method><counter type="INSTRUCTION" missed="0" covered="6"/><counter type="LINE" missed="0" covered="1"/><counter type="COMPLEXITY" missed="0" covered="1"/><counter type="METHOD" missed="0" covered="1"/><counter type="CLASS" missed="0" covered="1"/></class><class name="ch/colabproject/colab/client/ColabClient$ResourceRestEndpointClientImpl$4" sourcefilename="ColabClient.java"><method name="&lt;init&gt;" desc="(Lch/colabproject/colab/client/ColabClient$ResourceRestEndpointClientImpl;)V" line="1296"><counter type="INSTRUCTION" missed="0" covered="6"/><counter type="LINE" missed="0" covered="1"/><counter type="COMPLEXITY" missed="0" covered="1"/><counter type="METHOD" missed="0" covered="1"/></method><counter type="INSTRUCTION" missed="0" covered="6"/><counter type="LINE" missed="0" covered="1"/><counter type="COMPLEXITY" missed="0" covered="1"/><counter type="METHOD" missed="0" covered="1"/><counter type="CLASS" missed="0" covered="1"/></class><class name="ch/colabproject/colab/client/ColabClient$UserRestEndpointClientImpl" sourcefilename="ColabClient.java"><method name="&lt;init&gt;" desc="(Lch/colabproject/colab/client/ColabClient;)V" line="724"><counter type="INSTRUCTION" missed="0" covered="6"/><counter type="LINE" missed="0" covered="1"/><counter type="COMPLEXITY" missed="0" covered="1"/><counter type="METHOD" missed="0" covered="1"/></method><method name="getAuthMethod" desc="(Ljava/lang/String;)Lch/colabproject/colab/api/model/user/AuthMethod;" line="738"><counter type="INSTRUCTION" missed="0" covered="32"/><counter type="LINE" missed="0" covered="3"/><counter type="COMPLEXITY" missed="0" covered="1"/><counter type="METHOD" missed="0" covered="1"/></method><method name="getAllUsers" desc="()Ljava/util/List;" line="752"><counter type="INSTRUCTION" missed="16" covered="11"/><counter type="LINE" missed="1" covered="2"/><counter type="COMPLEXITY" missed="0" covered="1"/><counter type="METHOD" missed="0" covered="1"/></method><method name="getUserById" desc="(Ljava/lang/Long;)Lch/colabproject/colab/api/model/user/User;" line="768"><counter type="INSTRUCTION" missed="0" covered="32"/><counter type="LINE" missed="0" covered="3"/><counter type="COMPLEXITY" missed="0" covered="1"/><counter type="METHOD" missed="0" covered="1"/></method><method name="getCurrentUser" desc="()Lch/colabproject/colab/api/model/user/User;" line="782"><counter type="INSTRUCTION" missed="0" covered="27"/><counter type="LINE" missed="0" covered="3"/><counter type="COMPLEXITY" missed="0" covered="1"/><counter type="METHOD" missed="0" covered="1"/></method><method name="getCurrentAccount" desc="()Lch/colabproject/colab/api/model/user/Account;" line="796"><counter type="INSTRUCTION" missed="0" covered="27"/><counter type="LINE" missed="0" covered="3"/><counter type="COMPLEXITY" missed="0" covered="1"/><counter type="METHOD" missed="0" covered="1"/></method><method name="getAllCurrentUserAccounts" desc="()Ljava/util/List;" line="810"><counter type="INSTRUCTION" missed="27" covered="0"/><counter type="LINE" missed="3" covered="0"/><counter type="COMPLEXITY" missed="1" covered="0"/><counter type="METHOD" missed="1" covered="0"/></method><method name="signUp" desc="(Lch/colabproject/colab/api/model/user/SignUpInfo;)V" line="826"><counter type="INSTRUCTION" missed="0" covered="28"/><counter type="LINE" missed="0" covered="4"/><counter type="COMPLEXITY" missed="0" covered="1"/><counter type="METHOD" missed="0" covered="1"/></method><method name="signIn" desc="(Lch/colabproject/colab/api/model/user/AuthInfo;)V" line="842"><counter type="INSTRUCTION" missed="0" covered="28"/><counter type="LINE" missed="0" covered="4"/><counter type="COMPLEXITY" missed="0" covered="1"/><counter type="METHOD" missed="0" covered="1"/></method><method name="signOut" desc="()V" line="854"><counter type="INSTRUCTION" missed="0" covered="27"/><counter type="LINE" missed="0" covered="4"/><counter type="COMPLEXITY" missed="0" covered="1"/><counter type="METHOD" missed="0" covered="1"/></method><method name="getActiveSessions" desc="()Ljava/util/List;" line="868"><counter type="INSTRUCTION" missed="0" covered="27"/><counter type="LINE" missed="0" covered="3"/><counter type="COMPLEXITY" missed="0" covered="1"/><counter type="METHOD" missed="0" covered="1"/></method><method name="forceLogout" desc="(Ljava/lang/Long;)V" line="882"><counter type="INSTRUCTION" missed="0" covered="32"/><counter type="LINE" missed="0" covered="4"/><counter type="COMPLEXITY" missed="0" covered="1"/><counter type="METHOD" missed="0" covered="1"/></method><method name="updateUser" desc="(Lch/colabproject/colab/api/model/user/User;)V" line="898"><counter type="INSTRUCTION" missed="0" covered="28"/><counter type="LINE" missed="0" covered="4"/><counter type="COMPLEXITY" missed="0" covered="1"/><counter type="METHOD" missed="0" covered="1"/></method><method name="grantAdminRight" desc="(Ljava/lang/Long;)V" line="912"><counter type="INSTRUCTION" missed="0" covered="32"/><counter type="LINE" missed="0" covered="4"/><counter type="COMPLEXITY" missed="0" covered="1"/><counter type="METHOD" missed="0" covered="1"/></method><method name="revokeAdminRight" desc="(Ljava/lang/Long;)V" line="926"><counter type="INSTRUCTION" missed="0" covered="32"/><counter type="LINE" missed="0" covered="4"/><counter type="COMPLEXITY" missed="0" covered="1"/><counter type="METHOD" missed="0" covered="1"/></method><method name="updateLocalAccountPassword" desc="(Lch/colabproject/colab/api/model/user/AuthInfo;)V" line="942"><counter type="INSTRUCTION" missed="0" covered="28"/><counter type="LINE" missed="0" covered="4"/><counter type="COMPLEXITY" missed="0" covered="1"/><counter type="METHOD" missed="0" covered="1"/></method><method name="requestPasswordReset" desc="(Ljava/lang/String;)V" line="957"><counter type="INSTRUCTION" missed="32" covered="0"/><counter type="LINE" missed="4" covered="0"/><counter type="COMPLEXITY" missed="1" covered="0"/><counter type="METHOD" missed="1" covered="0"/></method><method name="updateLocalAccountEmailAddress" desc="(Lch/colabproject/colab/api/model/user/LocalAccount;)V" line="973"><counter type="INSTRUCTION" missed="28" covered="0"/><counter type="LINE" missed="4" covered="0"/><counter type="COMPLEXITY" missed="1" covered="0"/><counter type="METHOD" missed="1" covered="0"/></method><method name="switchClientHashMethod" desc="(Ljava/lang/Long;)V" line="987"><counter type="INSTRUCTION" missed="0" covered="32"/><counter type="LINE" missed="0" covered="4"/><counter type="COMPLEXITY" missed="0" covered="1"/><counter type="METHOD" missed="0" covered="1"/></method><method name="switchServerHashMethod" desc="(Ljava/lang/Long;)V" line="1001"><counter type="INSTRUCTION" missed="0" covered="32"/><counter type="LINE" missed="0" covered="4"/><counter type="COMPLEXITY" missed="0" covered="1"/><counter type="METHOD" missed="0" covered="1"/></method><counter type="INSTRUCTION" missed="103" covered="461"/><counter type="LINE" missed="12" covered="58"/><counter type="COMPLEXITY" missed="3" covered="17"/><counter type="METHOD" missed="3" covered="17"/><counter type="CLASS" missed="0" covered="1"/></class><class name="ch/colabproject/colab/client/ColabClient$WebsocketRestEndpointClientImpl" sourcefilename="ColabClient.java"><method name="&lt;init&gt;" desc="(Lch/colabproject/colab/client/ColabClient;)V" line="2339"><counter type="INSTRUCTION" missed="0" covered="6"/><counter type="LINE" missed="0" covered="1"/><counter type="COMPLEXITY" missed="0" covered="1"/><counter type="METHOD" missed="0" covered="1"/></method><method name="subscribeToUserChannel" desc="(Lch/colabproject/colab/api/ws/message/WsSessionIdentifier;)V" line="2350"><counter type="INSTRUCTION" missed="0" covered="28"/><counter type="LINE" missed="0" covered="4"/><counter type="COMPLEXITY" missed="0" covered="1"/><counter type="METHOD" missed="0" covered="1"/></method><method name="unsubscribeFromUserChannel" desc="(Lch/colabproject/colab/api/ws/message/WsSessionIdentifier;)V" line="2364"><counter type="INSTRUCTION" missed="28" covered="0"/><counter type="LINE" missed="4" covered="0"/><counter type="COMPLEXITY" missed="1" covered="0"/><counter type="METHOD" missed="1" covered="0"/></method><method name="subscribeToProjectChannel" desc="(Ljava/lang/Long;Lch/colabproject/colab/api/ws/message/WsSessionIdentifier;)V" line="2379"><counter type="INSTRUCTION" missed="0" covered="33"/><counter type="LINE" missed="0" covered="4"/><counter type="COMPLEXITY" missed="0" covered="1"/><counter type="METHOD" missed="0" covered="1"/></method><method name="unsubscribeFromProjectChannel" desc="(Ljava/lang/Long;Lch/colabproject/colab/api/ws/message/WsSessionIdentifier;)V" line="2394"><counter type="INSTRUCTION" missed="33" covered="0"/><counter type="LINE" missed="4" covered="0"/><counter type="COMPLEXITY" missed="1" covered="0"/><counter type="METHOD" missed="1" covered="0"/></method><method name="subscribeToBlockChannel" desc="(Ljava/lang/Long;Lch/colabproject/colab/api/ws/message/WsSessionIdentifier;)V" line="2409"><counter type="INSTRUCTION" missed="33" covered="0"/><counter type="LINE" missed="4" covered="0"/><counter type="COMPLEXITY" missed="1" covered="0"/><counter type="METHOD" missed="1" covered="0"/></method><method name="unsubscribeFromBlockChannel" desc="(Ljava/lang/Long;Lch/colabproject/colab/api/ws/message/WsSessionIdentifier;)V" line="2424"><counter type="INSTRUCTION" missed="33" covered="0"/><counter type="LINE" missed="4" covered="0"/><counter type="COMPLEXITY" missed="1" covered="0"/><counter type="METHOD" missed="1" covered="0"/></method><method name="getExistingChannels" desc="()Ljava/util/Map;" line="2438"><counter type="INSTRUCTION" missed="16" covered="11"/><counter type="LINE" missed="1" covered="2"/><counter type="COMPLEXITY" missed="0" covered="1"/><counter type="METHOD" missed="0" covered="1"/></method><method name="subscribeToBroadcastChannel" desc="(Lch/colabproject/colab/api/ws/message/WsSessionIdentifier;)V" line="2452"><counter type="INSTRUCTION" missed="0" covered="28"/><counter type="LINE" missed="0" covered="4"/><counter type="COMPLEXITY" missed="0" covered="1"/><counter type="METHOD" missed="0" covered="1"/></method><method name="unsubscribeFromBroadcastChannel" desc="(Lch/colabproject/colab/api/ws/message/WsSessionIdentifier;)V" line="2466"><counter type="INSTRUCTION" missed="28" covered="0"/><counter type="LINE" missed="4" covered="0"/><counter type="COMPLEXITY" missed="1" covered="0"/><counter type="METHOD" missed="1" covered="0"/></method><counter type="INSTRUCTION" missed="171" covered="106"/><counter type="LINE" missed="21" covered="15"/><counter type="COMPLEXITY" missed="5" covered="5"/><counter type="METHOD" missed="5" covered="5"/><counter type="CLASS" missed="0" covered="1"/></class><class name="ch/colabproject/colab/client/ColabClient$MonitoringRestEndpointClientImpl" sourcefilename="ColabClient.java"><method name="&lt;init&gt;" desc="(Lch/colabproject/colab/client/ColabClient;)V" line="1716"><counter type="INSTRUCTION" missed="0" covered="6"/><counter type="LINE" missed="0" covered="1"/><counter type="COMPLEXITY" missed="0" covered="1"/><counter type="METHOD" missed="0" covered="1"/></method><method name="changeLoggerLevel" desc="(Ljava/lang/String;Ljava/lang/String;)V" line="1729"><counter type="INSTRUCTION" missed="16" covered="21"/><counter type="LINE" missed="2" covered="2"/><counter type="COMPLEXITY" missed="0" covered="1"/><counter type="METHOD" missed="0" covered="1"/></method><method name="getLoggerLevels" desc="()Ljava/util/Map;" line="1743"><counter type="INSTRUCTION" missed="16" covered="11"/><counter type="LINE" missed="1" covered="2"/><counter type="COMPLEXITY" missed="0" covered="1"/><counter type="METHOD" missed="0" covered="1"/></method><method name="getVersion" desc="()Lch/colabproject/colab/api/controller/monitoring/VersionDetails;" line="1757"><counter type="INSTRUCTION" missed="27" covered="0"/><counter type="LINE" missed="3" covered="0"/><counter type="COMPLEXITY" missed="1" covered="0"/><counter type="METHOD" missed="1" covered="0"/></method><method name="getStatus" desc="()Ljava/lang/String;" line="1771"><counter type="INSTRUCTION" missed="27" covered="0"/><counter type="LINE" missed="3" covered="0"/><counter type="COMPLEXITY" missed="1" covered="0"/><counter type="METHOD" missed="1" covered="0"/></method><counter type="INSTRUCTION" missed="86" covered="38"/><counter type="LINE" missed="9" covered="5"/><counter type="COMPLEXITY" missed="2" covered="3"/><counter type="METHOD" missed="2" covered="3"/><counter type="CLASS" missed="0" covered="1"/></class><class name="ch/colabproject/colab/client/ColabClient$CardRestEndpointClientImpl$6" sourcefilename="ColabClient.java"><method name="&lt;init&gt;" desc="(Lch/colabproject/colab/client/ColabClient$CardRestEndpointClientImpl;)V" line="2183"><counter type="INSTRUCTION" missed="6" covered="0"/><counter type="LINE" missed="1" covered="0"/><counter type="COMPLEXITY" missed="1" covered="0"/><counter type="METHOD" missed="1" covered="0"/></method><counter type="INSTRUCTION" missed="6" covered="0"/><counter type="LINE" missed="1" covered="0"/><counter type="COMPLEXITY" missed="1" covered="0"/><counter type="METHOD" missed="1" covered="0"/><counter type="CLASS" missed="1" covered="0"/></class><class name="ch/colabproject/colab/client/ColabClient$CardRestEndpointClientImpl$5" sourcefilename="ColabClient.java"><method name="&lt;init&gt;" desc="(Lch/colabproject/colab/client/ColabClient$CardRestEndpointClientImpl;)V" line="2167"><counter type="INSTRUCTION" missed="0" covered="6"/><counter type="LINE" missed="0" covered="1"/><counter type="COMPLEXITY" missed="0" covered="1"/><counter type="METHOD" missed="0" covered="1"/></method><counter type="INSTRUCTION" missed="0" covered="6"/><counter type="LINE" missed="0" covered="1"/><counter type="COMPLEXITY" missed="0" covered="1"/><counter type="METHOD" missed="0" covered="1"/><counter type="CLASS" missed="0" covered="1"/></class><class name="ch/colabproject/colab/client/ColabClient$CardRestEndpointClientImpl$4" sourcefilename="ColabClient.java"><method name="&lt;init&gt;" desc="(Lch/colabproject/colab/client/ColabClient$CardRestEndpointClientImpl;)V" line="2151"><counter type="INSTRUCTION" missed="0" covered="6"/><counter type="LINE" missed="0" covered="1"/><counter type="COMPLEXITY" missed="0" covered="1"/><counter type="METHOD" missed="0" covered="1"/></method><counter type="INSTRUCTION" missed="0" covered="6"/><counter type="LINE" missed="0" covered="1"/><counter type="COMPLEXITY" missed="0" covered="1"/><counter type="METHOD" missed="0" covered="1"/><counter type="CLASS" missed="0" covered="1"/></class><class name="ch/colabproject/colab/client/ColabClient$CardRestEndpointClientImpl$3" sourcefilename="ColabClient.java"><method name="&lt;init&gt;" desc="(Lch/colabproject/colab/client/ColabClient$CardRestEndpointClientImpl;)V" line="2135"><counter type="INSTRUCTION" missed="0" covered="6"/><counter type="LINE" missed="0" covered="1"/><counter type="COMPLEXITY" missed="0" covered="1"/><counter type="METHOD" missed="0" covered="1"/></method><counter type="INSTRUCTION" missed="0" covered="6"/><counter type="LINE" missed="0" covered="1"/><counter type="COMPLEXITY" missed="0" covered="1"/><counter type="METHOD" missed="0" covered="1"/><counter type="CLASS" missed="0" covered="1"/></class><class name="ch/colabproject/colab/client/ColabClient$CardRestEndpointClientImpl$2" sourcefilename="ColabClient.java"><method name="&lt;init&gt;" desc="(Lch/colabproject/colab/client/ColabClient$CardRestEndpointClientImpl;)V" line="2119"><counter type="INSTRUCTION" missed="0" covered="6"/><counter type="LINE" missed="0" covered="1"/><counter type="COMPLEXITY" missed="0" covered="1"/><counter type="METHOD" missed="0" covered="1"/></method><counter type="INSTRUCTION" missed="0" covered="6"/><counter type="LINE" missed="0" covered="1"/><counter type="COMPLEXITY" missed="0" covered="1"/><counter type="METHOD" missed="0" covered="1"/><counter type="CLASS" missed="0" covered="1"/></class><class name="ch/colabproject/colab/client/ColabClient$CardRestEndpointClientImpl$1" sourcefilename="ColabClient.java"><method name="&lt;init&gt;" desc="(Lch/colabproject/colab/client/ColabClient$CardRestEndpointClientImpl;)V" line="1955"><counter type="INSTRUCTION" missed="0" covered="6"/><counter type="LINE" missed="0" covered="1"/><counter type="COMPLEXITY" missed="0" covered="1"/><counter type="METHOD" missed="0" covered="1"/></method><counter type="INSTRUCTION" missed="0" covered="6"/><counter type="LINE" missed="0" covered="1"/><counter type="COMPLEXITY" missed="0" covered="1"/><counter type="METHOD" missed="0" covered="1"/><counter type="CLASS" missed="0" covered="1"/></class><class name="ch/colabproject/colab/client/ColabClient$TokenRestEndpointClientImpl" sourcefilename="ColabClient.java"><method name="&lt;init&gt;" desc="(Lch/colabproject/colab/client/ColabClient;)V" line="3038"><counter type="INSTRUCTION" missed="0" covered="6"/><counter type="LINE" missed="0" covered="1"/><counter type="COMPLEXITY" missed="0" covered="1"/><counter type="METHOD" missed="0" covered="1"/></method><method name="consumeToken" desc="(Ljava/lang/Long;Ljava/lang/String;)Lch/colabproject/colab/api/model/token/Token;" line="3059"><counter type="INSTRUCTION" missed="0" covered="37"/><counter type="LINE" missed="0" covered="3"/><counter type="COMPLEXITY" missed="0" covered="1"/><counter type="METHOD" missed="0" covered="1"/></method><method name="getToken" desc="(Ljava/lang/Long;)Lch/colabproject/colab/api/model/token/Token;" line="3079"><counter type="INSTRUCTION" missed="0" covered="32"/><counter type="LINE" missed="0" covered="3"/><counter type="COMPLEXITY" missed="0" covered="1"/><counter type="METHOD" missed="0" covered="1"/></method><counter type="INSTRUCTION" missed="0" covered="75"/><counter type="LINE" missed="0" covered="7"/><counter type="COMPLEXITY" missed="0" covered="3"/><counter type="METHOD" missed="0" covered="3"/><counter type="CLASS" missed="0" covered="1"/></class><class name="ch/colabproject/colab/client/ColabClient$ConfigRestEndpointClientImpl" sourcefilename="ColabClient.java"><method name="&lt;init&gt;" desc="(Lch/colabproject/colab/client/ColabClient;)V" line="2304"><counter type="INSTRUCTION" missed="0" covered="6"/><counter type="LINE" missed="0" covered="1"/><counter type="COMPLEXITY" missed="0" covered="1"/><counter type="METHOD" missed="0" covered="1"/></method><method name="getAccountConfig" desc="()Lch/colabproject/colab/api/rest/config/bean/AccountConfig;" line="2315"><counter type="INSTRUCTION" missed="27" covered="0"/><counter type="LINE" missed="3" covered="0"/><counter type="COMPLEXITY" missed="1" covered="0"/><counter type="METHOD" missed="1" covered="0"/></method><counter type="INSTRUCTION" missed="27" covered="6"/><counter type="LINE" missed="3" covered="1"/><counter type="COMPLEXITY" missed="1" covered="1"/><counter type="METHOD" missed="1" covered="1"/>
[...]
i="0" ci="2" mb="0" cb="0"/><line nr="38" mi="0" ci="4" mb="0" cb="0"/><line nr="39" mi="0" ci="3" mb="0" cb="0"/><line nr="46" mi="0" ci="3" mb="0" cb="0"/><counter type="INSTRUCTION" missed="0" covered="15"/><counter type="LINE" missed="0" covered="5"/><counter type="COMPLEXITY" missed="0" covered="3"/><counter type="METHOD" missed="0" covered="3"/><counter type="CLASS" missed="0" covered="1"/></sourcefile><sourcefile name="ClassDoc.java"><line nr="18" mi="0" ci="2" mb="0" cb="0"/><line nr="36" mi="0" ci="5" mb="0" cb="0"/><line nr="40" mi="0" ci="6" mb="0" cb="0"/><line nr="48" mi="3" ci="0" mb="0" cb="0"/><line nr="57" mi="0" ci="3" mb="0" cb="0"/><line nr="58" mi="0" ci="1" mb="0" cb="0"/><line nr="66" mi="3" ci="0" mb="0" cb="0"/><line nr="75" mi="0" ci="3" mb="0" cb="0"/><line nr="76" mi="0" ci="1" mb="0" cb="0"/><line nr="84" mi="3" ci="0" mb="0" cb="0"/><line nr="93" mi="0" ci="3" mb="0" cb="0"/><line nr="94" mi="0" ci="1" mb="0" cb="0"/><line nr="102" mi="3" ci="0" mb="0" cb="0"/><line nr="111" mi="0" ci="3" mb="0" cb="0"/><line nr="112" mi="0" ci="1" mb="0" cb="0"/><line nr="120" mi="3" ci="0" mb="0" cb="0"/><line nr="129" mi="0" ci="3" mb="0" cb="0"/><line nr="130" mi="0" ci="1" mb="0" cb="0"/><line nr="139" mi="6" ci="0" mb="0" cb="0"/><counter type="INSTRUCTION" missed="21" covered="33"/><counter type="LINE" missed="6" covered="13"/><counter type="COMPLEXITY" missed="6" covered="6"/><counter type="METHOD" missed="6" covered="6"/><counter type="CLASS" missed="0" covered="1"/></sourcefile><counter type="INSTRUCTION" missed="313" covered="173"/><counter type="BRANCH" missed="27" covered="3"/><counter type="LINE" missed="77" covered="50"/><counter type="COMPLEXITY" missed="28" covered="20"/><counter type="METHOD" missed="14" covered="19"/><counter type="CLASS" missed="0" covered="6"/></package><package name="ch/colabproject/colab/generator/model/interfaces"><class name="ch/colabproject/colab/generator/model/interfaces/WithId" sourcefilename="WithId.java"/><class name="ch/colabproject/colab/generator/model/interfaces/WithJsonDiscriminator" sourcefilename="WithJsonDiscriminator.java"><method name="getJsonDiscriminator" desc="(Ljava/lang/Class;)Ljava/lang/String;" line="35"><counter type="INSTRUCTION" missed="3" covered="10"/><counter type="BRANCH" missed="1" covered="1"/><counter type="LINE" missed="1" covered="3"/><counter type="COMPLEXITY" missed="1" covered="1"/><counter type="METHOD" missed="0" covered="1"/></method><method name="getJsonDiscriminator" desc="()Ljava/lang/String;" line="51"><counter type="INSTRUCTION" missed="0" covered="4"/><counter type="LINE" missed="0" covered="1"/><counter type="COMPLEXITY" missed="0" covered="1"/><counter type="METHOD" missed="0" covered="1"/></method><counter type="INSTRUCTION" missed="3" covered="14"/><counter type="BRANCH" missed="1" covered="1"/><counter type="LINE" missed="1" covered="4"/><counter type="COMPLEXITY" missed="1" covered="2"/><counter type="METHOD" missed="0" covered="2"/><counter type="CLASS" missed="0" covered="1"/></class><sourcefile name="WithJsonDiscriminator.java"><line nr="35" mi="0" ci="5" mb="0" cb="0"/><line nr="37" mi="0" ci="2" mb="1" cb="1"/><line nr="38" mi="3" ci="0" mb="0" cb="0"/><line nr="40" mi="0" ci="3" mb="0" cb="0"/><line nr="51" mi="0" ci="4" mb="0" cb="0"/><counter type="INSTRUCTION" missed="3" covered="14"/><counter type="BRANCH" missed="1" covered="1"/><counter type="LINE" missed="1" covered="4"/><counter type="COMPLEXITY" missed="1" covered="2"/><counter type="METHOD" missed="0" covered="2"/><counter type="CLASS" missed="0" covered="1"/></sourcefile><sourcefile name="WithId.java"/><counter type="INSTRUCTION" missed="3" covered="14"/><counter type="BRANCH" missed="1" covered="1"/><counter type="LINE" missed="1" covered="4"/><counter type="COMPLEXITY" missed="1" covered="2"/><counter type="METHOD" missed="0" covered="2"/><counter type="CLASS" missed="0" covered="1"/></package><package name="ch/colabproject/colab/generator/model/exceptions"><class name="ch/colabproject/colab/generator/model/exceptions/HttpErrorMessage" sourcefilename="HttpErrorMessage.java"><method name="&lt;init&gt;" desc="()V" line="61"><counter type="INSTRUCTION" missed="0" covered="5"/><counter type="LINE" missed="0" covered="2"/><counter type="COMPLEXITY" missed="0" covered="1"/><counter type="METHOD" missed="0" covered="1"/></method><method name="&lt;init&gt;" desc="(Lch/colabproject/colab/generator/model/exceptions/HttpErrorMessage$MessageCode;)V" line="70"><counter type="INSTRUCTION" missed="0" covered="5"/><counter type="LINE" missed="0" covered="2"/><counter type="COMPLEXITY" missed="0" covered="1"/><counter type="METHOD" missed="0" covered="1"/></method><method name="&lt;init&gt;" desc="(Ljavax/ws/rs/core/Response$Status;Lch/colabproject/colab/generator/model/exceptions/HttpErrorMessage$MessageCode;)V" line="80"><counter type="INSTRUCTION" missed="0" covered="7"/><counter type="LINE" missed="0" covered="3"/><counter type="COMPLEXITY" missed="0" covered="1"/><counter type="METHOD" missed="0" covered="1"/></method><method name="&lt;init&gt;" desc="(Ljavax/ws/rs/core/Response$Status;Lch/colabproject/colab/generator/model/exceptions/HttpErrorMessage$MessageCode;Lch/colabproject/colab/generator/model/exceptions/MessageI18nKey;)V" line="93"><counter type="INSTRUCTION" missed="8" covered="0"/><counter type="LINE" missed="3" covered="0"/><counter type="COMPLEXITY" missed="1" covered="0"/><counter type="METHOD" missed="1" covered="0"/></method><method name="&lt;init&gt;" desc="(Lch/colabproject/colab/generator/model/exceptions/HttpErrorMessage$MessageCode;Lch/colabproject/colab/generator/model/exceptions/MessageI18nKey;)V" line="104"><counter type="INSTRUCTION" missed="0" covered="7"/><counter type="LINE" missed="0" covered="3"/><counter type="COMPLEXITY" missed="0" covered="1"/><counter type="METHOD" missed="0" covered="1"/></method><method name="getMessageCode" desc="()Lch/colabproject/colab/generator/model/exceptions/HttpErrorMessage$MessageCode;" line="112"><counter type="INSTRUCTION" missed="0" covered="3"/><counter type="LINE" missed="0" covered="1"/><counter type="COMPLEXITY" missed="0" covered="1"/><counter type="METHOD" missed="0" covered="1"/></method><method name="setMessageCode" desc="(Lch/colabproject/colab/generator/model/exceptions/HttpErrorMessage$MessageCode;)V" line="121"><counter type="INSTRUCTION" missed="0" covered="4"/><counter type="LINE" missed="0" covered="2"/><counter type="COMPLEXITY" missed="0" covered="1"/><counter type="METHOD" missed="0" covered="1"/></method><method name="getMessageI18nKey" desc="()Lch/colabproject/colab/generator/model/exceptions/MessageI18nKey;" line="128"><counter type="INSTRUCTION" missed="0" covered="3"/><counter type="LINE" missed="0" covered="1"/><counter type="COMPLEXITY" missed="0" covered="1"/><counter type="METHOD" missed="0" covered="1"/></method><method name="setMessageI18nKey" desc="(Lch/colabproject/colab/generator/model/exceptions/MessageI18nKey;)V" line="135"><counter type="INSTRUCTION" missed="0" covered="4"/><counter type="LINE" missed="0" covered="2"/><counter type="COMPLEXITY" missed="0" covered="1"/><counter type="METHOD" missed="0" covered="1"/></method><method name="badRequest" desc="()Lch/colabproject/colab/generator/model/exceptions/HttpErrorMessage;" line="142"><counter type="INSTRUCTION" missed="0" covered="5"/><counter type="LINE" missed="0" covered="1"/><counter type="COMPLEXITY" missed="0" covered="1"/><counter type="METHOD" missed="0" covered="1"/></method><method name="notFound" desc="()Lch/colabproject/colab/generator/model/exceptions/HttpErrorMessage;" line="149"><counter type="INSTRUCTION" missed="6" covered="0"/><counter type="LINE" missed="1" covered="0"/><counter type="COMPLEXITY" missed="1" covered="0"/><counter type="METHOD" missed="1" covered="0"/></method><method name="forbidden" desc="()Lch/colabproject/colab/generator/model/exceptions/HttpErrorMessage;" line="157"><counter type="INSTRUCTION" missed="0" covered="6"/><counter type="LINE" missed="0" covered="1"/><counter type="COMPLEXITY" missed="0" covered="1"/><counter type="METHOD" missed="0" covered="1"/></method><method name="authenticationRequired" desc="()Lch/colabproject/colab/generator/model/exceptions/HttpErrorMessage;" line="165"><counter type="INSTRUCTION" missed="0" covered="6"/><counter type="LINE" missed="0" covered="1"/><counter type="COMPLEXITY" missed="0" covered="1"/><counter type="METHOD" missed="0" covered="1"/></method><method name="smtpError" desc="()Lch/colabproject/colab/generator/model/exceptions/HttpErrorMessage;" line="173"><counter type="INSTRUCTION" missed="5" covered="0"/><counter type="LINE" missed="1" covered="0"/><counter type="COMPLEXITY" missed="1" covered="0"/><counter type="METHOD" missed="1" covered="0"/></method><method name="emailMessageError" desc="()Lch/colabproject/colab/generator/model/exceptions/HttpErrorMessage;" line="180"><counter type="INSTRUCTION" missed="5" covered="0"/><counter type="LINE" missed="1" covered="0"/><counter type="COMPLEXITY" missed="1" covered="0"/><counter type="METHOD" missed="1" covered="0"/></method><method name="relatedObjectNotFoundError" desc="()Lch/colabproject/colab/generator/model/exceptions/HttpErrorMessage;" line="187"><counter type="INSTRUCTION" missed="0" covered="5"/><counter type="LINE" missed="0" covered="1"/><counter type="COMPLEXITY" missed="0" covered="1"/><counter type="METHOD" missed="0" covered="1"/></method><method name="dataIntegrityFailure" desc="()Lch/colabproject/colab/generator/model/exceptions/HttpErrorMessage;" line="194"><counter type="INSTRUCTION" missed="0" covered="5"/><counter type="LINE" missed="0" covered="1"/><counter type="COMPLEXITY" missed="0" covered="1"/><counter type="METHOD" missed="0" covered="1"/></method><method name="internalServerError" desc="()Lch/colabproject/colab/generator/model/exceptions/HttpErrorMessage;" line="201"><counter type="INSTRUCTION" missed="6" covered="0"/><counter type="LINE" missed="1" covered="0"/><counter type="COMPLEXITY" missed="1" covered="0"/><counter type="METHOD" missed="1" covered="0"/></method><method name="projectQuotaExceededError" desc="()Lch/colabproject/colab/generator/model/exceptions/HttpErrorMessage;" line="209"><counter type="INSTRUCTION" missed="6" covered="0"/><counter type="LINE" missed="1" covered="0"/><counter type="COMPLEXITY" missed="1" covered="0"/><counter type="METHOD" missed="1" covered="0"/></method><method name="fileSizeLimitExceededError" desc="()Lch/colabproject/colab/generator/model/exceptions/HttpErrorMessage;" line="217"><counter type="INSTRUCTION" missed="6" covered="0"/><counter type="LINE" missed="1" covered="0"/><counter type="COMPLEXITY" missed="1" covered="0"/><counter type="METHOD" missed="1" covered="0"/></method><method name="authenticationFailed" desc="()Lch/colabproject/colab/generator/model/exceptions/HttpErrorMessage;" line="227"><counter type="INSTRUCTION" missed="0" covered="5"/><counter type="LINE" missed="0" covered="1"/><counter type="COMPLEXITY" missed="0" covered="1"/><counter type="METHOD" missed="0" covered="1"/></method><method name="tooManyAttempts" desc="()Lch/colabproject/colab/generator/model/exceptions/HttpErrorMessage;" line="234"><counter type="INSTRUCTION" missed="6" covered="0"/><counter type="LINE" missed="1" covered="0"/><counter type="COMPLEXITY" missed="1" covered="0"/><counter type="METHOD" missed="1" covered="0"/></method><method name="signUpFailed" desc="(Lch/colabproject/colab/generator/model/exceptions/MessageI18nKey;)Lch/colabproject/colab/generator/model/exceptions/HttpErrorMessage;" line="244"><counter type="INSTRUCTION" missed="0" covered="6"/><counter type="LINE" missed="0" covered="1"/><counter type="COMPLEXITY" missed="0" covered="1"/><counter type="METHOD" missed="0" covered="1"/></method><method name="tokenProcessingFailure" desc="(Lch/colabproject/colab/generator/model/exceptions/MessageI18nKey;)Lch/colabproject/colab/generator/model/exceptions/HttpErrorMessage;" line="253"><counter type="INSTRUCTION" missed="6" covered="0"/><counter type="LINE" missed="1" covered="0"/><counter type="COMPLEXITY" missed="1" covered="0"/><counter type="METHOD" missed="1" covered="0"/></method><counter type="INSTRUCTION" missed="54" covered="76"/><counter type="LINE" missed="11" covered="23"/><counter type="COMPLEXITY" missed="9" covered="15"/><counter type="METHOD" missed="9" covered="15"/><counter type="CLASS" missed="0" covered="1"/></class><class name="ch/colabproject/colab/generator/model/exceptions/HttpException" sourcefilename="HttpException.java"><method name="&lt;init&gt;" desc="()V" line="36"><counter type="INSTRUCTION" missed="4" covered="0"/><counter type="LINE" missed="2" covered="0"/><counter type="COMPLEXITY" missed="1" covered="0"/><counter type="METHOD" missed="1" covered="0"/></method><method name="&lt;init&gt;" desc="(Ljavax/ws/rs/core/Response$Status;)V" line="44"><counter type="INSTRUCTION" missed="0" covered="6"/><counter type="LINE" missed="0" covered="3"/><counter type="COMPLEXITY" missed="0" covered="1"/><counter type="METHOD" missed="0" covered="1"/></method><method name="getCause" desc="()Ljava/lang/Throwable;" line="51"><counter type="INSTRUCTION" missed="0" covered="3"/><counter type="LINE" missed="0" covered="1"/><counter type="COMPLEXITY" missed="0" covered="1"/><counter type="METHOD" missed="0" covered="1"/></method><method name="getStackTrace" desc="()[Ljava/lang/StackTraceElement;" line="57"><counter type="INSTRUCTION" missed="3" covered="0"/><counter type="LINE" missed="1" covered="0"/><counter type="COMPLEXITY" missed="1" covered="0"/><counter type="METHOD" missed="1" covered="0"/></method><method name="getHttpStatus" desc="()Ljavax/ws/rs/core/Response$Status;" line="67"><counter type="INSTRUCTION" missed="0" covered="3"/><counter type="LINE" missed="0" covered="1"/><counter type="COMPLEXITY" missed="0" covered="1"/><counter type="METHOD" missed="0" covered="1"/></method><counter type="INSTRUCTION" missed="7" covered="12"/><counter type="LINE" missed="3" covered="5"/><counter type="COMPLEXITY" missed="2" covered="3"/><counter type="METHOD" missed="2" covered="3"/><counter type="CLASS" missed="0" covered="1"/></class><class name="ch/colabproject/colab/generator/model/exceptions/MessageI18nKey" sourcefilename="MessageI18nKey.java"><method name="&lt;clinit&gt;" desc="()V" line="14"><counter type="INSTRUCTION" missed="0" covered="44"/><counter type="LINE" missed="0" covered="5"/><counter type="COMPLEXITY" missed="0" covered="1"/><counter type="METHOD" missed="0" covered="1"/></method><counter type="INSTRUCTION" missed="0" covered="44"/><counter type="LINE" missed="0" covered="5"/><counter type="COMPLEXITY" missed="0" covered="1"/><counter type="METHOD" missed="0" covered="1"/><counter type="CLASS" missed="0" covered="1"/></class><class name="ch/colabproject/colab/generator/model/exceptions/HttpErrorMessage$MessageCode" sourcefilename="HttpErrorMessage.java"><method name="&lt;clinit&gt;" desc="()V" line="25"><counter type="INSTRUCTION" missed="0" covered="154"/><counter type="LINE" missed="0" covered="16"/><counter type="COMPLEXITY" missed="0" covered="1"/><counter type="METHOD" missed="0" covered="1"/></method><counter type="INSTRUCTION" missed="0" covered="154"/><counter type="LINE" missed="0" covered="16"/><counter type="COMPLEXITY" missed="0" covered="1"/><counter type="METHOD" missed="0" covered="1"/><counter type="CLASS" missed="0" covered="1"/></class><sourcefile name="HttpException.java"><line nr="36" mi="3" ci="0" mb="0" cb="0"/><line nr="37" mi="1" ci="0" mb="0" cb="0"/><line nr="44" mi="0" ci="2" mb="0" cb="0"/><line nr="45" mi="0" ci="3" mb="0" cb="0"/><line nr="46" mi="0" ci="1" mb="0" cb="0"/><line nr="51" mi="0" ci="3" mb="0" cb="0"/><line nr="57" mi="3" ci="0" mb="0" cb="0"/><line nr="67" mi="0" ci="3" mb="0" cb="0"/><counter type="INSTRUCTION" missed="7" covered="12"/><counter type="LINE" missed="3" covered="5"/><counter type="COMPLEXITY" missed="2" covered="3"/><counter type="METHOD" missed="2" covered="3"/><counter type="CLASS" missed="0" covered="1"/></sourcefile><sourcefile name="MessageI18nKey.java"><line nr="14" mi="0" ci="20" mb="0" cb="0"/><line nr="17" mi="0" ci="6" mb="0" cb="0"/><line nr="18" mi="0" ci="6" mb="0" cb="0"/><line nr="20" mi="0" ci="6" mb="0" cb="0"/><line nr="21" mi="0" ci="6" mb="0" cb="0"/><counter type="INSTRUCTION" missed="0" covered="44"/><counter type="LINE" missed="0" covered="5"/><counter type="COMPLEXITY" missed="0" covered="1"/><counter type="METHOD" missed="0" covered="1"/><counter type="CLASS" missed="0" covered="1"/></sourcefile><sourcefile name="HttpErrorMessage.java"><line nr="25" mi="0" ci="64" mb="0" cb="0"/><line nr="26" mi="0" ci="6" mb="0" cb="0"/><line nr="27" mi="0" ci="6" mb="0" cb="0"/><line nr="28" mi="0" ci="6" mb="0" cb="0"/><line nr="29" mi="0" ci="6" mb="0" cb="0"/><line nr="30" mi="0" ci="6" mb="0" cb="0"/><line nr="31" mi="0" ci="6" mb="0" cb="0"/><line nr="32" mi="0" ci="6" mb="0" cb="0"/><line nr="33" mi="0" ci="6" mb="0" cb="0"/><line nr="34" mi="0" ci="6" mb="0" cb="0"/><line nr="35" mi="0" ci="6" mb="0" cb="0"/><line nr="36" mi="0" ci="6" mb="0" cb="0"/><line nr="38" mi="0" ci="6" mb="0" cb="0"/><line nr="40" mi="0" ci="6" mb="0" cb="0"/><line nr="42" mi="0" ci="6" mb="0" cb="0"/><line nr="44" mi="0" ci="6" mb="0" cb="0"/><line nr="61" mi="0" ci="4" mb="0" cb="0"/><line nr="62" mi="0" ci="1" mb="0" cb="0"/><line nr="70" mi="0" ci="4" mb="0" cb="0"/><line nr="71" mi="0" ci="1" mb="0" cb="0"/><line nr="80" mi="0" ci="3" mb="0" cb="0"/><line nr="81" mi="0" ci="3" mb="0" cb="0"/><line nr="82" mi="0" ci="1" mb="0" cb="0"/><line nr="93" mi="4" ci="0" mb="0" cb="0"/><line nr="94" mi="3" ci="0" mb="0" cb="0"/><line nr="95" mi="1" ci="0" mb="0" cb="0"/><line nr="104" mi="0" ci="3" mb="0" cb="0"/><line nr="105" mi="0" ci="3" mb="0" cb="0"/><line nr="106" mi="0" ci="1" mb="0" cb="0"/><line nr="112" mi="0" ci="3" mb="0" cb="0"/><line nr="121" mi="0" ci="3" mb="0" cb="0"/><line nr="122" mi="0" ci="1" mb="0" cb="0"/><line nr="128" mi="0" ci="3" mb="0" cb="0"/><line nr="135" mi="0" ci="3" mb="0" cb="0"/><line nr="136" mi="0" ci="1" mb="0" cb="0"/><line nr="142" mi="0" ci="5" mb="0" cb="0"/><line nr="149" mi="6" ci="0" mb="0" cb="0"/><line nr="157" mi="0" ci="6" mb="0" cb="0"/><line nr="165" mi="0" ci="6" mb="0" cb="0"/><line nr="173" mi="5" ci="0" mb="0" cb="0"/><line nr="180" mi="5" ci="0" mb="0" cb="0"/><line nr="187" mi="0" ci="5" mb="0" cb="0"/><line nr="194" mi="0" ci="5" mb="0" cb="0"/><line nr="201" mi="6" ci="0" mb="0" cb="0"/><line nr="209" mi="6" ci="0" mb="0" cb="0"/><line nr="217" mi="6" ci="0" mb="0" cb="0"/><line nr="227" mi="0" ci="5" mb="0" cb="0"/><line nr="234" mi="6" ci="0" mb="0" cb="0"/><line nr="244" mi="0" ci="6" mb="0" cb="0"/><line nr="253" mi="6" ci="0" mb="0" cb="0"/><counter type="INSTRUCTION" missed="54" covered="230"/><counter type="LINE" missed="11" covered="39"/><counter type="COMPLEXITY" missed="9" covered="16"/><counter type="METHOD" missed="9" covered="16"/><counter type="CLASS" missed="0" covered="2"/></sourcefile><counter type="INSTRUCTION" missed="61" covered="286"/><counter type="LINE" missed="14" covered="49"/><counter type="COMPLEXITY" missed="11" covered="20"/><counter type="METHOD" missed="11" covered="20"/><counter type="CLASS" missed="0" covered="4"/></package><counter type="INSTRUCTION" missed="377" covered="473"/><counter type="BRANCH" missed="28" covered="4"/><counter type="LINE" missed="92" covered="103"/><counter type="COMPLEXITY" missed="40" covered="42"/><counter type="METHOD" missed="25" covered="41"/><counter type="CLASS" missed="0" covered="11"/></group><counter type="INSTRUCTION" missed="2332" covered="4550"/><counter type="BRANCH" missed="28" covered="4"/><counter type="LINE" missed="286" covered="558"/><counter type="COMPLEXITY" missed="104" covered="211"/><counter type="METHOD" missed="89" covered="210"/><counter type="CLASS" missed="10" covered="60"/></report>