GROUP,PACKAGE,CLASS,INSTRUCTION_MISSED,INSTRUCTION_COVERED,BRANCH_MISSED,BRANCH_COVERED,LINE_MISSED,LINE_COVERED,COMPLEXITY_MISSED,COMPLEXITY_COVERED,METHOD_MISSED,METHOD_COVERED
colab-api/client-generator-model,ch.colabproject.colab.generator.model.tools,JsonbProvider,15,0,0,0,5,0,3,0,3,0
colab-api/client-generator-model,ch.colabproject.colab.generator.model.tools,PolymorphicDeserializer,73,0,4,0,19,0,7,0,5,0
colab-api/client-generator-model,ch.colabproject.colab.generator.model.exceptions,HttpException,19,0,0,0,8,0,5,0,5,0
colab-api/client-generator-model,ch.colabproject.colab.generator.model.exceptions,HttpErrorMessage,67,0,0,0,18,0,13,0,13,0
colab-api/client-generator-model,ch.colabproject.colab.generator.model.exceptions,HttpErrorMessage.MessageCode,84,0,0,0,9,0,1,0,1,0
colab-api/client-generator-model,ch.colabproject.colab.generator.model.interfaces,WithJsonDiscriminator,17,0,2,0,5,0,3,0,2,0
