<?xml version="1.0" encoding="UTF-8"?>
<testsuites name="Mocha Tests" time="0.0000" tests="1" failures="1">
  <testsuite name="Root Suite" timestamp="2021-12-28T08:08:31" tests="0" file="cypress/integration/1-login/adminLogin.ts" time="0.0000" failures="0">
  </testsuite>
  <testsuite name="Dummy test" timestamp="2021-12-28T08:08:31" tests="1" time="0.0000" failures="1">
    <testcase name="Dummy test TryToLogin" time="0.0000" classname="TryToLogin">
      <failure message="`cy.type()` can only accept a string or number. You passed in: `undefined`

https://on.cypress.io/type" type="CypressError"><![CDATA[CypressError: `cy.type()` can only accept a string or number. You passed in: `undefined`

https://on.cypress.io/type
    at Context.type (http://localhost:8080/__cypress/runner/cypress_runner.js:153746:76)
    at Context.<anonymous> (http://localhost:8080/__cypress/runner/cypress_runner.js:172081:19)
From Your Spec Code:
    at Context.eval (http://localhost:8080/__cypress/tests?p=cypress/integration/1-login/adminLogin.ts:104:78)]]></failure>
    </testcase>
  </testsuite>
</testsuites>